{
  "stats": {
    "suites": 1,
    "tests": 7,
    "passes": 6,
    "pending": 2,
    "failures": -1,
    "start": "2025-06-01T12:55:12.294Z",
    "end": "2025-06-01T12:55:22.188Z",
    "duration": 9894,
    "testsRegistered": 8,
    "passPercent": 100,
    "pendingPercent": 25,
    "other": 1,
    "hasOther": true,
    "skipped": 0,
    "hasSkipped": false
  },
  "results": [
    {
      "uuid": "2056d31f-8e47-46c0-9a7d-608040e5d3a7",
      "title": "",
      "fullFile": "cypress\\integration\\backend\\backendTests.spec.js",
      "file": "cypress\\integration\\backend\\backendTests.spec.js",
      "beforeHooks": [],
      "afterHooks": [],
      "tests": [],
      "suites": [
        {
          "uuid": "0c439f0e-bfa9-4bd1-9019-efc89e7a4a73",
          "title": "Backend API Tests for Employee and Admin Role",
          "fullFile": "",
          "file": "",
          "beforeHooks": [],
          "afterHooks": [],
          "tests": [
            {
              "title": "should register a new employee",
              "fullTitle": "Backend API Tests for Employee and Admin Role should register a new employee",
              "timedOut": null,
              "duration": 1495,
              "state": "passed",
              "speed": "fast",
              "pass": true,
              "fail": false,
              "pending": false,
              "context": null,
              "code": "cy.request({\n  method: \"POST\",\n  url: `${apiUrl}/auth/register`,\n  body: {\n    username: employeeUsername,\n    email: employeeEmail,\n    password: employeePassword\n  },\n  failOnStatusCode: false\n}).then(response => {\n  logIfBadStatus(response, 201);\n  expect(response.status).to.eq(201);\n  expect(response.body).to.have.property(\"message\", \"User registered successfully\");\n});",
              "err": {},
              "uuid": "8ed87689-28f8-4297-9031-5d53a81340ce",
              "parentUUID": "0c439f0e-bfa9-4bd1-9019-efc89e7a4a73",
              "isHook": false,
              "skipped": false
            },
            {
              "title": "should login the employee with valid credentials",
              "fullTitle": "Backend API Tests for Employee and Admin Role should login the employee with valid credentials",
              "timedOut": null,
              "duration": 1548,
              "state": "passed",
              "speed": "fast",
              "pass": true,
              "fail": false,
              "pending": false,
              "context": null,
              "code": "cy.request({\n  method: \"POST\",\n  url: `${apiUrl}/auth/login`,\n  body: {\n    email: employeeEmail,\n    password: employeePassword\n  },\n  failOnStatusCode: false\n}).then(response => {\n  logIfBadStatus(response, 200);\n  expect(response.status).to.eq(200);\n  expect(response.body).to.have.property(\"token\");\n  Cypress.env(\"employeeAuthToken\", response.body.token);\n});",
              "err": {},
              "uuid": "4a6f0da3-3711-489c-a7aa-07eb76fd0a2e",
              "parentUUID": "0c439f0e-bfa9-4bd1-9019-efc89e7a4a73",
              "isHook": false,
              "skipped": false
            },
            {
              "title": "should submit resignation for an employee",
              "fullTitle": "Backend API Tests for Employee and Admin Role should submit resignation for an employee",
              "timedOut": null,
              "duration": 2254,
              "state": "passed",
              "speed": "fast",
              "pass": true,
              "fail": false,
              "pending": false,
              "context": null,
              "code": "const token = Cypress.env(\"employeeAuthToken\");\ncy.request({\n  method: \"POST\",\n  url: `${apiUrl}/user/resign`,\n  headers: {\n    Authorization: `Bearer ${token}`\n  },\n  body: {\n    intendedLastWorkingDay: \"2026-03-11T00:00:00.000Z\",\n    reason: \"nahi jana hai\"\n  },\n  failOnStatusCode: false\n}).then(response => {\n  // ← change this line from 200 → 201\n  logIfBadStatus(response, 201);\n  expect(response.status).to.eq(201);\n  // Now the data._id is at response.body.data._id\n  expect(response.body).to.have.nested.property(\"data._id\");\n  // Check that the returned data fields match what you sent:\n  expect(response.body.data).to.include({\n    intendedLastWorkingDay: \"2026-03-11T00:00:00.000Z\",\n    reason: \"nahi jana hai\",\n    status: \"Pending\",\n    exitDate: null,\n    decidedAt: null\n  });\n  // Store for the next tests\n  employeeResignationId = response.body.data._id;\n});",
              "err": {},
              "uuid": "3fb53aee-434d-4b55-8fc6-e8d121c3344e",
              "parentUUID": "0c439f0e-bfa9-4bd1-9019-efc89e7a4a73",
              "isHook": false,
              "skipped": false
            },
            {
              "title": "should login as admin (HR)",
              "fullTitle": "Backend API Tests for Employee and Admin Role should login as admin (HR)",
              "timedOut": null,
              "duration": 980,
              "state": "passed",
              "speed": "fast",
              "pass": true,
              "fail": false,
              "pending": false,
              "context": null,
              "code": "cy.request({\n  method: \"POST\",\n  url: `${apiUrl}/auth/login`,\n  body: {\n    email: \"admin@example.com\",\n    password: \"admin\"\n  },\n  failOnStatusCode: false\n}).then(response => {\n  logIfBadStatus(response, 200);\n  expect(response.status).to.eq(200);\n  expect(response.body).to.have.property(\"token\");\n  Cypress.env(\"adminAuthToken\", response.body.token);\n});",
              "err": {},
              "uuid": "ba9696b4-99d9-4ee0-906d-6ae21451139b",
              "parentUUID": "0c439f0e-bfa9-4bd1-9019-efc89e7a4a73",
              "isHook": false,
              "skipped": false
            },
            {
              "title": "should view all resignations submitted by employees as admin",
              "fullTitle": "Backend API Tests for Employee and Admin Role should view all resignations submitted by employees as admin",
              "timedOut": null,
              "duration": 1006,
              "state": "passed",
              "speed": "fast",
              "pass": true,
              "fail": false,
              "pending": false,
              "context": null,
              "code": "const token = Cypress.env(\"adminAuthToken\");\ncy.request({\n  method: \"GET\",\n  url: `${apiUrl}/admin/resignations`,\n  headers: {\n    Authorization: `Bearer ${token}`\n  },\n  failOnStatusCode: false\n}).then(response => {\n  logIfBadStatus(response, 200);\n  expect(response.status).to.eq(200);\n  expect(response.body.data).to.be.an(\"array\");\n  const found = response.body.data.some(r => r._id === employeeResignationId);\n  expect(found).to.be.true;\n});",
              "err": {},
              "uuid": "7e6dff7a-5023-4d0b-ab41-892ec79ce552",
              "parentUUID": "0c439f0e-bfa9-4bd1-9019-efc89e7a4a73",
              "isHook": false,
              "skipped": false
            },
            {
              "title": "should approve the employee’s resignation as admin",
              "fullTitle": "Backend API Tests for Employee and Admin Role should approve the employee’s resignation as admin",
              "timedOut": null,
              "duration": 2456,
              "state": "passed",
              "speed": "fast",
              "pass": true,
              "fail": false,
              "pending": false,
              "context": null,
              "code": "const token = Cypress.env(\"adminAuthToken\");\ncy.request({\n  method: \"PUT\",\n  url: `${apiUrl}/admin/conclude_resignation`,\n  headers: {\n    Authorization: `Bearer ${token}`\n    // Cypress will set “Content-Type” for you, so you can omit it here\n  },\n  body: {\n    resignationId: employeeResignationId,\n    approved: true,\n    // Use exactly the same date‐string format you verified in Postman:\n    intendedLastWorkingDay: \"2026-03-11\",\n    exitDate: \"2028-10-11\"\n  },\n  failOnStatusCode: false\n}).then(response => {\n  // dump the entire response to console first, so you can see any validation errors:\n  console.log(\"PUT /applicate→admin/conclude_resignation RESP:\", response);\n  // Now assert that server returns 200 OK\n  logIfBadStatus(response, 200);\n  expect(response.status).to.eq(200);\n  // Finally check that “status” has been updated to “Approved”:\n  expect(response.body.data).to.have.property(\"status\", \"Approved\");\n});",
              "err": {},
              "uuid": "1b01f80f-84ee-4506-bc2a-bd44fd57075d",
              "parentUUID": "0c439f0e-bfa9-4bd1-9019-efc89e7a4a73",
              "isHook": false,
              "skipped": false
            },
            {
              "title": "should allow the employee to submit responses to exit questionnaire",
              "fullTitle": "Backend API Tests for Employee and Admin Role should allow the employee to submit responses to exit questionnaire",
              "timedOut": null,
              "duration": 0,
              "state": "pending",
              "speed": null,
              "pass": false,
              "fail": false,
              "pending": true,
              "context": null,
              "code": "const token = Cypress.env(\"employeeAuthToken\");\ncy.request({\n  method: \"POST\",\n  url: `${apiUrl}/user/responses`,\n  headers: {\n    Authorization: `Bearer ${token}`,\n    \"Content-Type\": \"application/json\"\n  },\n  body: {\n    resignationId: employeeResignationId,\n    responses: [{\n      questionText: \"What prompted you to start looking for another job?\",\n      response: \"Lack of career growth opportunities\"\n    }, {\n      questionText: \"Would you recommend this company to others?\",\n      response: \"Yes, with some reservations\"\n    }]\n  },\n  failOnStatusCode: false\n}).then(response => {\n  logIfBadStatus(response, 200);\n  expect(response.status).to.eq(200);\n  expect(response.body.data).to.have.property(\"resignationId\", employeeResignationId);\n});",
              "err": {},
              "uuid": "64a1df54-31b7-4179-8984-61893ba0176f",
              "parentUUID": "0c439f0e-bfa9-4bd1-9019-efc89e7a4a73",
              "isHook": false,
              "skipped": false
            },
            {
              "title": "should allow the admin to view all questionnaire responses",
              "fullTitle": "Backend API Tests for Employee and Admin Role should allow the admin to view all questionnaire responses",
              "timedOut": null,
              "duration": 0,
              "state": "pending",
              "speed": null,
              "pass": false,
              "fail": false,
              "pending": true,
              "context": null,
              "code": "const token = Cypress.env(\"adminAuthToken\");\ncy.request({\n  method: \"GET\",\n  url: `${apiUrl}/admin/exit_responses`,\n  headers: {\n    Authorization: `Bearer ${token}`\n  },\n  failOnStatusCode: false\n}).then(response => {\n  logIfBadStatus(response, 200);\n  expect(response.status).to.eq(200);\n  expect(response.body.data).to.be.an(\"array\");\n  const expected = [{\n    questionText: \"What prompted you to start looking for another job?\",\n    response: \"Lack of career growth opportunities\"\n  }, {\n    questionText: \"Would you recommend this company to others?\",\n    response: \"Yes, with some reservations\"\n  }];\n  const found = response.body.data.some(item => {\n    if (item.resignationId !== employeeResignationId) return false;\n    return Array.isArray(item.responses) && item.responses.length === expected.length && item.responses.every((resp, i) => {\n      return resp.questionText === expected[i].questionText && resp.response === expected[i].response;\n    });\n  });\n  expect(found).to.be.true;\n});",
              "err": {},
              "uuid": "7e3b6665-6b03-44f7-a718-a6940f948ea5",
              "parentUUID": "0c439f0e-bfa9-4bd1-9019-efc89e7a4a73",
              "isHook": false,
              "skipped": false
            }
          ],
          "suites": [],
          "passes": [
            "8ed87689-28f8-4297-9031-5d53a81340ce",
            "4a6f0da3-3711-489c-a7aa-07eb76fd0a2e",
            "3fb53aee-434d-4b55-8fc6-e8d121c3344e",
            "ba9696b4-99d9-4ee0-906d-6ae21451139b",
            "7e6dff7a-5023-4d0b-ab41-892ec79ce552",
            "1b01f80f-84ee-4506-bc2a-bd44fd57075d"
          ],
          "failures": [],
          "pending": [
            "64a1df54-31b7-4179-8984-61893ba0176f",
            "7e3b6665-6b03-44f7-a718-a6940f948ea5"
          ],
          "skipped": [],
          "duration": 9739,
          "root": false,
          "rootEmpty": false,
          "_timeout": 2000
        }
      ],
      "passes": [],
      "failures": [],
      "pending": [],
      "skipped": [],
      "duration": 0,
      "root": true,
      "rootEmpty": true,
      "_timeout": 2000
    }
  ],
  "meta": {
    "mocha": {
      "version": "7.0.1"
    },
    "mochawesome": {
      "options": {
        "quiet": false,
        "reportFilename": "my-report",
        "saveHtml": true,
        "saveJson": true,
        "consoleReporter": "spec",
        "useInlineDiffs": false,
        "code": true
      },
      "version": "7.1.3"
    },
    "marge": {
      "options": {
        "charts": true,
        "json": true,
        "reportsDir": "reports/your-reports-folder",
        "reportFilename": "my-report",
        "overwrite": false
      },
      "version": "6.2.0"
    }
  }
}