{
  "stats": {
    "suites": 1,
    "tests": 8,
    "passes": 0,
    "pending": 0,
    "failures": 8,
    "start": "2025-05-31T18:04:12.938Z",
    "end": "2025-05-31T18:04:18.180Z",
    "duration": 5242,
    "testsRegistered": 8,
    "passPercent": 0,
    "pendingPercent": 0,
    "other": 0,
    "hasOther": false,
    "skipped": 0,
    "hasSkipped": false
  },
  "results": [
    {
      "uuid": "6a26a1c2-47ef-40a7-9721-a377d40178be",
      "title": "",
      "fullFile": "cypress\\integration\\backend\\backendTests.spec.js",
      "file": "cypress\\integration\\backend\\backendTests.spec.js",
      "beforeHooks": [],
      "afterHooks": [],
      "tests": [],
      "suites": [
        {
          "uuid": "c20d4e74-4663-4edc-b089-66da73bb3a61",
          "title": "Backend API Tests for Employee and Admin Role",
          "fullFile": "",
          "file": "",
          "beforeHooks": [],
          "afterHooks": [],
          "tests": [
            {
              "title": "should register a new employee",
              "fullTitle": "Backend API Tests for Employee and Admin Role should register a new employee",
              "timedOut": null,
              "duration": 670,
              "state": "failed",
              "speed": null,
              "pass": false,
              "fail": true,
              "pending": false,
              "context": null,
              "code": "cy.request(\"POST\", `${apiUrl}/auth/register`, {\n  username: employeeUsername,\n  password: employeePassword\n}).then(response => {\n  expect(response.status).to.eq(201);\n  expect(response.body).to.have.property(\"message\", \"User registered successfully\");\n});",
              "err": {
                "message": "CypressError: `cy.request()` failed on:\n\nhttps://exit-kxgu.onrender.com/api/auth/register\n\nThe response we received from your web server was:\n\n  > 400: Bad Request\n\nThis was considered a failure because the status code was not `2xx` or `3xx`.\n\nIf you do not want status codes to cause failures pass the option: `failOnStatusCode: false`\n\n-----------------------------------------------------------\n\nThe request we sent was:\n\nMethod: POST\nURL: https://exit-kxgu.onrender.com/api/auth/register\nHeaders: {\n  \"Connection\": \"keep-alive\",\n  \"user-agent\": \"Mozilla/5.0 (Windows NT 10.0; Win64; x64) AppleWebKit/537.36 (KHTML, like Gecko) Cypress/13.17.0 Chrome/118.0.5993.159 Electron/27.3.10 Safari/537.36\",\n  \"accept\": \"*/*\",\n  \"accept-encoding\": \"gzip, deflate\",\n  \"content-type\": \"application/json\",\n  \"content-length\": 50\n}\nBody: {\"username\":\"emp_1748714652901\",\"password\":\"emp4\"}\n\n-----------------------------------------------------------\n\nThe response we got was:\n\nStatus: 400 - Bad Request\nHeaders: {\n  \"date\": \"Sat, 31 May 2025 18:04:14 GMT\",\n  \"content-type\": \"application/json; charset=utf-8\",\n  \"transfer-encoding\": \"chunked\",\n  \"connection\": \"keep-alive\",\n  \"access-control-allow-origin\": \"*\",\n  \"etag\": \"W/\\\"8f-6djQQp39r7mAtQ4rrLyBtFQxOpI\\\"\",\n  \"rndr-id\": \"6b229308-b52e-4970\",\n  \"vary\": \"Accept-Encoding\",\n  \"x-powered-by\": \"Express\",\n  \"x-render-origin-server\": \"Render\",\n  \"cf-cache-status\": \"DYNAMIC\",\n  \"server\": \"cloudflare\",\n  \"cf-ray\": \"9488647c5f463f78-BOM\",\n  \"alt-svc\": \"h3=\\\":443\\\"; ma=86400\"\n}\nBody: {\n  \"errors\": [\n    \"\\\"username\\\" must only contain alpha-numeric characters\",\n    \"\\\"email\\\" is required\",\n    \"\\\"password\\\" should have at least 6 characters\"\n  ]\n}\n\n\nhttps://on.cypress.io/request",
                "estack": "CypressError: `cy.request()` failed on:\n\nhttps://exit-kxgu.onrender.com/api/auth/register\n\nThe response we received from your web server was:\n\n  > 400: Bad Request\n\nThis was considered a failure because the status code was not `2xx` or `3xx`.\n\nIf you do not want status codes to cause failures pass the option: `failOnStatusCode: false`\n\n-----------------------------------------------------------\n\nThe request we sent was:\n\nMethod: POST\nURL: https://exit-kxgu.onrender.com/api/auth/register\nHeaders: {\n  \"Connection\": \"keep-alive\",\n  \"user-agent\": \"Mozilla/5.0 (Windows NT 10.0; Win64; x64) AppleWebKit/537.36 (KHTML, like Gecko) Cypress/13.17.0 Chrome/118.0.5993.159 Electron/27.3.10 Safari/537.36\",\n  \"accept\": \"*/*\",\n  \"accept-encoding\": \"gzip, deflate\",\n  \"content-type\": \"application/json\",\n  \"content-length\": 50\n}\nBody: {\"username\":\"emp_1748714652901\",\"password\":\"emp4\"}\n\n-----------------------------------------------------------\n\nThe response we got was:\n\nStatus: 400 - Bad Request\nHeaders: {\n  \"date\": \"Sat, 31 May 2025 18:04:14 GMT\",\n  \"content-type\": \"application/json; charset=utf-8\",\n  \"transfer-encoding\": \"chunked\",\n  \"connection\": \"keep-alive\",\n  \"access-control-allow-origin\": \"*\",\n  \"etag\": \"W/\\\"8f-6djQQp39r7mAtQ4rrLyBtFQxOpI\\\"\",\n  \"rndr-id\": \"6b229308-b52e-4970\",\n  \"vary\": \"Accept-Encoding\",\n  \"x-powered-by\": \"Express\",\n  \"x-render-origin-server\": \"Render\",\n  \"cf-cache-status\": \"DYNAMIC\",\n  \"server\": \"cloudflare\",\n  \"cf-ray\": \"9488647c5f463f78-BOM\",\n  \"alt-svc\": \"h3=\\\":443\\\"; ma=86400\"\n}\nBody: {\n  \"errors\": [\n    \"\\\"username\\\" must only contain alpha-numeric characters\",\n    \"\\\"email\\\" is required\",\n    \"\\\"password\\\" should have at least 6 characters\"\n  ]\n}\n\n\nhttps://on.cypress.io/request\n    at <unknown> (https://exit-kxgu.onrender.com/__cypress/runner/cypress_runner.js:132876:72)\n    at tryCatcher (https://exit-kxgu.onrender.com/__cypress/runner/cypress_runner.js:1830:23)\n    at Promise._settlePromiseFromHandler (https://exit-kxgu.onrender.com/__cypress/runner/cypress_runner.js:1542:31)\n    at Promise._settlePromise (https://exit-kxgu.onrender.com/__cypress/runner/cypress_runner.js:1599:18)\n    at Promise._settlePromise0 (https://exit-kxgu.onrender.com/__cypress/runner/cypress_runner.js:1644:10)\n    at Promise._settlePromises (https://exit-kxgu.onrender.com/__cypress/runner/cypress_runner.js:1724:18)\n    at _drainQueueStep (https://exit-kxgu.onrender.com/__cypress/runner/cypress_runner.js:2430:12)\n    at _drainQueue (https://exit-kxgu.onrender.com/__cypress/runner/cypress_runner.js:2423:9)\n    at Async._drainQueues (https://exit-kxgu.onrender.com/__cypress/runner/cypress_runner.js:2439:5)\n    at Async.drainQueues (https://exit-kxgu.onrender.com/__cypress/runner/cypress_runner.js:2309:14)\nFrom Your Spec Code:\n    at Context.eval (webpack://exitease/./cypress/integration/backend/backendTests.spec.js:11:7)",
                "diff": null
              },
              "uuid": "1aecdab6-2991-42b0-84df-17a4b20b8247",
              "parentUUID": "c20d4e74-4663-4edc-b089-66da73bb3a61",
              "isHook": false,
              "skipped": false
            },
            {
              "title": "should login the employee with valid credentials",
              "fullTitle": "Backend API Tests for Employee and Admin Role should login the employee with valid credentials",
              "timedOut": null,
              "duration": 482,
              "state": "failed",
              "speed": null,
              "pass": false,
              "fail": true,
              "pending": false,
              "context": null,
              "code": "cy.request(\"POST\", `${apiUrl}/auth/login`, {\n  username: employeeUsername,\n  password: employeePassword\n}).then(response => {\n  expect(response.status).to.eq(200);\n  expect(response.body).to.have.property(\"token\");\n  const token = response.body.token;\n  Cypress.env(\"employeeAuthToken\", token);\n  // Decode JWT payload to extract employeeId\n  const payloadBase64 = token.split(\".\")[1];\n  const payloadString = atob(payloadBase64);\n  const payload = JSON.parse(payloadString);\n  // payload.id is the in-memory user ID\n  Cypress.env(\"employeeId\", payload.id);\n});",
              "err": {
                "message": "CypressError: `cy.request()` failed on:\n\nhttps://exit-kxgu.onrender.com/api/auth/login\n\nThe response we received from your web server was:\n\n  > 400: Bad Request\n\nThis was considered a failure because the status code was not `2xx` or `3xx`.\n\nIf you do not want status codes to cause failures pass the option: `failOnStatusCode: false`\n\n-----------------------------------------------------------\n\nThe request we sent was:\n\nMethod: POST\nURL: https://exit-kxgu.onrender.com/api/auth/login\nHeaders: {\n  \"Connection\": \"keep-alive\",\n  \"user-agent\": \"Mozilla/5.0 (Windows NT 10.0; Win64; x64) AppleWebKit/537.36 (KHTML, like Gecko) Cypress/13.17.0 Chrome/118.0.5993.159 Electron/27.3.10 Safari/537.36\",\n  \"accept\": \"*/*\",\n  \"accept-encoding\": \"gzip, deflate\",\n  \"content-type\": \"application/json\",\n  \"content-length\": 50\n}\nBody: {\"username\":\"emp_1748714652901\",\"password\":\"emp4\"}\n\n-----------------------------------------------------------\n\nThe response we got was:\n\nStatus: 400 - Bad Request\nHeaders: {\n  \"date\": \"Sat, 31 May 2025 18:04:15 GMT\",\n  \"content-type\": \"application/json; charset=utf-8\",\n  \"transfer-encoding\": \"chunked\",\n  \"connection\": \"keep-alive\",\n  \"access-control-allow-origin\": \"*\",\n  \"etag\": \"W/\\\"24-TTcAeJ+EULBFxgr+gTa+EAOJ1RY\\\"\",\n  \"rndr-id\": \"4614dd96-1478-4095\",\n  \"vary\": \"Accept-Encoding\",\n  \"x-powered-by\": \"Express\",\n  \"x-render-origin-server\": \"Render\",\n  \"cf-cache-status\": \"DYNAMIC\",\n  \"server\": \"cloudflare\",\n  \"cf-ray\": \"94886480fa133f78-BOM\",\n  \"alt-svc\": \"h3=\\\":443\\\"; ma=86400\"\n}\nBody: {\n  \"errors\": [\n    \"\\\"email\\\" is required\"\n  ]\n}\n\n\nhttps://on.cypress.io/request",
                "estack": "CypressError: `cy.request()` failed on:\n\nhttps://exit-kxgu.onrender.com/api/auth/login\n\nThe response we received from your web server was:\n\n  > 400: Bad Request\n\nThis was considered a failure because the status code was not `2xx` or `3xx`.\n\nIf you do not want status codes to cause failures pass the option: `failOnStatusCode: false`\n\n-----------------------------------------------------------\n\nThe request we sent was:\n\nMethod: POST\nURL: https://exit-kxgu.onrender.com/api/auth/login\nHeaders: {\n  \"Connection\": \"keep-alive\",\n  \"user-agent\": \"Mozilla/5.0 (Windows NT 10.0; Win64; x64) AppleWebKit/537.36 (KHTML, like Gecko) Cypress/13.17.0 Chrome/118.0.5993.159 Electron/27.3.10 Safari/537.36\",\n  \"accept\": \"*/*\",\n  \"accept-encoding\": \"gzip, deflate\",\n  \"content-type\": \"application/json\",\n  \"content-length\": 50\n}\nBody: {\"username\":\"emp_1748714652901\",\"password\":\"emp4\"}\n\n-----------------------------------------------------------\n\nThe response we got was:\n\nStatus: 400 - Bad Request\nHeaders: {\n  \"date\": \"Sat, 31 May 2025 18:04:15 GMT\",\n  \"content-type\": \"application/json; charset=utf-8\",\n  \"transfer-encoding\": \"chunked\",\n  \"connection\": \"keep-alive\",\n  \"access-control-allow-origin\": \"*\",\n  \"etag\": \"W/\\\"24-TTcAeJ+EULBFxgr+gTa+EAOJ1RY\\\"\",\n  \"rndr-id\": \"4614dd96-1478-4095\",\n  \"vary\": \"Accept-Encoding\",\n  \"x-powered-by\": \"Express\",\n  \"x-render-origin-server\": \"Render\",\n  \"cf-cache-status\": \"DYNAMIC\",\n  \"server\": \"cloudflare\",\n  \"cf-ray\": \"94886480fa133f78-BOM\",\n  \"alt-svc\": \"h3=\\\":443\\\"; ma=86400\"\n}\nBody: {\n  \"errors\": [\n    \"\\\"email\\\" is required\"\n  ]\n}\n\n\nhttps://on.cypress.io/request\n    at <unknown> (https://exit-kxgu.onrender.com/__cypress/runner/cypress_runner.js:132876:72)\n    at tryCatcher (https://exit-kxgu.onrender.com/__cypress/runner/cypress_runner.js:1830:23)\n    at Promise._settlePromiseFromHandler (https://exit-kxgu.onrender.com/__cypress/runner/cypress_runner.js:1542:31)\n    at Promise._settlePromise (https://exit-kxgu.onrender.com/__cypress/runner/cypress_runner.js:1599:18)\n    at Promise._settlePromise0 (https://exit-kxgu.onrender.com/__cypress/runner/cypress_runner.js:1644:10)\n    at Promise._settlePromises (https://exit-kxgu.onrender.com/__cypress/runner/cypress_runner.js:1724:18)\n    at _drainQueueStep (https://exit-kxgu.onrender.com/__cypress/runner/cypress_runner.js:2430:12)\n    at _drainQueue (https://exit-kxgu.onrender.com/__cypress/runner/cypress_runner.js:2423:9)\n    at Async._drainQueues (https://exit-kxgu.onrender.com/__cypress/runner/cypress_runner.js:2439:5)\n    at Async.drainQueues (https://exit-kxgu.onrender.com/__cypress/runner/cypress_runner.js:2309:14)\nFrom Your Spec Code:\n    at Context.eval (webpack://exitease/./cypress/integration/backend/backendTests.spec.js:25:7)",
                "diff": null
              },
              "uuid": "51ba24ce-0bc0-44f4-a089-14eabf4e7117",
              "parentUUID": "c20d4e74-4663-4edc-b089-66da73bb3a61",
              "isHook": false,
              "skipped": false
            },
            {
              "title": "should submit resignation for an employee",
              "fullTitle": "Backend API Tests for Employee and Admin Role should submit resignation for an employee",
              "timedOut": null,
              "duration": 594,
              "state": "failed",
              "speed": null,
              "pass": false,
              "fail": true,
              "pending": false,
              "context": null,
              "code": "const token = Cypress.env(\"employeeAuthToken\");\nconst employeeId = Cypress.env(\"employeeId\");\ncy.request({\n  method: \"POST\",\n  url: `${apiUrl}/user/resign`,\n  headers: {\n    Authorization: `${token}`,\n    \"Content-Type\": \"application/json\"\n  },\n  body: {\n    employeeId,\n    // newly added\n    lwd: \"2024-12-26\"\n  }\n}).then(response => {\n  expect(response.status).to.eq(200);\n  // The API sends back { data: { resignation: { _id: ... } } }\n  employeeResignationId = response.body.data.resignation._id;\n  expect(employeeResignationId).to.be.a(\"string\");\n});",
              "err": {
                "message": "CypressError: `cy.request()` failed on:\n\nhttps://exit-kxgu.onrender.com/api/user/resign\n\nThe response we received from your web server was:\n\n  > 401: Unauthorized\n\nThis was considered a failure because the status code was not `2xx` or `3xx`.\n\nIf you do not want status codes to cause failures pass the option: `failOnStatusCode: false`\n\n-----------------------------------------------------------\n\nThe request we sent was:\n\nMethod: POST\nURL: https://exit-kxgu.onrender.com/api/user/resign\nHeaders: {\n  \"Connection\": \"keep-alive\",\n  \"Authorization\": \"undefined\",\n  \"Content-Type\": \"application/json\",\n  \"user-agent\": \"Mozilla/5.0 (Windows NT 10.0; Win64; x64) AppleWebKit/537.36 (KHTML, like Gecko) Cypress/13.17.0 Chrome/118.0.5993.159 Electron/27.3.10 Safari/537.36\",\n  \"accept\": \"*/*\",\n  \"accept-encoding\": \"gzip, deflate\",\n  \"content-length\": 20\n}\nBody: {\"lwd\":\"2024-12-26\"}\n\n-----------------------------------------------------------\n\nThe response we got was:\n\nStatus: 401 - Unauthorized\nHeaders: {\n  \"date\": \"Sat, 31 May 2025 18:04:15 GMT\",\n  \"content-type\": \"application/json; charset=utf-8\",\n  \"transfer-encoding\": \"chunked\",\n  \"connection\": \"keep-alive\",\n  \"access-control-allow-origin\": \"*\",\n  \"etag\": \"W/\\\"29-u10icmcEaUsm2on8Fz/8Htry8vU\\\"\",\n  \"rndr-id\": \"5817a8c5-93b0-41a0\",\n  \"vary\": \"Accept-Encoding\",\n  \"x-powered-by\": \"Express\",\n  \"x-render-origin-server\": \"Render\",\n  \"cf-cache-status\": \"DYNAMIC\",\n  \"server\": \"cloudflare\",\n  \"cf-ray\": \"948864843c573f78-BOM\",\n  \"alt-svc\": \"h3=\\\":443\\\"; ma=86400\"\n}\nBody: {\n  \"error\": \"Not authorized, token missing\"\n}\n\n\nhttps://on.cypress.io/request",
                "estack": "CypressError: `cy.request()` failed on:\n\nhttps://exit-kxgu.onrender.com/api/user/resign\n\nThe response we received from your web server was:\n\n  > 401: Unauthorized\n\nThis was considered a failure because the status code was not `2xx` or `3xx`.\n\nIf you do not want status codes to cause failures pass the option: `failOnStatusCode: false`\n\n-----------------------------------------------------------\n\nThe request we sent was:\n\nMethod: POST\nURL: https://exit-kxgu.onrender.com/api/user/resign\nHeaders: {\n  \"Connection\": \"keep-alive\",\n  \"Authorization\": \"undefined\",\n  \"Content-Type\": \"application/json\",\n  \"user-agent\": \"Mozilla/5.0 (Windows NT 10.0; Win64; x64) AppleWebKit/537.36 (KHTML, like Gecko) Cypress/13.17.0 Chrome/118.0.5993.159 Electron/27.3.10 Safari/537.36\",\n  \"accept\": \"*/*\",\n  \"accept-encoding\": \"gzip, deflate\",\n  \"content-length\": 20\n}\nBody: {\"lwd\":\"2024-12-26\"}\n\n-----------------------------------------------------------\n\nThe response we got was:\n\nStatus: 401 - Unauthorized\nHeaders: {\n  \"date\": \"Sat, 31 May 2025 18:04:15 GMT\",\n  \"content-type\": \"application/json; charset=utf-8\",\n  \"transfer-encoding\": \"chunked\",\n  \"connection\": \"keep-alive\",\n  \"access-control-allow-origin\": \"*\",\n  \"etag\": \"W/\\\"29-u10icmcEaUsm2on8Fz/8Htry8vU\\\"\",\n  \"rndr-id\": \"5817a8c5-93b0-41a0\",\n  \"vary\": \"Accept-Encoding\",\n  \"x-powered-by\": \"Express\",\n  \"x-render-origin-server\": \"Render\",\n  \"cf-cache-status\": \"DYNAMIC\",\n  \"server\": \"cloudflare\",\n  \"cf-ray\": \"948864843c573f78-BOM\",\n  \"alt-svc\": \"h3=\\\":443\\\"; ma=86400\"\n}\nBody: {\n  \"error\": \"Not authorized, token missing\"\n}\n\n\nhttps://on.cypress.io/request\n    at <unknown> (https://exit-kxgu.onrender.com/__cypress/runner/cypress_runner.js:132876:72)\n    at tryCatcher (https://exit-kxgu.onrender.com/__cypress/runner/cypress_runner.js:1830:23)\n    at Promise._settlePromiseFromHandler (https://exit-kxgu.onrender.com/__cypress/runner/cypress_runner.js:1542:31)\n    at Promise._settlePromise (https://exit-kxgu.onrender.com/__cypress/runner/cypress_runner.js:1599:18)\n    at Promise._settlePromise0 (https://exit-kxgu.onrender.com/__cypress/runner/cypress_runner.js:1644:10)\n    at Promise._settlePromises (https://exit-kxgu.onrender.com/__cypress/runner/cypress_runner.js:1724:18)\n    at _drainQueueStep (https://exit-kxgu.onrender.com/__cypress/runner/cypress_runner.js:2430:12)\n    at _drainQueue (https://exit-kxgu.onrender.com/__cypress/runner/cypress_runner.js:2423:9)\n    at Async._drainQueues (https://exit-kxgu.onrender.com/__cypress/runner/cypress_runner.js:2439:5)\n    at Async.drainQueues (https://exit-kxgu.onrender.com/__cypress/runner/cypress_runner.js:2309:14)\nFrom Your Spec Code:\n    at Context.eval (webpack://exitease/./cypress/integration/backend/backendTests.spec.js:48:7)",
                "diff": null
              },
              "uuid": "7fe42d79-79e2-4369-9e9f-7bb3dd27ff36",
              "parentUUID": "c20d4e74-4663-4edc-b089-66da73bb3a61",
              "isHook": false,
              "skipped": false
            },
            {
              "title": "should login as admin (HR)",
              "fullTitle": "Backend API Tests for Employee and Admin Role should login as admin (HR)",
              "timedOut": null,
              "duration": 514,
              "state": "failed",
              "speed": null,
              "pass": false,
              "fail": true,
              "pending": false,
              "context": null,
              "code": "cy.request(\"POST\", `${apiUrl}/auth/login`, {\n  username: \"admin\",\n  password: \"admin\"\n}).then(response => {\n  expect(response.status).to.eq(200);\n  expect(response.body).to.have.property(\"token\");\n  Cypress.env(\"adminAuthToken\", response.body.token);\n});",
              "err": {
                "message": "CypressError: `cy.request()` failed on:\n\nhttps://exit-kxgu.onrender.com/api/auth/login\n\nThe response we received from your web server was:\n\n  > 400: Bad Request\n\nThis was considered a failure because the status code was not `2xx` or `3xx`.\n\nIf you do not want status codes to cause failures pass the option: `failOnStatusCode: false`\n\n-----------------------------------------------------------\n\nThe request we sent was:\n\nMethod: POST\nURL: https://exit-kxgu.onrender.com/api/auth/login\nHeaders: {\n  \"Connection\": \"keep-alive\",\n  \"user-agent\": \"Mozilla/5.0 (Windows NT 10.0; Win64; x64) AppleWebKit/537.36 (KHTML, like Gecko) Cypress/13.17.0 Chrome/118.0.5993.159 Electron/27.3.10 Safari/537.36\",\n  \"accept\": \"*/*\",\n  \"accept-encoding\": \"gzip, deflate\",\n  \"content-type\": \"application/json\",\n  \"content-length\": 39\n}\nBody: {\"username\":\"admin\",\"password\":\"admin\"}\n\n-----------------------------------------------------------\n\nThe response we got was:\n\nStatus: 400 - Bad Request\nHeaders: {\n  \"date\": \"Sat, 31 May 2025 18:04:16 GMT\",\n  \"content-type\": \"application/json; charset=utf-8\",\n  \"transfer-encoding\": \"chunked\",\n  \"connection\": \"keep-alive\",\n  \"access-control-allow-origin\": \"*\",\n  \"etag\": \"W/\\\"24-TTcAeJ+EULBFxgr+gTa+EAOJ1RY\\\"\",\n  \"rndr-id\": \"739815f6-59b5-4815\",\n  \"vary\": \"Accept-Encoding\",\n  \"x-powered-by\": \"Express\",\n  \"x-render-origin-server\": \"Render\",\n  \"cf-cache-status\": \"DYNAMIC\",\n  \"server\": \"cloudflare\",\n  \"cf-ray\": \"948864883f603f78-BOM\",\n  \"alt-svc\": \"h3=\\\":443\\\"; ma=86400\"\n}\nBody: {\n  \"errors\": [\n    \"\\\"email\\\" is required\"\n  ]\n}\n\n\nhttps://on.cypress.io/request",
                "estack": "CypressError: `cy.request()` failed on:\n\nhttps://exit-kxgu.onrender.com/api/auth/login\n\nThe response we received from your web server was:\n\n  > 400: Bad Request\n\nThis was considered a failure because the status code was not `2xx` or `3xx`.\n\nIf you do not want status codes to cause failures pass the option: `failOnStatusCode: false`\n\n-----------------------------------------------------------\n\nThe request we sent was:\n\nMethod: POST\nURL: https://exit-kxgu.onrender.com/api/auth/login\nHeaders: {\n  \"Connection\": \"keep-alive\",\n  \"user-agent\": \"Mozilla/5.0 (Windows NT 10.0; Win64; x64) AppleWebKit/537.36 (KHTML, like Gecko) Cypress/13.17.0 Chrome/118.0.5993.159 Electron/27.3.10 Safari/537.36\",\n  \"accept\": \"*/*\",\n  \"accept-encoding\": \"gzip, deflate\",\n  \"content-type\": \"application/json\",\n  \"content-length\": 39\n}\nBody: {\"username\":\"admin\",\"password\":\"admin\"}\n\n-----------------------------------------------------------\n\nThe response we got was:\n\nStatus: 400 - Bad Request\nHeaders: {\n  \"date\": \"Sat, 31 May 2025 18:04:16 GMT\",\n  \"content-type\": \"application/json; charset=utf-8\",\n  \"transfer-encoding\": \"chunked\",\n  \"connection\": \"keep-alive\",\n  \"access-control-allow-origin\": \"*\",\n  \"etag\": \"W/\\\"24-TTcAeJ+EULBFxgr+gTa+EAOJ1RY\\\"\",\n  \"rndr-id\": \"739815f6-59b5-4815\",\n  \"vary\": \"Accept-Encoding\",\n  \"x-powered-by\": \"Express\",\n  \"x-render-origin-server\": \"Render\",\n  \"cf-cache-status\": \"DYNAMIC\",\n  \"server\": \"cloudflare\",\n  \"cf-ray\": \"948864883f603f78-BOM\",\n  \"alt-svc\": \"h3=\\\":443\\\"; ma=86400\"\n}\nBody: {\n  \"errors\": [\n    \"\\\"email\\\" is required\"\n  ]\n}\n\n\nhttps://on.cypress.io/request\n    at <unknown> (https://exit-kxgu.onrender.com/__cypress/runner/cypress_runner.js:132876:72)\n    at tryCatcher (https://exit-kxgu.onrender.com/__cypress/runner/cypress_runner.js:1830:23)\n    at Promise._settlePromiseFromHandler (https://exit-kxgu.onrender.com/__cypress/runner/cypress_runner.js:1542:31)\n    at Promise._settlePromise (https://exit-kxgu.onrender.com/__cypress/runner/cypress_runner.js:1599:18)\n    at Promise._settlePromise0 (https://exit-kxgu.onrender.com/__cypress/runner/cypress_runner.js:1644:10)\n    at Promise._settlePromises (https://exit-kxgu.onrender.com/__cypress/runner/cypress_runner.js:1724:18)\n    at _drainQueueStep (https://exit-kxgu.onrender.com/__cypress/runner/cypress_runner.js:2430:12)\n    at _drainQueue (https://exit-kxgu.onrender.com/__cypress/runner/cypress_runner.js:2423:9)\n    at Async._drainQueues (https://exit-kxgu.onrender.com/__cypress/runner/cypress_runner.js:2439:5)\n    at Async.drainQueues (https://exit-kxgu.onrender.com/__cypress/runner/cypress_runner.js:2309:14)\nFrom Your Spec Code:\n    at Context.eval (webpack://exitease/./cypress/integration/backend/backendTests.spec.js:69:7)",
                "diff": null
              },
              "uuid": "a90fb9ff-35d7-40d9-b943-f709115fe8e2",
              "parentUUID": "c20d4e74-4663-4edc-b089-66da73bb3a61",
              "isHook": false,
              "skipped": false
            },
            {
              "title": "should view all resignations submitted by employees as admin",
              "fullTitle": "Backend API Tests for Employee and Admin Role should view all resignations submitted by employees as admin",
              "timedOut": null,
              "duration": 561,
              "state": "failed",
              "speed": null,
              "pass": false,
              "fail": true,
              "pending": false,
              "context": null,
              "code": "const token = Cypress.env(\"adminAuthToken\");\ncy.request({\n  method: \"GET\",\n  url: `${apiUrl}/admin/resignations`,\n  headers: {\n    Authorization: `${token}`\n  }\n}).then(response => {\n  expect(response.status).to.eq(200);\n  expect(response.body.data).to.be.an(\"array\");\n  // At least one resignation should exist (the one we just created)\n  const found = response.body.data.some(r => r._id === employeeResignationId);\n  expect(found).to.be.true;\n});",
              "err": {
                "message": "CypressError: `cy.request()` failed on:\n\nhttps://exit-kxgu.onrender.com/api/admin/resignations\n\nThe response we received from your web server was:\n\n  > 401: Unauthorized\n\nThis was considered a failure because the status code was not `2xx` or `3xx`.\n\nIf you do not want status codes to cause failures pass the option: `failOnStatusCode: false`\n\n-----------------------------------------------------------\n\nThe request we sent was:\n\nMethod: GET\nURL: https://exit-kxgu.onrender.com/api/admin/resignations\nHeaders: {\n  \"Connection\": \"keep-alive\",\n  \"Authorization\": \"undefined\",\n  \"user-agent\": \"Mozilla/5.0 (Windows NT 10.0; Win64; x64) AppleWebKit/537.36 (KHTML, like Gecko) Cypress/13.17.0 Chrome/118.0.5993.159 Electron/27.3.10 Safari/537.36\",\n  \"accept\": \"*/*\",\n  \"accept-encoding\": \"gzip, deflate\"\n}\n\n-----------------------------------------------------------\n\nThe response we got was:\n\nStatus: 401 - Unauthorized\nHeaders: {\n  \"date\": \"Sat, 31 May 2025 18:04:16 GMT\",\n  \"content-type\": \"application/json; charset=utf-8\",\n  \"transfer-encoding\": \"chunked\",\n  \"connection\": \"keep-alive\",\n  \"access-control-allow-origin\": \"*\",\n  \"etag\": \"W/\\\"29-u10icmcEaUsm2on8Fz/8Htry8vU\\\"\",\n  \"rndr-id\": \"9f146933-3e3a-4c81\",\n  \"vary\": \"Accept-Encoding\",\n  \"x-powered-by\": \"Express\",\n  \"x-render-origin-server\": \"Render\",\n  \"cf-cache-status\": \"DYNAMIC\",\n  \"server\": \"cloudflare\",\n  \"cf-ray\": \"9488648bc9f03f78-BOM\",\n  \"alt-svc\": \"h3=\\\":443\\\"; ma=86400\"\n}\nBody: {\n  \"error\": \"Not authorized, token missing\"\n}\n\n\nhttps://on.cypress.io/request",
                "estack": "CypressError: `cy.request()` failed on:\n\nhttps://exit-kxgu.onrender.com/api/admin/resignations\n\nThe response we received from your web server was:\n\n  > 401: Unauthorized\n\nThis was considered a failure because the status code was not `2xx` or `3xx`.\n\nIf you do not want status codes to cause failures pass the option: `failOnStatusCode: false`\n\n-----------------------------------------------------------\n\nThe request we sent was:\n\nMethod: GET\nURL: https://exit-kxgu.onrender.com/api/admin/resignations\nHeaders: {\n  \"Connection\": \"keep-alive\",\n  \"Authorization\": \"undefined\",\n  \"user-agent\": \"Mozilla/5.0 (Windows NT 10.0; Win64; x64) AppleWebKit/537.36 (KHTML, like Gecko) Cypress/13.17.0 Chrome/118.0.5993.159 Electron/27.3.10 Safari/537.36\",\n  \"accept\": \"*/*\",\n  \"accept-encoding\": \"gzip, deflate\"\n}\n\n-----------------------------------------------------------\n\nThe response we got was:\n\nStatus: 401 - Unauthorized\nHeaders: {\n  \"date\": \"Sat, 31 May 2025 18:04:16 GMT\",\n  \"content-type\": \"application/json; charset=utf-8\",\n  \"transfer-encoding\": \"chunked\",\n  \"connection\": \"keep-alive\",\n  \"access-control-allow-origin\": \"*\",\n  \"etag\": \"W/\\\"29-u10icmcEaUsm2on8Fz/8Htry8vU\\\"\",\n  \"rndr-id\": \"9f146933-3e3a-4c81\",\n  \"vary\": \"Accept-Encoding\",\n  \"x-powered-by\": \"Express\",\n  \"x-render-origin-server\": \"Render\",\n  \"cf-cache-status\": \"DYNAMIC\",\n  \"server\": \"cloudflare\",\n  \"cf-ray\": \"9488648bc9f03f78-BOM\",\n  \"alt-svc\": \"h3=\\\":443\\\"; ma=86400\"\n}\nBody: {\n  \"error\": \"Not authorized, token missing\"\n}\n\n\nhttps://on.cypress.io/request\n    at <unknown> (https://exit-kxgu.onrender.com/__cypress/runner/cypress_runner.js:132876:72)\n    at tryCatcher (https://exit-kxgu.onrender.com/__cypress/runner/cypress_runner.js:1830:23)\n    at Promise._settlePromiseFromHandler (https://exit-kxgu.onrender.com/__cypress/runner/cypress_runner.js:1542:31)\n    at Promise._settlePromise (https://exit-kxgu.onrender.com/__cypress/runner/cypress_runner.js:1599:18)\n    at Promise._settlePromise0 (https://exit-kxgu.onrender.com/__cypress/runner/cypress_runner.js:1644:10)\n    at Promise._settlePromises (https://exit-kxgu.onrender.com/__cypress/runner/cypress_runner.js:1724:18)\n    at _drainQueueStep (https://exit-kxgu.onrender.com/__cypress/runner/cypress_runner.js:2430:12)\n    at _drainQueue (https://exit-kxgu.onrender.com/__cypress/runner/cypress_runner.js:2423:9)\n    at Async._drainQueues (https://exit-kxgu.onrender.com/__cypress/runner/cypress_runner.js:2439:5)\n    at Async.drainQueues (https://exit-kxgu.onrender.com/__cypress/runner/cypress_runner.js:2309:14)\nFrom Your Spec Code:\n    at Context.eval (webpack://exitease/./cypress/integration/backend/backendTests.spec.js:83:7)",
                "diff": null
              },
              "uuid": "6effa139-d542-4502-ac66-25927b32322c",
              "parentUUID": "c20d4e74-4663-4edc-b089-66da73bb3a61",
              "isHook": false,
              "skipped": false
            },
            {
              "title": "should approve the employee’s resignation as admin",
              "fullTitle": "Backend API Tests for Employee and Admin Role should approve the employee’s resignation as admin",
              "timedOut": null,
              "duration": 514,
              "state": "failed",
              "speed": null,
              "pass": false,
              "fail": true,
              "pending": false,
              "context": null,
              "code": "const token = Cypress.env(\"adminAuthToken\");\ncy.request({\n  method: \"PUT\",\n  url: `${apiUrl}/admin/conclude_resignation`,\n  headers: {\n    Authorization: `${token}`,\n    \"Content-Type\": \"application/json\"\n  },\n  body: {\n    resignationId: employeeResignationId,\n    approved: true,\n    lwd: \"26 Dec 2024\"\n  }\n}).then(response => {\n  expect(response.status).to.eq(200);\n  // The updated resignation is returned; check its status\n  expect(response.body.data).to.have.property(\"status\", \"Approved\");\n});",
              "err": {
                "message": "CypressError: `cy.request()` failed on:\n\nhttps://exit-kxgu.onrender.com/api/admin/conclude_resignation\n\nThe response we received from your web server was:\n\n  > 401: Unauthorized\n\nThis was considered a failure because the status code was not `2xx` or `3xx`.\n\nIf you do not want status codes to cause failures pass the option: `failOnStatusCode: false`\n\n-----------------------------------------------------------\n\nThe request we sent was:\n\nMethod: PUT\nURL: https://exit-kxgu.onrender.com/api/admin/conclude_resignation\nHeaders: {\n  \"Connection\": \"keep-alive\",\n  \"Authorization\": \"undefined\",\n  \"Content-Type\": \"application/json\",\n  \"user-agent\": \"Mozilla/5.0 (Windows NT 10.0; Win64; x64) AppleWebKit/537.36 (KHTML, like Gecko) Cypress/13.17.0 Chrome/118.0.5993.159 Electron/27.3.10 Safari/537.36\",\n  \"accept\": \"*/*\",\n  \"accept-encoding\": \"gzip, deflate\",\n  \"content-length\": 58\n}\nBody: {\"resignationId\":null,\"approved\":true,\"lwd\":\"26 Dec 2024\"}\n\n-----------------------------------------------------------\n\nThe response we got was:\n\nStatus: 401 - Unauthorized\nHeaders: {\n  \"date\": \"Sat, 31 May 2025 18:04:17 GMT\",\n  \"content-type\": \"application/json; charset=utf-8\",\n  \"transfer-encoding\": \"chunked\",\n  \"connection\": \"keep-alive\",\n  \"access-control-allow-origin\": \"*\",\n  \"etag\": \"W/\\\"29-u10icmcEaUsm2on8Fz/8Htry8vU\\\"\",\n  \"rndr-id\": \"a475eea6-bcfa-452c\",\n  \"vary\": \"Accept-Encoding\",\n  \"x-powered-by\": \"Express\",\n  \"x-render-origin-server\": \"Render\",\n  \"cf-cache-status\": \"DYNAMIC\",\n  \"server\": \"cloudflare\",\n  \"cf-ray\": \"9488648f7c303f78-BOM\",\n  \"alt-svc\": \"h3=\\\":443\\\"; ma=86400\"\n}\nBody: {\n  \"error\": \"Not authorized, token missing\"\n}\n\n\nhttps://on.cypress.io/request",
                "estack": "CypressError: `cy.request()` failed on:\n\nhttps://exit-kxgu.onrender.com/api/admin/conclude_resignation\n\nThe response we received from your web server was:\n\n  > 401: Unauthorized\n\nThis was considered a failure because the status code was not `2xx` or `3xx`.\n\nIf you do not want status codes to cause failures pass the option: `failOnStatusCode: false`\n\n-----------------------------------------------------------\n\nThe request we sent was:\n\nMethod: PUT\nURL: https://exit-kxgu.onrender.com/api/admin/conclude_resignation\nHeaders: {\n  \"Connection\": \"keep-alive\",\n  \"Authorization\": \"undefined\",\n  \"Content-Type\": \"application/json\",\n  \"user-agent\": \"Mozilla/5.0 (Windows NT 10.0; Win64; x64) AppleWebKit/537.36 (KHTML, like Gecko) Cypress/13.17.0 Chrome/118.0.5993.159 Electron/27.3.10 Safari/537.36\",\n  \"accept\": \"*/*\",\n  \"accept-encoding\": \"gzip, deflate\",\n  \"content-length\": 58\n}\nBody: {\"resignationId\":null,\"approved\":true,\"lwd\":\"26 Dec 2024\"}\n\n-----------------------------------------------------------\n\nThe response we got was:\n\nStatus: 401 - Unauthorized\nHeaders: {\n  \"date\": \"Sat, 31 May 2025 18:04:17 GMT\",\n  \"content-type\": \"application/json; charset=utf-8\",\n  \"transfer-encoding\": \"chunked\",\n  \"connection\": \"keep-alive\",\n  \"access-control-allow-origin\": \"*\",\n  \"etag\": \"W/\\\"29-u10icmcEaUsm2on8Fz/8Htry8vU\\\"\",\n  \"rndr-id\": \"a475eea6-bcfa-452c\",\n  \"vary\": \"Accept-Encoding\",\n  \"x-powered-by\": \"Express\",\n  \"x-render-origin-server\": \"Render\",\n  \"cf-cache-status\": \"DYNAMIC\",\n  \"server\": \"cloudflare\",\n  \"cf-ray\": \"9488648f7c303f78-BOM\",\n  \"alt-svc\": \"h3=\\\":443\\\"; ma=86400\"\n}\nBody: {\n  \"error\": \"Not authorized, token missing\"\n}\n\n\nhttps://on.cypress.io/request\n    at <unknown> (https://exit-kxgu.onrender.com/__cypress/runner/cypress_runner.js:132876:72)\n    at tryCatcher (https://exit-kxgu.onrender.com/__cypress/runner/cypress_runner.js:1830:23)\n    at Promise._settlePromiseFromHandler (https://exit-kxgu.onrender.com/__cypress/runner/cypress_runner.js:1542:31)\n    at Promise._settlePromise (https://exit-kxgu.onrender.com/__cypress/runner/cypress_runner.js:1599:18)\n    at Promise._settlePromise0 (https://exit-kxgu.onrender.com/__cypress/runner/cypress_runner.js:1644:10)\n    at Promise._settlePromises (https://exit-kxgu.onrender.com/__cypress/runner/cypress_runner.js:1724:18)\n    at _drainQueueStep (https://exit-kxgu.onrender.com/__cypress/runner/cypress_runner.js:2430:12)\n    at _drainQueue (https://exit-kxgu.onrender.com/__cypress/runner/cypress_runner.js:2423:9)\n    at Async._drainQueues (https://exit-kxgu.onrender.com/__cypress/runner/cypress_runner.js:2439:5)\n    at Async.drainQueues (https://exit-kxgu.onrender.com/__cypress/runner/cypress_runner.js:2309:14)\nFrom Your Spec Code:\n    at Context.eval (webpack://exitease/./cypress/integration/backend/backendTests.spec.js:104:7)",
                "diff": null
              },
              "uuid": "1be482da-d4cb-4c85-9af9-7311bc8335d4",
              "parentUUID": "c20d4e74-4663-4edc-b089-66da73bb3a61",
              "isHook": false,
              "skipped": false
            },
            {
              "title": "should allow the employee to submit responses to exit questionnaire",
              "fullTitle": "Backend API Tests for Employee and Admin Role should allow the employee to submit responses to exit questionnaire",
              "timedOut": null,
              "duration": 989,
              "state": "failed",
              "speed": null,
              "pass": false,
              "fail": true,
              "pending": false,
              "context": null,
              "code": "const token = Cypress.env(\"employeeAuthToken\");\ncy.request({\n  method: \"POST\",\n  url: `${apiUrl}/user/responses`,\n  headers: {\n    Authorization: `${token}`,\n    \"Content-Type\": \"application/json\"\n  },\n  body: {\n    resignationId: employeeResignationId,\n    // newly added field\n    responses: [{\n      questionText: \"What prompted you to start looking for another job?\",\n      response: \"Lack of career growth opportunities\"\n    }, {\n      questionText: \"Would you recommend this company to others?\",\n      response: \"Yes, with some reservations\"\n    }]\n  }\n}).then(response => {\n  expect(response.status).to.eq(200);\n  // The API returns data: { id, resignationId, responses }\n  expect(response.body.data).to.have.property(\"resignationId\", employeeResignationId);\n});",
              "err": {
                "message": "CypressError: `cy.request()` failed on:\n\nhttps://exit-kxgu.onrender.com/api/user/responses\n\nThe response we received from your web server was:\n\n  > 404: Not Found\n\nThis was considered a failure because the status code was not `2xx` or `3xx`.\n\nIf you do not want status codes to cause failures pass the option: `failOnStatusCode: false`\n\n-----------------------------------------------------------\n\nThe request we sent was:\n\nMethod: POST\nURL: https://exit-kxgu.onrender.com/api/user/responses\nHeaders: {\n  \"Connection\": \"keep-alive\",\n  \"Authorization\": \"undefined\",\n  \"Content-Type\": \"application/json\",\n  \"user-agent\": \"Mozilla/5.0 (Windows NT 10.0; Win64; x64) AppleWebKit/537.36 (KHTML, like Gecko) Cypress/13.17.0 Chrome/118.0.5993.159 Electron/27.3.10 Safari/537.36\",\n  \"accept\": \"*/*\",\n  \"accept-encoding\": \"gzip, deflate\",\n  \"content-length\": 260\n}\nBody: {\"resignationId\":null,\"responses\":[{\"questionText\":\"What prompted you to start looking for another job?\",\"response\":\"Lack of career growth opportunities\"},{\"questionText\":\"Would you recommend this company to others?\",\"response\":\"Yes, with some reservations\"}]}\n\n-----------------------------------------------------------\n\nThe response we got was:\n\nStatus: 404 - Not Found\nHeaders: {\n  \"date\": \"Sat, 31 May 2025 18:04:18 GMT\",\n  \"content-type\": \"application/json; charset=utf-8\",\n  \"transfer-encoding\": \"chunked\",\n  \"connection\": \"keep-alive\",\n  \"access-control-allow-origin\": \"*\",\n  \"etag\": \"W/\\\"1b-772e0u4nrE48ogbR0KmKfSvrHUE\\\"\",\n  \"rndr-id\": \"c004c16a-0a0d-46a1\",\n  \"vary\": \"Accept-Encoding\",\n  \"x-powered-by\": \"Express\",\n  \"x-render-origin-server\": \"Render\",\n  \"cf-cache-status\": \"DYNAMIC\",\n  \"server\": \"cloudflare\",\n  \"cf-ray\": \"94886492fe5e3f78-BOM\",\n  \"content-encoding\": \"gzip\",\n  \"alt-svc\": \"h3=\\\":443\\\"; ma=86400\"\n}\nBody: {\n  \"error\": \"Route not found\"\n}\n\n\nhttps://on.cypress.io/request",
                "estack": "CypressError: `cy.request()` failed on:\n\nhttps://exit-kxgu.onrender.com/api/user/responses\n\nThe response we received from your web server was:\n\n  > 404: Not Found\n\nThis was considered a failure because the status code was not `2xx` or `3xx`.\n\nIf you do not want status codes to cause failures pass the option: `failOnStatusCode: false`\n\n-----------------------------------------------------------\n\nThe request we sent was:\n\nMethod: POST\nURL: https://exit-kxgu.onrender.com/api/user/responses\nHeaders: {\n  \"Connection\": \"keep-alive\",\n  \"Authorization\": \"undefined\",\n  \"Content-Type\": \"application/json\",\n  \"user-agent\": \"Mozilla/5.0 (Windows NT 10.0; Win64; x64) AppleWebKit/537.36 (KHTML, like Gecko) Cypress/13.17.0 Chrome/118.0.5993.159 Electron/27.3.10 Safari/537.36\",\n  \"accept\": \"*/*\",\n  \"accept-encoding\": \"gzip, deflate\",\n  \"content-length\": 260\n}\nBody: {\"resignationId\":null,\"responses\":[{\"questionText\":\"What prompted you to start looking for another job?\",\"response\":\"Lack of career growth opportunities\"},{\"questionText\":\"Would you recommend this company to others?\",\"response\":\"Yes, with some reservations\"}]}\n\n-----------------------------------------------------------\n\nThe response we got was:\n\nStatus: 404 - Not Found\nHeaders: {\n  \"date\": \"Sat, 31 May 2025 18:04:18 GMT\",\n  \"content-type\": \"application/json; charset=utf-8\",\n  \"transfer-encoding\": \"chunked\",\n  \"connection\": \"keep-alive\",\n  \"access-control-allow-origin\": \"*\",\n  \"etag\": \"W/\\\"1b-772e0u4nrE48ogbR0KmKfSvrHUE\\\"\",\n  \"rndr-id\": \"c004c16a-0a0d-46a1\",\n  \"vary\": \"Accept-Encoding\",\n  \"x-powered-by\": \"Express\",\n  \"x-render-origin-server\": \"Render\",\n  \"cf-cache-status\": \"DYNAMIC\",\n  \"server\": \"cloudflare\",\n  \"cf-ray\": \"94886492fe5e3f78-BOM\",\n  \"content-encoding\": \"gzip\",\n  \"alt-svc\": \"h3=\\\":443\\\"; ma=86400\"\n}\nBody: {\n  \"error\": \"Route not found\"\n}\n\n\nhttps://on.cypress.io/request\n    at <unknown> (https://exit-kxgu.onrender.com/__cypress/runner/cypress_runner.js:132876:72)\n    at tryCatcher (https://exit-kxgu.onrender.com/__cypress/runner/cypress_runner.js:1830:23)\n    at Promise._settlePromiseFromHandler (https://exit-kxgu.onrender.com/__cypress/runner/cypress_runner.js:1542:31)\n    at Promise._settlePromise (https://exit-kxgu.onrender.com/__cypress/runner/cypress_runner.js:1599:18)\n    at Promise._settlePromise0 (https://exit-kxgu.onrender.com/__cypress/runner/cypress_runner.js:1644:10)\n    at Promise._settlePromises (https://exit-kxgu.onrender.com/__cypress/runner/cypress_runner.js:1724:18)\n    at _drainQueueStep (https://exit-kxgu.onrender.com/__cypress/runner/cypress_runner.js:2430:12)\n    at _drainQueue (https://exit-kxgu.onrender.com/__cypress/runner/cypress_runner.js:2423:9)\n    at Async._drainQueues (https://exit-kxgu.onrender.com/__cypress/runner/cypress_runner.js:2439:5)\n    at Async.drainQueues (https://exit-kxgu.onrender.com/__cypress/runner/cypress_runner.js:2309:14)\nFrom Your Spec Code:\n    at Context.eval (webpack://exitease/./cypress/integration/backend/backendTests.spec.js:127:7)",
                "diff": null
              },
              "uuid": "79f0b610-dec2-4ad6-8afb-38969be7ed9b",
              "parentUUID": "c20d4e74-4663-4edc-b089-66da73bb3a61",
              "isHook": false,
              "skipped": false
            },
            {
              "title": "should allow the admin to view all questionnaire responses",
              "fullTitle": "Backend API Tests for Employee and Admin Role should allow the admin to view all questionnaire responses",
              "timedOut": null,
              "duration": 519,
              "state": "failed",
              "speed": null,
              "pass": false,
              "fail": true,
              "pending": false,
              "context": null,
              "code": "const token = Cypress.env(\"adminAuthToken\");\nconst expectedResponses = [{\n  questionText: \"What prompted you to start looking for another job?\",\n  response: \"Lack of career growth opportunities\"\n}, {\n  questionText: \"Would you recommend this company to others?\",\n  response: \"Yes, with some reservations\"\n}];\ncy.request({\n  method: \"GET\",\n  url: `${apiUrl}/admin/exit_responses`,\n  headers: {\n    Authorization: `${token}`\n  }\n}).then(response => {\n  expect(response.status).to.eq(200);\n  expect(response.body.data).to.be.an(\"array\");\n  // Find an entry whose responses match exactly our expectedResponses\n  const hasExpected = response.body.data.some(item => {\n    if (item.resignationId !== employeeResignationId) {\n      return false;\n    }\n    // Check that the array of responses matches\n    return Array.isArray(item.responses) && item.responses.length === expectedResponses.length && item.responses.every((resp, i) => {\n      return resp.questionText === expectedResponses[i].questionText && resp.response === expectedResponses[i].response;\n    });\n  });\n  expect(hasExpected).to.be.true;\n});",
              "err": {
                "message": "CypressError: `cy.request()` failed on:\n\nhttps://exit-kxgu.onrender.com/api/admin/exit_responses\n\nThe response we received from your web server was:\n\n  > 404: Not Found\n\nThis was considered a failure because the status code was not `2xx` or `3xx`.\n\nIf you do not want status codes to cause failures pass the option: `failOnStatusCode: false`\n\n-----------------------------------------------------------\n\nThe request we sent was:\n\nMethod: GET\nURL: https://exit-kxgu.onrender.com/api/admin/exit_responses\nHeaders: {\n  \"Connection\": \"keep-alive\",\n  \"Authorization\": \"undefined\",\n  \"user-agent\": \"Mozilla/5.0 (Windows NT 10.0; Win64; x64) AppleWebKit/537.36 (KHTML, like Gecko) Cypress/13.17.0 Chrome/118.0.5993.159 Electron/27.3.10 Safari/537.36\",\n  \"accept\": \"*/*\",\n  \"accept-encoding\": \"gzip, deflate\"\n}\n\n-----------------------------------------------------------\n\nThe response we got was:\n\nStatus: 404 - Not Found\nHeaders: {\n  \"date\": \"Sat, 31 May 2025 18:04:19 GMT\",\n  \"content-type\": \"application/json; charset=utf-8\",\n  \"transfer-encoding\": \"chunked\",\n  \"connection\": \"keep-alive\",\n  \"access-control-allow-origin\": \"*\",\n  \"etag\": \"W/\\\"1b-772e0u4nrE48ogbR0KmKfSvrHUE\\\"\",\n  \"rndr-id\": \"fc175182-eb3b-455a\",\n  \"vary\": \"Accept-Encoding\",\n  \"x-powered-by\": \"Express\",\n  \"x-render-origin-server\": \"Render\",\n  \"cf-cache-status\": \"DYNAMIC\",\n  \"server\": \"cloudflare\",\n  \"cf-ray\": \"948864996b283f78-BOM\",\n  \"content-encoding\": \"gzip\",\n  \"alt-svc\": \"h3=\\\":443\\\"; ma=86400\"\n}\nBody: {\n  \"error\": \"Route not found\"\n}\n\n\nhttps://on.cypress.io/request",
                "estack": "CypressError: `cy.request()` failed on:\n\nhttps://exit-kxgu.onrender.com/api/admin/exit_responses\n\nThe response we received from your web server was:\n\n  > 404: Not Found\n\nThis was considered a failure because the status code was not `2xx` or `3xx`.\n\nIf you do not want status codes to cause failures pass the option: `failOnStatusCode: false`\n\n-----------------------------------------------------------\n\nThe request we sent was:\n\nMethod: GET\nURL: https://exit-kxgu.onrender.com/api/admin/exit_responses\nHeaders: {\n  \"Connection\": \"keep-alive\",\n  \"Authorization\": \"undefined\",\n  \"user-agent\": \"Mozilla/5.0 (Windows NT 10.0; Win64; x64) AppleWebKit/537.36 (KHTML, like Gecko) Cypress/13.17.0 Chrome/118.0.5993.159 Electron/27.3.10 Safari/537.36\",\n  \"accept\": \"*/*\",\n  \"accept-encoding\": \"gzip, deflate\"\n}\n\n-----------------------------------------------------------\n\nThe response we got was:\n\nStatus: 404 - Not Found\nHeaders: {\n  \"date\": \"Sat, 31 May 2025 18:04:19 GMT\",\n  \"content-type\": \"application/json; charset=utf-8\",\n  \"transfer-encoding\": \"chunked\",\n  \"connection\": \"keep-alive\",\n  \"access-control-allow-origin\": \"*\",\n  \"etag\": \"W/\\\"1b-772e0u4nrE48ogbR0KmKfSvrHUE\\\"\",\n  \"rndr-id\": \"fc175182-eb3b-455a\",\n  \"vary\": \"Accept-Encoding\",\n  \"x-powered-by\": \"Express\",\n  \"x-render-origin-server\": \"Render\",\n  \"cf-cache-status\": \"DYNAMIC\",\n  \"server\": \"cloudflare\",\n  \"cf-ray\": \"948864996b283f78-BOM\",\n  \"content-encoding\": \"gzip\",\n  \"alt-svc\": \"h3=\\\":443\\\"; ma=86400\"\n}\nBody: {\n  \"error\": \"Route not found\"\n}\n\n\nhttps://on.cypress.io/request\n    at <unknown> (https://exit-kxgu.onrender.com/__cypress/runner/cypress_runner.js:132876:72)\n    at tryCatcher (https://exit-kxgu.onrender.com/__cypress/runner/cypress_runner.js:1830:23)\n    at Promise._settlePromiseFromHandler (https://exit-kxgu.onrender.com/__cypress/runner/cypress_runner.js:1542:31)\n    at Promise._settlePromise (https://exit-kxgu.onrender.com/__cypress/runner/cypress_runner.js:1599:18)\n    at Promise._settlePromise0 (https://exit-kxgu.onrender.com/__cypress/runner/cypress_runner.js:1644:10)\n    at Promise._settlePromises (https://exit-kxgu.onrender.com/__cypress/runner/cypress_runner.js:1724:18)\n    at _drainQueueStep (https://exit-kxgu.onrender.com/__cypress/runner/cypress_runner.js:2430:12)\n    at _drainQueue (https://exit-kxgu.onrender.com/__cypress/runner/cypress_runner.js:2423:9)\n    at Async._drainQueues (https://exit-kxgu.onrender.com/__cypress/runner/cypress_runner.js:2439:5)\n    at Async.drainQueues (https://exit-kxgu.onrender.com/__cypress/runner/cypress_runner.js:2309:14)\nFrom Your Spec Code:\n    at Context.eval (webpack://exitease/./cypress/integration/backend/backendTests.spec.js:171:7)",
                "diff": null
              },
              "uuid": "d68e56c5-33b3-4b11-a0e4-2349b8bc392e",
              "parentUUID": "c20d4e74-4663-4edc-b089-66da73bb3a61",
              "isHook": false,
              "skipped": false
            }
          ],
          "suites": [],
          "passes": [],
          "failures": [
            "1aecdab6-2991-42b0-84df-17a4b20b8247",
            "51ba24ce-0bc0-44f4-a089-14eabf4e7117",
            "7fe42d79-79e2-4369-9e9f-7bb3dd27ff36",
            "a90fb9ff-35d7-40d9-b943-f709115fe8e2",
            "6effa139-d542-4502-ac66-25927b32322c",
            "1be482da-d4cb-4c85-9af9-7311bc8335d4",
            "79f0b610-dec2-4ad6-8afb-38969be7ed9b",
            "d68e56c5-33b3-4b11-a0e4-2349b8bc392e"
          ],
          "pending": [],
          "skipped": [],
          "duration": 4843,
          "root": false,
          "rootEmpty": false,
          "_timeout": 2000
        }
      ],
      "passes": [],
      "failures": [],
      "pending": [],
      "skipped": [],
      "duration": 0,
      "root": true,
      "rootEmpty": true,
      "_timeout": 2000
    }
  ],
  "meta": {
    "mocha": {
      "version": "7.0.1"
    },
    "mochawesome": {
      "options": {
        "quiet": false,
        "reportFilename": "my-report",
        "saveHtml": true,
        "saveJson": true,
        "consoleReporter": "spec",
        "useInlineDiffs": false,
        "code": true
      },
      "version": "7.1.3"
    },
    "marge": {
      "options": {
        "charts": true,
        "json": true,
        "reportsDir": "reports/your-reports-folder",
        "reportFilename": "my-report",
        "overwrite": false
      },
      "version": "6.2.0"
    }
  }
}