{
  "stats": {
    "suites": 1,
    "tests": 7,
    "passes": 3,
    "pending": 2,
    "failures": 2,
    "start": "2025-06-01T09:34:32.541Z",
    "end": "2025-06-01T09:34:40.015Z",
    "duration": 7474,
    "testsRegistered": 8,
    "passPercent": 50,
    "pendingPercent": 25,
    "other": 1,
    "hasOther": true,
    "skipped": 0,
    "hasSkipped": false
  },
  "results": [
    {
      "uuid": "bb0f083b-daa3-4668-8178-e516789bddb7",
      "title": "",
      "fullFile": "cypress\\integration\\backend\\backendTests.spec.js",
      "file": "cypress\\integration\\backend\\backendTests.spec.js",
      "beforeHooks": [],
      "afterHooks": [],
      "tests": [],
      "suites": [
        {
          "uuid": "a4de5d42-c347-4cd1-ba18-1016cceefb54",
          "title": "Backend API Tests for Employee and Admin Role",
          "fullFile": "",
          "file": "",
          "beforeHooks": [],
          "afterHooks": [],
          "tests": [
            {
              "title": "should register a new employee",
              "fullTitle": "Backend API Tests for Employee and Admin Role should register a new employee",
              "timedOut": null,
              "duration": 1783,
              "state": "passed",
              "speed": "fast",
              "pass": true,
              "fail": false,
              "pending": false,
              "context": null,
              "code": "cy.request(\"POST\", `${apiUrl}/auth/register`, {\n  username: employeeUsername,\n  email: employeeEmail,\n  password: employeePassword\n}).then(response => {\n  expect(response.status).to.eq(201);\n  expect(response.body).to.have.property(\"message\", \"User registered successfully\");\n});",
              "err": {},
              "uuid": "9cba6c4a-7bcd-4311-93d3-9d41484a9b40",
              "parentUUID": "a4de5d42-c347-4cd1-ba18-1016cceefb54",
              "isHook": false,
              "skipped": false
            },
            {
              "title": "should login the employee with valid credentials",
              "fullTitle": "Backend API Tests for Employee and Admin Role should login the employee with valid credentials",
              "timedOut": null,
              "duration": 1060,
              "state": "passed",
              "speed": "fast",
              "pass": true,
              "fail": false,
              "pending": false,
              "context": null,
              "code": "cy.request(\"POST\", `${apiUrl}/auth/login`, {\n  email: employeeEmail,\n  password: employeePassword\n}).then(response => {\n  expect(response.status).to.eq(200);\n  expect(response.body).to.have.property(\"token\");\n  // Store the raw JWT for later\n  Cypress.env(\"employeeAuthToken\", response.body.token);\n});",
              "err": {},
              "uuid": "e806d25a-cd5f-404a-86ca-e4a9d91bf869",
              "parentUUID": "a4de5d42-c347-4cd1-ba18-1016cceefb54",
              "isHook": false,
              "skipped": false
            },
            {
              "title": "should submit resignation for an employee",
              "fullTitle": "Backend API Tests for Employee and Admin Role should submit resignation for an employee",
              "timedOut": null,
              "duration": 1001,
              "state": "failed",
              "speed": null,
              "pass": false,
              "fail": true,
              "pending": false,
              "context": null,
              "code": "const token = Cypress.env(\"employeeAuthToken\");\ncy.request({\n  method: \"POST\",\n  url: `${apiUrl}/user/resign`,\n  headers: {\n    Authorization: `Bearer ${token}` // <— MUST be “Bearer <token>”\n  },\n  body: {\n    lwd: \"2024-12-26\" // any valid date string\n  },\n  failOnStatusCode: false // in case it returns 401 or 400\n}).then(response => {\n  // Expect status 200 & a resignation ID\n  expect(response.status).to.eq(200);\n  expect(response.body).to.have.nested.property(\"data.resignation._id\");\n  employeeResignationId = response.body.data.resignation._id;\n});",
              "err": {
                "message": "AssertionError: expected 400 to equal 200",
                "estack": "AssertionError: expected 400 to equal 200\n    at Context.eval (webpack://exitease/./cypress/integration/backend/backendTests.spec.js:57:33)",
                "diff": "- 400\n+ 200\n"
              },
              "uuid": "bb350f37-6b20-4539-b86c-b2128f36cd64",
              "parentUUID": "a4de5d42-c347-4cd1-ba18-1016cceefb54",
              "isHook": false,
              "skipped": false
            },
            {
              "title": "should login as admin (HR)",
              "fullTitle": "Backend API Tests for Employee and Admin Role should login as admin (HR)",
              "timedOut": null,
              "duration": 1034,
              "state": "passed",
              "speed": "fast",
              "pass": true,
              "fail": false,
              "pending": false,
              "context": null,
              "code": "// The deployed backend now expects { email, password } for login.\n// We assume the HR/admin user was created with email \"admin@example.com\" and password \"admin\".\ncy.request(\"POST\", `${apiUrl}/auth/login`, {\n  email: \"admin@example.com\",\n  // <— must match your deployed admin’s email\n  password: \"admin\"\n}).then(response => {\n  expect(response.status).to.eq(200);\n  expect(response.body).to.have.property(\"token\");\n  Cypress.env(\"adminAuthToken\", response.body.token);\n});",
              "err": {},
              "uuid": "2381102e-1a96-4142-8c88-592f6d0d5d6c",
              "parentUUID": "a4de5d42-c347-4cd1-ba18-1016cceefb54",
              "isHook": false,
              "skipped": false
            },
            {
              "title": "should view all resignations submitted by employees as admin",
              "fullTitle": "Backend API Tests for Employee and Admin Role should view all resignations submitted by employees as admin",
              "timedOut": null,
              "duration": 1601,
              "state": "failed",
              "speed": null,
              "pass": false,
              "fail": true,
              "pending": false,
              "context": null,
              "code": "const token = Cypress.env(\"adminAuthToken\");\ncy.request({\n  method: \"GET\",\n  url: `${apiUrl}/admin/resignations`,\n  headers: {\n    Authorization: `Bearer ${token}`\n  },\n  failOnStatusCode: false\n}).then(response => {\n  expect(response.status).to.eq(200);\n  expect(response.body.data).to.be.an(\"array\");\n  // Confirm that our earlier resignation _id is present\n  const found = response.body.data.some(r => r._id === employeeResignationId);\n  expect(found).to.be.true;\n});",
              "err": {
                "message": "AssertionError: expected false to be true",
                "estack": "AssertionError: expected false to be true\n    at Context.eval (webpack://exitease/./cypress/integration/backend/backendTests.spec.js:95:26)",
                "diff": null
              },
              "uuid": "5e25f5bb-a21c-4621-bf7b-f20191ddf7d8",
              "parentUUID": "a4de5d42-c347-4cd1-ba18-1016cceefb54",
              "isHook": false,
              "skipped": false
            },
            {
              "title": "should approve the employee’s resignation as admin",
              "fullTitle": "Backend API Tests for Employee and Admin Role should approve the employee’s resignation as admin",
              "timedOut": null,
              "duration": 762,
              "state": "failed",
              "speed": null,
              "pass": false,
              "fail": true,
              "pending": false,
              "context": null,
              "code": "const token = Cypress.env(\"adminAuthToken\");\ncy.request({\n  method: \"PUT\",\n  url: `${apiUrl}/admin/conclude_resignation`,\n  headers: {\n    Authorization: `Bearer ${token}`,\n    \"Content-Type\": \"application/json\"\n  },\n  body: {\n    resignationId: employeeResignationId,\n    approved: true,\n    lwd: \"26 Dec 2024\"\n  },\n  failOnStatusCode: false\n}).then(response => {\n  expect(response.status).to.eq(200);\n  expect(response.body.data).to.have.property(\"status\", \"Approved\");\n});",
              "err": {
                "message": "AssertionError: expected 400 to equal 200",
                "estack": "AssertionError: expected 400 to equal 200\n    at Context.eval (webpack://exitease/./cypress/integration/backend/backendTests.spec.js:116:33)",
                "diff": "- 400\n+ 200\n"
              },
              "uuid": "6b9f3ecd-90b0-4758-b663-74768bb31fec",
              "parentUUID": "a4de5d42-c347-4cd1-ba18-1016cceefb54",
              "isHook": false,
              "skipped": false
            },
            {
              "title": "should allow the employee to submit responses to exit questionnaire",
              "fullTitle": "Backend API Tests for Employee and Admin Role should allow the employee to submit responses to exit questionnaire",
              "timedOut": null,
              "duration": 0,
              "state": "pending",
              "speed": null,
              "pass": false,
              "fail": false,
              "pending": true,
              "context": null,
              "code": "const token = Cypress.env(\"employeeAuthToken\");\ncy.request({\n  method: \"POST\",\n  url: `${apiUrl}/user/responses`,\n  headers: {\n    Authorization: `Bearer ${token}`,\n    \"Content-Type\": \"application/json\"\n  },\n  body: {\n    resignationId: employeeResignationId,\n    responses: [{\n      questionText: \"What prompted you to start looking for another job?\",\n      response: \"Lack of career growth opportunities\"\n    }, {\n      questionText: \"Would you recommend this company to others?\",\n      response: \"Yes, with some reservations\"\n    }]\n  },\n  failOnStatusCode: false\n}).then(response => {\n  expect(response.status).to.eq(200);\n  expect(response.body.data).to.have.property(\"resignationId\", employeeResignationId);\n});",
              "err": {},
              "uuid": "a07529fc-f4c3-4bc4-a699-74017f1cdcb2",
              "parentUUID": "a4de5d42-c347-4cd1-ba18-1016cceefb54",
              "isHook": false,
              "skipped": false
            },
            {
              "title": "should allow the admin to view all questionnaire responses",
              "fullTitle": "Backend API Tests for Employee and Admin Role should allow the admin to view all questionnaire responses",
              "timedOut": null,
              "duration": 0,
              "state": "pending",
              "speed": null,
              "pass": false,
              "fail": false,
              "pending": true,
              "context": null,
              "code": "const token = Cypress.env(\"adminAuthToken\");\ncy.request({\n  method: \"GET\",\n  url: `${apiUrl}/admin/exit_responses`,\n  headers: {\n    Authorization: `Bearer ${token}`\n  },\n  failOnStatusCode: false\n}).then(response => {\n  expect(response.status).to.eq(200);\n  expect(response.body.data).to.be.an(\"array\");\n  // Check that an entry matches our resignationId and expected responses:\n  const expected = [{\n    questionText: \"What prompted you to start looking for another job?\",\n    response: \"Lack of career growth opportunities\"\n  }, {\n    questionText: \"Would you recommend this company to others?\",\n    response: \"Yes, with some reservations\"\n  }];\n  const found = response.body.data.some(item => {\n    if (item.resignationId !== employeeResignationId) return false;\n    return Array.isArray(item.responses) && item.responses.length === expected.length && item.responses.every((resp, i) => {\n      return resp.questionText === expected[i].questionText && resp.response === expected[i].response;\n    });\n  });\n  expect(found).to.be.true;\n});",
              "err": {},
              "uuid": "912da71b-2818-4312-8cae-be9a32eaa2f9",
              "parentUUID": "a4de5d42-c347-4cd1-ba18-1016cceefb54",
              "isHook": false,
              "skipped": false
            }
          ],
          "suites": [],
          "passes": [
            "9cba6c4a-7bcd-4311-93d3-9d41484a9b40",
            "e806d25a-cd5f-404a-86ca-e4a9d91bf869",
            "2381102e-1a96-4142-8c88-592f6d0d5d6c"
          ],
          "failures": [
            "bb350f37-6b20-4539-b86c-b2128f36cd64",
            "5e25f5bb-a21c-4621-bf7b-f20191ddf7d8",
            "6b9f3ecd-90b0-4758-b663-74768bb31fec"
          ],
          "pending": [
            "a07529fc-f4c3-4bc4-a699-74017f1cdcb2",
            "912da71b-2818-4312-8cae-be9a32eaa2f9"
          ],
          "skipped": [],
          "duration": 7241,
          "root": false,
          "rootEmpty": false,
          "_timeout": 2000
        }
      ],
      "passes": [],
      "failures": [],
      "pending": [],
      "skipped": [],
      "duration": 0,
      "root": true,
      "rootEmpty": true,
      "_timeout": 2000
    }
  ],
  "meta": {
    "mocha": {
      "version": "7.0.1"
    },
    "mochawesome": {
      "options": {
        "quiet": false,
        "reportFilename": "my-report",
        "saveHtml": true,
        "saveJson": true,
        "consoleReporter": "spec",
        "useInlineDiffs": false,
        "code": true
      },
      "version": "7.1.3"
    },
    "marge": {
      "options": {
        "charts": true,
        "json": true,
        "reportsDir": "reports/your-reports-folder",
        "reportFilename": "my-report",
        "overwrite": false
      },
      "version": "6.2.0"
    }
  }
}