{
  "stats": {
    "suites": 1,
    "tests": 12,
    "passes": 8,
    "pending": 0,
    "failures": 4,
    "start": "2025-06-01T19:05:07.745Z",
    "end": "2025-06-01T19:05:17.637Z",
    "duration": 9892,
    "testsRegistered": 12,
    "passPercent": 66.66666666666666,
    "pendingPercent": 0,
    "other": 0,
    "hasOther": false,
    "skipped": 0,
    "hasSkipped": false
  },
  "results": [
    {
      "uuid": "84516a43-6a31-4ce1-89a9-40a3a4de24d4",
      "title": "",
      "fullFile": "cypress\\integration\\backend\\backendTests.spec.js",
      "file": "cypress\\integration\\backend\\backendTests.spec.js",
      "beforeHooks": [],
      "afterHooks": [],
      "tests": [],
      "suites": [
        {
          "uuid": "0eb23518-33dc-47f1-a74f-c728580c8524",
          "title": "Backend API Tests for Employee and Admin Role",
          "fullFile": "",
          "file": "",
          "beforeHooks": [],
          "afterHooks": [],
          "tests": [
            {
              "title": "should register a new employee",
              "fullTitle": "Backend API Tests for Employee and Admin Role should register a new employee",
              "timedOut": null,
              "duration": 228,
              "state": "passed",
              "speed": "fast",
              "pass": true,
              "fail": false,
              "pending": false,
              "context": null,
              "code": "cy.request(\"POST\", `${apiUrl}/auth/register`, {\n  username: employeeUsername,\n  email: employeeEmail,\n  password: employeePassword\n}).then(response => {\n  logIfBadStatus(response, 201);\n  expect(response.status).to.eq(201);\n  expect(response.body).to.have.property('message', 'User registered successfully');\n});",
              "err": {},
              "uuid": "505c6c75-8641-43dd-a270-9bf6bbf9d035",
              "parentUUID": "0eb23518-33dc-47f1-a74f-c728580c8524",
              "isHook": false,
              "skipped": false
            },
            {
              "title": "should login the employee with valid credentials",
              "fullTitle": "Backend API Tests for Employee and Admin Role should login the employee with valid credentials",
              "timedOut": null,
              "duration": 265,
              "state": "failed",
              "speed": null,
              "pass": false,
              "fail": true,
              "pending": false,
              "context": null,
              "code": "cy.request({\n  method: 'POST',\n  url: `${baseUrl}/api/auth/login`,\n  body: {\n    username: employeeUsername,\n    password: 'password123'\n  }\n}).then(response => {\n  expect(response.status).to.eq(200);\n  expect(response.body).to.have.property('token');\n  employeeToken = response.body.token;\n});",
              "err": {
                "message": "ReferenceError: baseUrl is not defined",
                "estack": "ReferenceError: baseUrl is not defined\n    at Context.eval (webpack://exitease/./cypress/integration/backend/backendTests.spec.js:41:14)",
                "diff": null
              },
              "uuid": "86d532ba-73b4-43ab-aabf-f3f1a1377e26",
              "parentUUID": "0eb23518-33dc-47f1-a74f-c728580c8524",
              "isHook": false,
              "skipped": false
            },
            {
              "title": "should submit resignation for an employee",
              "fullTitle": "Backend API Tests for Employee and Admin Role should submit resignation for an employee",
              "timedOut": null,
              "duration": 256,
              "state": "failed",
              "speed": null,
              "pass": false,
              "fail": true,
              "pending": false,
              "context": null,
              "code": "cy.request({\n  method: 'POST',\n  url: `${baseUrl}/api/user/resign`,\n  headers: {\n    Authorization: employeeToken\n  },\n  body: {\n    intendedLastWorkingDay: \"2024-12-26\"\n  }\n}).then(response => {\n  expect(response.status).to.eq(200);\n  expect(response.body.data).to.have.property('resignation');\n  expect(response.body.data.resignation).to.have.property('_id');\n  resignationId = response.body.data.resignation._id;\n});",
              "err": {
                "message": "ReferenceError: baseUrl is not defined",
                "estack": "ReferenceError: baseUrl is not defined\n    at Context.eval (webpack://exitease/./cypress/integration/backend/backendTests.spec.js:56:14)",
                "diff": null
              },
              "uuid": "dfdfb857-09cd-4c2b-b2d3-f85077a562f6",
              "parentUUID": "0eb23518-33dc-47f1-a74f-c728580c8524",
              "isHook": false,
              "skipped": false
            },
            {
              "title": "should login as admin (HR)",
              "fullTitle": "Backend API Tests for Employee and Admin Role should login as admin (HR)",
              "timedOut": null,
              "duration": 195,
              "state": "failed",
              "speed": null,
              "pass": false,
              "fail": true,
              "pending": false,
              "context": null,
              "code": "cy.request({\n  method: 'POST',\n  url: `${baseUrl}/api/auth/login`,\n  body: {\n    username: 'admin',\n    password: 'admin'\n  }\n}).then(response => {\n  expect(response.status).to.eq(200);\n  expect(response.body).to.have.property('token');\n  adminToken = response.body.token;\n});",
              "err": {
                "message": "ReferenceError: baseUrl is not defined",
                "estack": "ReferenceError: baseUrl is not defined\n    at Context.eval (webpack://exitease/./cypress/integration/backend/backendTests.spec.js:74:14)",
                "diff": null
              },
              "uuid": "d2b27c9e-b4a7-4a63-b70e-026cbabb2736",
              "parentUUID": "0eb23518-33dc-47f1-a74f-c728580c8524",
              "isHook": false,
              "skipped": false
            },
            {
              "title": "should view all resignations submitted by employees as admin",
              "fullTitle": "Backend API Tests for Employee and Admin Role should view all resignations submitted by employees as admin",
              "timedOut": null,
              "duration": 234,
              "state": "failed",
              "speed": null,
              "pass": false,
              "fail": true,
              "pending": false,
              "context": null,
              "code": "cy.request({\n  method: 'GET',\n  url: `${baseUrl}/api/admin/resignations`,\n  headers: {\n    Authorization: adminToken\n  }\n}).then(response => {\n  expect(response.status).to.eq(200);\n  expect(response.body.data).to.be.an('array');\n  // Verify our test resignation is in the list\n  const testResignation = response.body.data.find(r => r._id === resignationId);\n  expect(testResignation).to.exist;\n});",
              "err": {
                "message": "ReferenceError: baseUrl is not defined",
                "estack": "ReferenceError: baseUrl is not defined\n    at Context.eval (webpack://exitease/./cypress/integration/backend/backendTests.spec.js:89:14)",
                "diff": null
              },
              "uuid": "e5ebb950-fc0e-4117-8dfe-5f86ab8bd123",
              "parentUUID": "0eb23518-33dc-47f1-a74f-c728580c8524",
              "isHook": false,
              "skipped": false
            },
            {
              "title": "should login the employee with valid credentials",
              "fullTitle": "Backend API Tests for Employee and Admin Role should login the employee with valid credentials",
              "timedOut": null,
              "duration": 121,
              "state": "passed",
              "speed": "fast",
              "pass": true,
              "fail": false,
              "pending": false,
              "context": null,
              "code": "cy.request(\"POST\", `${apiUrl}/auth/login`, {\n  email: employeeEmail,\n  password: employeePassword\n}).then(response => {\n  logIfBadStatus(response, 200);\n  expect(response.status).to.eq(200);\n  expect(response.body).to.have.property(\"token\");\n  Cypress.env(\"employeeAuthToken\", response.body.token);\n});",
              "err": {},
              "uuid": "f1930796-ef26-40ef-8b7f-38e26d1df6a3",
              "parentUUID": "0eb23518-33dc-47f1-a74f-c728580c8524",
              "isHook": false,
              "skipped": false
            },
            {
              "title": "should submit resignation for an employee",
              "fullTitle": "Backend API Tests for Employee and Admin Role should submit resignation for an employee",
              "timedOut": null,
              "duration": 3978,
              "state": "passed",
              "speed": "fast",
              "pass": true,
              "fail": false,
              "pending": false,
              "context": null,
              "code": "const token = Cypress.env(\"employeeAuthToken\");\ncy.request({\n  method: \"POST\",\n  url: `${apiUrl}/user/resign`,\n  headers: {\n    Authorization: `Bearer ${token}`\n  },\n  body: {\n    intendedLastWorkingDay: \"2026-03-11T00:00:00.000Z\",\n    reason: \"nahi jana hai\"\n  },\n  failOnStatusCode: false\n}).then(response => {\n  // The API returns 201 on success\n  logIfBadStatus(response, 201);\n  expect(response.status).to.eq(201);\n  // Grab the newly created resignation _id\n  const newId = response.body.data._id;\n  expect(newId).to.be.a(\"string\").and.not.be.empty;\n  // 1) store locally so we can reference it in this file\n  employeeResignationId = newId;\n  // 2) **ALSO** push it into Cypress.env(...) so later tests can read it:\n  Cypress.env(\"employeeResignationId\", newId);\n  // (optional) print it to the console so you can confirm:\n  console.log(\"▶ employeeResignationId =\", newId);\n});",
              "err": {},
              "uuid": "5b1c4ff4-4a64-4847-a2af-a12cf4e9576d",
              "parentUUID": "0eb23518-33dc-47f1-a74f-c728580c8524",
              "isHook": false,
              "skipped": false
            },
            {
              "title": "should login as admin (HR)",
              "fullTitle": "Backend API Tests for Employee and Admin Role should login as admin (HR)",
              "timedOut": null,
              "duration": 124,
              "state": "passed",
              "speed": "fast",
              "pass": true,
              "fail": false,
              "pending": false,
              "context": null,
              "code": "cy.request(\"POST\", `${apiUrl}/auth/login`, {\n  email: \"admin@example.com\",\n  // must match your deployed admin’s email\n  password: \"admin\"\n}).then(response => {\n  logIfBadStatus(response, 200);\n  expect(response.status).to.eq(200);\n  expect(response.body).to.have.property(\"token\");\n  Cypress.env(\"adminAuthToken\", response.body.token);\n});",
              "err": {},
              "uuid": "796df545-556e-4f95-9616-d742e62d456b",
              "parentUUID": "0eb23518-33dc-47f1-a74f-c728580c8524",
              "isHook": false,
              "skipped": false
            },
            {
              "title": "should view all resignations submitted by employees as admin",
              "fullTitle": "Backend API Tests for Employee and Admin Role should view all resignations submitted by employees as admin",
              "timedOut": null,
              "duration": 78,
              "state": "passed",
              "speed": "fast",
              "pass": true,
              "fail": false,
              "pending": false,
              "context": null,
              "code": "const token = Cypress.env(\"adminAuthToken\");\ncy.request({\n  method: \"GET\",\n  url: `${apiUrl}/admin/resignations`,\n  headers: {\n    Authorization: `Bearer ${token}`\n  },\n  failOnStatusCode: false\n}).then(response => {\n  logIfBadStatus(response, 200);\n  expect(response.status).to.eq(200);\n  expect(response.body.data).to.be.an(\"array\");\n  // Confirm that our newly‐created resignationId appears in the list\n  const found = response.body.data.some(r => r._id === employeeResignationId);\n  expect(found).to.be.true;\n});",
              "err": {},
              "uuid": "d0c133db-98bf-49dc-a072-e57ec6c4f831",
              "parentUUID": "0eb23518-33dc-47f1-a74f-c728580c8524",
              "isHook": false,
              "skipped": false
            },
            {
              "title": "should approve the employee’s resignation as admin",
              "fullTitle": "Backend API Tests for Employee and Admin Role should approve the employee’s resignation as admin",
              "timedOut": null,
              "duration": 3959,
              "state": "passed",
              "speed": "fast",
              "pass": true,
              "fail": false,
              "pending": false,
              "context": null,
              "code": "const token = Cypress.env(\"adminAuthToken\");\ncy.request({\n  method: \"PUT\",\n  url: `${apiUrl}/admin/conclude_resignation`,\n  headers: {\n    Authorization: `Bearer ${token}`,\n    \"Content-Type\": \"application/json\"\n  },\n  body: {\n    resignationId: employeeResignationId,\n    approved: true,\n    intendedLastWorkingDay: \"2026-03-11T00:00:00.000Z\",\n    exitDate: \"2028-10-11T00:00:00.000Z\"\n  },\n  failOnStatusCode: false\n}).then(response => {\n  logIfBadStatus(response, 200);\n  expect(response.status).to.eq(200);\n  expect(response.body.data).to.have.property(\"status\", \"Approved\");\n  // Re‐store it in case anything overwrote it (not strictly required,\n  // but harmless):\n  Cypress.env(\"employeeResignationId\", response.body.data._id);\n});",
              "err": {},
              "uuid": "980018ca-31a0-407c-9064-7d9b1387b88a",
              "parentUUID": "0eb23518-33dc-47f1-a74f-c728580c8524",
              "isHook": false,
              "skipped": false
            },
            {
              "title": "should allow the employee to submit responses to exit questionnaire",
              "fullTitle": "Backend API Tests for Employee and Admin Role should allow the employee to submit responses to exit questionnaire",
              "timedOut": null,
              "duration": 70,
              "state": "passed",
              "speed": "fast",
              "pass": true,
              "fail": false,
              "pending": false,
              "context": null,
              "code": "const token = Cypress.env(\"employeeAuthToken\");\nconst resignationId = Cypress.env(\"employeeResignationId\");\n// └── if this is still undefined, Cypress will immediately error out.\n// Debug: print it to the Cypress console so you can confirm it's set\nconsole.log(\"▶ About to POST exit responses for resignationId =\", resignationId);\ncy.request({\n  method: \"POST\",\n  url: `${apiUrl}/user/responses`,\n  headers: {\n    Authorization: `Bearer ${token}`,\n    \"Content-Type\": \"application/json\"\n  },\n  body: {\n    resignationId,\n    responses: [{\n      questionText: \"What prompted you to start looking for another job?\",\n      response: \"Lack of career growth opportunities\"\n    }, {\n      questionText: \"Would you recommend this company to others?\",\n      response: \"Yes, with some reservations\"\n    }]\n  },\n  failOnStatusCode: false\n}).then(response => {\n  // The controller returns 201 on success\n  logIfBadStatus(response, 201);\n  expect(response.status).to.eq(201);\n  expect(response.body).to.have.property(\"message\", \"Exit interview submitted\");\n  const {\n    data\n  } = response.body;\n  // Make sure the returned document has at least these fields:\n  expect(data).to.have.property(\"resignation\", resignationId);\n  expect(data).to.have.property(\"employee\");\n  expect(data).to.have.property(\"responses\");\n  expect(data.responses).to.be.an(\"array\").and.have.length(2);\n});",
              "err": {},
              "uuid": "c42cd8ad-a555-42b8-a03e-006f08c826b8",
              "parentUUID": "0eb23518-33dc-47f1-a74f-c728580c8524",
              "isHook": false,
              "skipped": false
            },
            {
              "title": "should allow the admin to view all questionnaire responses",
              "fullTitle": "Backend API Tests for Employee and Admin Role should allow the admin to view all questionnaire responses",
              "timedOut": null,
              "duration": 48,
              "state": "passed",
              "speed": "fast",
              "pass": true,
              "fail": false,
              "pending": false,
              "context": null,
              "code": "const token = Cypress.env(\"adminAuthToken\");\nconst resignationId = Cypress.env(\"employeeResignationId\");\nconsole.log(\"▶ About to GET exit_responses; looking for resignationId =\", resignationId);\ncy.request({\n  method: \"GET\",\n  url: `${apiUrl}/admin/exit_responses`,\n  headers: {\n    Authorization: `Bearer ${token}`\n  },\n  failOnStatusCode: false\n}).then(response => {\n  logIfBadStatus(response, 200);\n  expect(response.status).to.eq(200);\n  expect(response.body.data).to.be.an(\"array\");\n  // Find the entry whose `.resignation` matches our ID:\n  const found = response.body.data.find(item => {\n    return item.resignation && typeof item.resignation === 'object' && item.resignation._id === resignationId;\n  });\n  expect(found, `Responses for resignationId ${resignationId} not found`).to.exist;\n});",
              "err": {},
              "uuid": "ba6bacc1-e52b-4f31-9759-774a03763e20",
              "parentUUID": "0eb23518-33dc-47f1-a74f-c728580c8524",
              "isHook": false,
              "skipped": false
            }
          ],
          "suites": [],
          "passes": [
            "505c6c75-8641-43dd-a270-9bf6bbf9d035",
            "f1930796-ef26-40ef-8b7f-38e26d1df6a3",
            "5b1c4ff4-4a64-4847-a2af-a12cf4e9576d",
            "796df545-556e-4f95-9616-d742e62d456b",
            "d0c133db-98bf-49dc-a072-e57ec6c4f831",
            "980018ca-31a0-407c-9064-7d9b1387b88a",
            "c42cd8ad-a555-42b8-a03e-006f08c826b8",
            "ba6bacc1-e52b-4f31-9759-774a03763e20"
          ],
          "failures": [
            "86d532ba-73b4-43ab-aabf-f3f1a1377e26",
            "dfdfb857-09cd-4c2b-b2d3-f85077a562f6",
            "d2b27c9e-b4a7-4a63-b70e-026cbabb2736",
            "e5ebb950-fc0e-4117-8dfe-5f86ab8bd123"
          ],
          "pending": [],
          "skipped": [],
          "duration": 9556,
          "root": false,
          "rootEmpty": false,
          "_timeout": 2000
        }
      ],
      "passes": [],
      "failures": [],
      "pending": [],
      "skipped": [],
      "duration": 0,
      "root": true,
      "rootEmpty": true,
      "_timeout": 2000
    }
  ],
  "meta": {
    "mocha": {
      "version": "7.0.1"
    },
    "mochawesome": {
      "options": {
        "quiet": false,
        "reportFilename": "my-report",
        "saveHtml": true,
        "saveJson": true,
        "consoleReporter": "spec",
        "useInlineDiffs": false,
        "code": true
      },
      "version": "7.1.3"
    },
    "marge": {
      "options": {
        "charts": true,
        "json": true,
        "reportsDir": "reports/your-reports-folder",
        "reportFilename": "my-report",
        "overwrite": false
      },
      "version": "6.2.0"
    }
  }
}