{
  "stats": {
    "suites": 1,
    "tests": 8,
    "passes": 6,
    "pending": 0,
    "failures": 2,
    "start": "2025-06-01T17:52:16.858Z",
    "end": "2025-06-01T17:52:26.209Z",
    "duration": 9351,
    "testsRegistered": 8,
    "passPercent": 75,
    "pendingPercent": 0,
    "other": 0,
    "hasOther": false,
    "skipped": 0,
    "hasSkipped": false
  },
  "results": [
    {
      "uuid": "87041c21-14db-406a-b864-4942586ed876",
      "title": "",
      "fullFile": "cypress\\integration\\backend\\backendTests.spec.js",
      "file": "cypress\\integration\\backend\\backendTests.spec.js",
      "beforeHooks": [],
      "afterHooks": [],
      "tests": [],
      "suites": [
        {
          "uuid": "fdd1b6fd-6f25-4052-8f0f-61cd37427cb1",
          "title": "Backend API Tests for Employee and Admin Role",
          "fullFile": "",
          "file": "",
          "beforeHooks": [],
          "afterHooks": [],
          "tests": [
            {
              "title": "should register a new employee",
              "fullTitle": "Backend API Tests for Employee and Admin Role should register a new employee",
              "timedOut": null,
              "duration": 153,
              "state": "passed",
              "speed": "fast",
              "pass": true,
              "fail": false,
              "pending": false,
              "context": null,
              "code": "cy.request(\"POST\", `${apiUrl}/auth/register`, {\n  username: employeeUsername,\n  email: employeeEmail,\n  password: employeePassword\n}).then(response => {\n  logIfBadStatus(response, 201);\n  expect(response.status).to.eq(201);\n  expect(response.body).to.have.property(\"message\", \"User registered successfully\");\n});",
              "err": {},
              "uuid": "e7cc1eb4-fc9f-4c9e-976b-91b4c63647e1",
              "parentUUID": "fdd1b6fd-6f25-4052-8f0f-61cd37427cb1",
              "isHook": false,
              "skipped": false
            },
            {
              "title": "should login the employee with valid credentials",
              "fullTitle": "Backend API Tests for Employee and Admin Role should login the employee with valid credentials",
              "timedOut": null,
              "duration": 100,
              "state": "passed",
              "speed": "fast",
              "pass": true,
              "fail": false,
              "pending": false,
              "context": null,
              "code": "cy.request(\"POST\", `${apiUrl}/auth/login`, {\n  email: employeeEmail,\n  password: employeePassword\n}).then(response => {\n  logIfBadStatus(response, 200);\n  expect(response.status).to.eq(200);\n  expect(response.body).to.have.property(\"token\");\n  Cypress.env(\"employeeAuthToken\", response.body.token);\n});",
              "err": {},
              "uuid": "cf8328b9-5120-41fa-90a5-099bc9ff3b55",
              "parentUUID": "fdd1b6fd-6f25-4052-8f0f-61cd37427cb1",
              "isHook": false,
              "skipped": false
            },
            {
              "title": "should submit resignation for an employee",
              "fullTitle": "Backend API Tests for Employee and Admin Role should submit resignation for an employee",
              "timedOut": null,
              "duration": 3557,
              "state": "passed",
              "speed": "fast",
              "pass": true,
              "fail": false,
              "pending": false,
              "context": null,
              "code": "const token = Cypress.env(\"employeeAuthToken\");\ncy.request({\n  method: \"POST\",\n  url: `${apiUrl}/user/resign`,\n  headers: {\n    Authorization: `Bearer ${token}`\n  },\n  body: {\n    intendedLastWorkingDay: \"2026-03-11T00:00:00.000Z\",\n    reason: \"nahi jana hai\"\n  },\n  failOnStatusCode: false\n}).then(response => {\n  // The API returns 201 on success\n  logIfBadStatus(response, 201);\n  expect(response.status).to.eq(201);\n  // Grab the newly created resignation _id\n  const newId = response.body.data._id;\n  expect(newId).to.be.a(\"string\").and.not.be.empty;\n  // 1) store locally so we can reference it in this file\n  employeeResignationId = newId;\n  // 2) **ALSO** push it into Cypress.env(...) so later tests can read it:\n  Cypress.env(\"employeeResignationId\", newId);\n  // (optional) print it to the console so you can confirm:\n  console.log(\"▶ employeeResignationId =\", newId);\n});",
              "err": {},
              "uuid": "1c5bcbaf-cfed-4605-9068-e5c182083383",
              "parentUUID": "fdd1b6fd-6f25-4052-8f0f-61cd37427cb1",
              "isHook": false,
              "skipped": false
            },
            {
              "title": "should login as admin (HR)",
              "fullTitle": "Backend API Tests for Employee and Admin Role should login as admin (HR)",
              "timedOut": null,
              "duration": 96,
              "state": "passed",
              "speed": "fast",
              "pass": true,
              "fail": false,
              "pending": false,
              "context": null,
              "code": "cy.request(\"POST\", `${apiUrl}/auth/login`, {\n  email: \"admin@example.com\",\n  // must match your deployed admin’s email\n  password: \"admin\"\n}).then(response => {\n  logIfBadStatus(response, 200);\n  expect(response.status).to.eq(200);\n  expect(response.body).to.have.property(\"token\");\n  Cypress.env(\"adminAuthToken\", response.body.token);\n});",
              "err": {},
              "uuid": "ca423311-7467-4a63-b5aa-0a18f309a055",
              "parentUUID": "fdd1b6fd-6f25-4052-8f0f-61cd37427cb1",
              "isHook": false,
              "skipped": false
            },
            {
              "title": "should view all resignations submitted by employees as admin",
              "fullTitle": "Backend API Tests for Employee and Admin Role should view all resignations submitted by employees as admin",
              "timedOut": null,
              "duration": 63,
              "state": "passed",
              "speed": "fast",
              "pass": true,
              "fail": false,
              "pending": false,
              "context": null,
              "code": "const token = Cypress.env(\"adminAuthToken\");\ncy.request({\n  method: \"GET\",\n  url: `${apiUrl}/admin/resignations`,\n  headers: {\n    Authorization: `Bearer ${token}`\n  },\n  failOnStatusCode: false\n}).then(response => {\n  logIfBadStatus(response, 200);\n  expect(response.status).to.eq(200);\n  expect(response.body.data).to.be.an(\"array\");\n  // Confirm that our newly‐created resignationId appears in the list\n  const found = response.body.data.some(r => r._id === employeeResignationId);\n  expect(found).to.be.true;\n});",
              "err": {},
              "uuid": "839a785d-44ad-4f17-83b2-02d1abf35020",
              "parentUUID": "fdd1b6fd-6f25-4052-8f0f-61cd37427cb1",
              "isHook": false,
              "skipped": false
            },
            {
              "title": "should approve the employee’s resignation as admin",
              "fullTitle": "Backend API Tests for Employee and Admin Role should approve the employee’s resignation as admin",
              "timedOut": null,
              "duration": 4370,
              "state": "passed",
              "speed": "fast",
              "pass": true,
              "fail": false,
              "pending": false,
              "context": null,
              "code": "const token = Cypress.env(\"adminAuthToken\");\ncy.request({\n  method: \"PUT\",\n  url: `${apiUrl}/admin/conclude_resignation`,\n  headers: {\n    Authorization: `Bearer ${token}`,\n    \"Content-Type\": \"application/json\"\n  },\n  body: {\n    resignationId: employeeResignationId,\n    approved: true,\n    intendedLastWorkingDay: \"2026-03-11T00:00:00.000Z\",\n    exitDate: \"2028-10-11T00:00:00.000Z\"\n  },\n  failOnStatusCode: false\n}).then(response => {\n  logIfBadStatus(response, 200);\n  expect(response.status).to.eq(200);\n  expect(response.body.data).to.have.property(\"status\", \"Approved\");\n  // Re‐store it in case anything overwrote it (not strictly required,\n  // but harmless):\n  Cypress.env(\"employeeResignationId\", response.body.data._id);\n});",
              "err": {},
              "uuid": "982b247a-8691-4b21-ae3d-5a5afca58048",
              "parentUUID": "fdd1b6fd-6f25-4052-8f0f-61cd37427cb1",
              "isHook": false,
              "skipped": false
            },
            {
              "title": "should allow the employee to submit responses to exit questionnaire",
              "fullTitle": "Backend API Tests for Employee and Admin Role should allow the employee to submit responses to exit questionnaire",
              "timedOut": null,
              "duration": 484,
              "state": "failed",
              "speed": null,
              "pass": false,
              "fail": true,
              "pending": false,
              "context": null,
              "code": "const token = Cypress.env(\"employeeAuthToken\");\nconst resignationId = Cypress.env(\"employeeResignationId\");\n// └── if this is still undefined, Cypress will immediately error out.\n// Debug: print it to the Cypress console so you can confirm it's set\nconsole.log(\"▶ About to POST exit responses for resignationId =\", resignationId);\ncy.request({\n  method: \"POST\",\n  url: `${apiUrl}/user/responses`,\n  headers: {\n    Authorization: `Bearer ${token}`,\n    \"Content-Type\": \"application/json\"\n  },\n  body: {\n    resignationId,\n    responses: [{\n      questionText: \"What prompted you to start looking for another job?\",\n      response: \"Lack of career growth opportunities\"\n    }, {\n      questionText: \"Would you recommend this company to others?\",\n      response: \"Yes, with some reservations\"\n    }]\n  },\n  failOnStatusCode: false\n}).then(response => {\n  // The controller returns 201 on success\n  logIfBadStatus(response, 201);\n  expect(response.status).to.eq(201);\n  expect(response.body).to.have.property(\"message\", \"Exit interview submitted\");\n  const {\n    data\n  } = response.body;\n  // Make sure the returned document has at least these fields:\n  expect(data).to.have.property(\"resignation\", resignationId);\n  expect(data).to.have.property(\"employee\");\n  expect(data).to.have.property(\"responses\");\n  expect(data.responses).to.be.an(\"array\").and.have.length(2);\n});",
              "err": {
                "message": "AssertionError: expected 200 to equal 201",
                "estack": "AssertionError: expected 200 to equal 201\n    at Context.eval (webpack://exitease/./cypress/integration/backend/backendTests.spec.js:185:33)",
                "diff": "- 200\n+ 201\n"
              },
              "uuid": "5ec39cfa-d3da-4cfa-a2db-158c3e987b1f",
              "parentUUID": "fdd1b6fd-6f25-4052-8f0f-61cd37427cb1",
              "isHook": false,
              "skipped": false
            },
            {
              "title": "should allow the admin to view all questionnaire responses",
              "fullTitle": "Backend API Tests for Employee and Admin Role should allow the admin to view all questionnaire responses",
              "timedOut": null,
              "duration": 303,
              "state": "failed",
              "speed": null,
              "pass": false,
              "fail": true,
              "pending": false,
              "context": null,
              "code": "const token = Cypress.env(\"adminAuthToken\");\nconst resignationId = Cypress.env(\"employeeResignationId\");\nconsole.log(\"▶ About to GET exit_responses; looking for resignationId =\", resignationId);\ncy.request({\n  method: \"GET\",\n  url: `${apiUrl}/admin/exit_responses`,\n  headers: {\n    Authorization: `Bearer ${token}`\n  },\n  failOnStatusCode: false\n}).then(response => {\n  logIfBadStatus(response, 200);\n  expect(response.status).to.eq(200);\n  expect(response.body.data).to.be.an(\"array\");\n  // Find the entry whose `.resignation` matches our ID:\n  const found = response.body.data.find(item => item.resignation === resignationId);\n  expect(found, `Responses for resignationId ${resignationId} not found`).to.exist;\n});",
              "err": {
                "message": "AssertionError: Responses for resignationId 683c9351d66662eb5f5aa641 not found: expected undefined to exist",
                "estack": "AssertionError: Responses for resignationId 683c9351d66662eb5f5aa641 not found: expected undefined to exist\n    at Context.eval (webpack://exitease/./cypress/integration/backend/backendTests.spec.js:221:11)",
                "diff": null
              },
              "uuid": "a49900fc-ab88-4e98-8849-d6939acccce7",
              "parentUUID": "fdd1b6fd-6f25-4052-8f0f-61cd37427cb1",
              "isHook": false,
              "skipped": false
            }
          ],
          "suites": [],
          "passes": [
            "e7cc1eb4-fc9f-4c9e-976b-91b4c63647e1",
            "cf8328b9-5120-41fa-90a5-099bc9ff3b55",
            "1c5bcbaf-cfed-4605-9068-e5c182083383",
            "ca423311-7467-4a63-b5aa-0a18f309a055",
            "839a785d-44ad-4f17-83b2-02d1abf35020",
            "982b247a-8691-4b21-ae3d-5a5afca58048"
          ],
          "failures": [
            "5ec39cfa-d3da-4cfa-a2db-158c3e987b1f",
            "a49900fc-ab88-4e98-8849-d6939acccce7"
          ],
          "pending": [],
          "skipped": [],
          "duration": 9126,
          "root": false,
          "rootEmpty": false,
          "_timeout": 2000
        }
      ],
      "passes": [],
      "failures": [],
      "pending": [],
      "skipped": [],
      "duration": 0,
      "root": true,
      "rootEmpty": true,
      "_timeout": 2000
    }
  ],
  "meta": {
    "mocha": {
      "version": "7.0.1"
    },
    "mochawesome": {
      "options": {
        "quiet": false,
        "reportFilename": "my-report",
        "saveHtml": true,
        "saveJson": true,
        "consoleReporter": "spec",
        "useInlineDiffs": false,
        "code": true
      },
      "version": "7.1.3"
    },
    "marge": {
      "options": {
        "charts": true,
        "json": true,
        "reportsDir": "reports/your-reports-folder",
        "reportFilename": "my-report",
        "overwrite": false
      },
      "version": "6.2.0"
    }
  }
}