{
  "stats": {
    "suites": 1,
    "tests": 8,
    "passes": 8,
    "pending": 0,
    "failures": 0,
    "start": "2025-05-31T20:47:47.603Z",
    "end": "2025-05-31T20:47:49.590Z",
    "duration": 1987,
    "testsRegistered": 8,
    "passPercent": 100,
    "pendingPercent": 0,
    "other": 0,
    "hasOther": false,
    "skipped": 0,
    "hasSkipped": false
  },
  "results": [
    {
      "uuid": "a9b21bfd-002d-47a8-a7cc-ed3ba27efe87",
      "title": "",
      "fullFile": "cypress\\integration\\backend\\backendTests.spec.js",
      "file": "cypress\\integration\\backend\\backendTests.spec.js",
      "beforeHooks": [],
      "afterHooks": [],
      "tests": [],
      "suites": [
        {
          "uuid": "2da1aab4-5b1c-4124-9031-3ede7927efd8",
          "title": "Backend API Tests for Employee and Admin Role",
          "fullFile": "",
          "file": "",
          "beforeHooks": [],
          "afterHooks": [],
          "tests": [
            {
              "title": "should register a new employee",
              "fullTitle": "Backend API Tests for Employee and Admin Role should register a new employee",
              "timedOut": null,
              "duration": 200,
              "state": "passed",
              "speed": "fast",
              "pass": true,
              "fail": false,
              "pending": false,
              "context": null,
              "code": "cy.request({\n  method: 'POST',\n  url: `${baseUrl}/api/auth/register`,\n  body: {\n    username: employeeUsername,\n    password: 'password123'\n  },\n  timeout: 30000 // Increase timeout for local testing\n}).then(response => {\n  expect(response.status).to.eq(201);\n  expect(response.body).to.have.property('message', 'User registered successfully');\n});",
              "err": {},
              "uuid": "3f4314e1-c4d7-4553-abdb-d92b8d7dd97a",
              "parentUUID": "2da1aab4-5b1c-4124-9031-3ede7927efd8",
              "isHook": false,
              "skipped": false
            },
            {
              "title": "should login the employee with valid credentials",
              "fullTitle": "Backend API Tests for Employee and Admin Role should login the employee with valid credentials",
              "timedOut": null,
              "duration": 99,
              "state": "passed",
              "speed": "fast",
              "pass": true,
              "fail": false,
              "pending": false,
              "context": null,
              "code": "cy.request({\n  method: 'POST',\n  url: `${baseUrl}/api/auth/login`,\n  body: {\n    username: employeeUsername,\n    password: 'password123'\n  }\n}).then(response => {\n  expect(response.status).to.eq(200);\n  expect(response.body).to.have.property('token');\n  employeeToken = response.body.token;\n});",
              "err": {},
              "uuid": "9677f5f1-a883-4e62-bfc8-ae05101d2bf8",
              "parentUUID": "2da1aab4-5b1c-4124-9031-3ede7927efd8",
              "isHook": false,
              "skipped": false
            },
            {
              "title": "should submit resignation for an employee",
              "fullTitle": "Backend API Tests for Employee and Admin Role should submit resignation for an employee",
              "timedOut": null,
              "duration": 1134,
              "state": "passed",
              "speed": "fast",
              "pass": true,
              "fail": false,
              "pending": false,
              "context": null,
              "code": "cy.request({\n  method: 'POST',\n  url: `${baseUrl}/api/user/resign`,\n  headers: {\n    Authorization: employeeToken\n  },\n  body: {\n    intendedLastWorkingDay: \"2024-12-26\"\n  }\n}).then(response => {\n  expect(response.status).to.eq(200);\n  expect(response.body.data).to.have.property('resignation');\n  expect(response.body.data.resignation).to.have.property('_id');\n  resignationId = response.body.data.resignation._id;\n});",
              "err": {},
              "uuid": "8602c5e5-e295-4679-adf1-0ab23d5f9c8d",
              "parentUUID": "2da1aab4-5b1c-4124-9031-3ede7927efd8",
              "isHook": false,
              "skipped": false
            },
            {
              "title": "should login as admin (HR)",
              "fullTitle": "Backend API Tests for Employee and Admin Role should login as admin (HR)",
              "timedOut": null,
              "duration": 104,
              "state": "passed",
              "speed": "fast",
              "pass": true,
              "fail": false,
              "pending": false,
              "context": null,
              "code": "cy.request({\n  method: 'POST',\n  url: `${baseUrl}/api/auth/login`,\n  body: {\n    username: 'admin',\n    password: 'admin'\n  }\n}).then(response => {\n  expect(response.status).to.eq(200);\n  expect(response.body).to.have.property('token');\n  adminToken = response.body.token;\n});",
              "err": {},
              "uuid": "6040e500-a78d-4591-bbb5-70ea596c1dbb",
              "parentUUID": "2da1aab4-5b1c-4124-9031-3ede7927efd8",
              "isHook": false,
              "skipped": false
            },
            {
              "title": "should view all resignations submitted by employees as admin",
              "fullTitle": "Backend API Tests for Employee and Admin Role should view all resignations submitted by employees as admin",
              "timedOut": null,
              "duration": 63,
              "state": "passed",
              "speed": "fast",
              "pass": true,
              "fail": false,
              "pending": false,
              "context": null,
              "code": "cy.request({\n  method: 'GET',\n  url: `${baseUrl}/api/admin/resignations`,\n  headers: {\n    Authorization: adminToken\n  }\n}).then(response => {\n  expect(response.status).to.eq(200);\n  expect(response.body.data).to.be.an('array');\n  // Verify our test resignation is in the list\n  const testResignation = response.body.data.find(r => r._id === resignationId);\n  expect(testResignation).to.exist;\n});",
              "err": {},
              "uuid": "c2e6635d-9b63-4735-9467-d6df66912b41",
              "parentUUID": "2da1aab4-5b1c-4124-9031-3ede7927efd8",
              "isHook": false,
              "skipped": false
            },
            {
              "title": "should approve the employee’s resignation as admin",
              "fullTitle": "Backend API Tests for Employee and Admin Role should approve the employee’s resignation as admin",
              "timedOut": null,
              "duration": 64,
              "state": "passed",
              "speed": "fast",
              "pass": true,
              "fail": false,
              "pending": false,
              "context": null,
              "code": "cy.request({\n  method: 'PUT',\n  url: `${baseUrl}/api/admin/conclude_resignation`,\n  headers: {\n    Authorization: adminToken\n  },\n  body: {\n    resignationId: resignationId,\n    approved: true,\n    lwd: \"2024-12-26\"\n  }\n}).then(response => {\n  expect(response.status).to.eq(200);\n  expect(response.body.data).to.have.property('status', 'Approved');\n});",
              "err": {},
              "uuid": "1d69c47f-96e5-4705-9307-6246fd1a9cd9",
              "parentUUID": "2da1aab4-5b1c-4124-9031-3ede7927efd8",
              "isHook": false,
              "skipped": false
            },
            {
              "title": "should allow the employee to submit responses to exit questionnaire",
              "fullTitle": "Backend API Tests for Employee and Admin Role should allow the employee to submit responses to exit questionnaire",
              "timedOut": null,
              "duration": 49,
              "state": "passed",
              "speed": "fast",
              "pass": true,
              "fail": false,
              "pending": false,
              "context": null,
              "code": "cy.request({\n  method: 'POST',\n  url: `${baseUrl}/api/user/responses`,\n  headers: {\n    Authorization: employeeToken\n  },\n  body: {\n    responses: [{\n      questionText: \"What prompted you to start looking for another job?\",\n      response: \"Lack of career growth opportunities\"\n    }, {\n      questionText: \"Would you recommend this company to others?\",\n      response: \"Yes, with some reservations\"\n    }]\n  }\n}).then(response => {\n  expect(response.status).to.eq(200);\n  expect(response.body).to.have.property('message', 'Exit interview submitted');\n});",
              "err": {},
              "uuid": "7a3c3822-086d-422f-a112-7a8e4faca4bd",
              "parentUUID": "2da1aab4-5b1c-4124-9031-3ede7927efd8",
              "isHook": false,
              "skipped": false
            },
            {
              "title": "should allow the admin to view all questionnaire responses",
              "fullTitle": "Backend API Tests for Employee and Admin Role should allow the admin to view all questionnaire responses",
              "timedOut": null,
              "duration": 135,
              "state": "passed",
              "speed": "fast",
              "pass": true,
              "fail": false,
              "pending": false,
              "context": null,
              "code": "cy.request({\n  method: 'GET',\n  url: `${baseUrl}/api/admin/exit_responses`,\n  headers: {\n    Authorization: adminToken\n  }\n}).then(response => {\n  expect(response.status).to.eq(200);\n  expect(response.body.data).to.be.an('array');\n  expect(response.body.data[0]).to.have.property('employeeId');\n  expect(response.body.data[0]).to.have.property('responses').that.is.an('array');\n});",
              "err": {},
              "uuid": "75c81be0-f447-41de-9e0a-a6d6635e68eb",
              "parentUUID": "2da1aab4-5b1c-4124-9031-3ede7927efd8",
              "isHook": false,
              "skipped": false
            }
          ],
          "suites": [],
          "passes": [
            "3f4314e1-c4d7-4553-abdb-d92b8d7dd97a",
            "9677f5f1-a883-4e62-bfc8-ae05101d2bf8",
            "8602c5e5-e295-4679-adf1-0ab23d5f9c8d",
            "6040e500-a78d-4591-bbb5-70ea596c1dbb",
            "c2e6635d-9b63-4735-9467-d6df66912b41",
            "1d69c47f-96e5-4705-9307-6246fd1a9cd9",
            "7a3c3822-086d-422f-a112-7a8e4faca4bd",
            "75c81be0-f447-41de-9e0a-a6d6635e68eb"
          ],
          "failures": [],
          "pending": [],
          "skipped": [],
          "duration": 1848,
          "root": false,
          "rootEmpty": false,
          "_timeout": 2000
        }
      ],
      "passes": [],
      "failures": [],
      "pending": [],
      "skipped": [],
      "duration": 0,
      "root": true,
      "rootEmpty": true,
      "_timeout": 2000
    }
  ],
  "meta": {
    "mocha": {
      "version": "7.0.1"
    },
    "mochawesome": {
      "options": {
        "quiet": false,
        "reportFilename": "my-report",
        "saveHtml": true,
        "saveJson": true,
        "consoleReporter": "spec",
        "useInlineDiffs": false,
        "code": true
      },
      "version": "7.1.3"
    },
    "marge": {
      "options": {
        "charts": true,
        "json": true,
        "reportsDir": "reports/your-reports-folder",
        "reportFilename": "my-report",
        "overwrite": false
      },
      "version": "6.2.0"
    }
  }
}