{
  "stats": {
    "suites": 1,
    "tests": 8,
    "passes": 8,
    "pending": 0,
    "failures": 0,
    "start": "2025-05-31T20:30:51.344Z",
    "end": "2025-05-31T20:30:52.577Z",
    "duration": 1233,
    "testsRegistered": 8,
    "passPercent": 100,
    "pendingPercent": 0,
    "other": 0,
    "hasOther": false,
    "skipped": 0,
    "hasSkipped": false
  },
  "results": [
    {
      "uuid": "77921eb2-0518-41cc-8de4-65f4a4cffc63",
      "title": "",
      "fullFile": "cypress\\integration\\backend\\backendTests.spec.js",
      "file": "cypress\\integration\\backend\\backendTests.spec.js",
      "beforeHooks": [],
      "afterHooks": [],
      "tests": [],
      "suites": [
        {
          "uuid": "5bd7527e-e57d-4c99-b1b9-9e09de16f43c",
          "title": "Backend API Tests for Employee and Admin Role",
          "fullFile": "",
          "file": "",
          "beforeHooks": [],
          "afterHooks": [],
          "tests": [
            {
              "title": "should register a new employee",
              "fullTitle": "Backend API Tests for Employee and Admin Role should register a new employee",
              "timedOut": null,
              "duration": 188,
              "state": "passed",
              "speed": "fast",
              "pass": true,
              "fail": false,
              "pending": false,
              "context": null,
              "code": "cy.request({\n  method: 'POST',\n  url: `${baseUrl}/api/auth/register`,\n  body: {\n    username: employeeUsername,\n    password: 'password123'\n  },\n  timeout: 30000 // Increase timeout for local testing\n}).then(response => {\n  expect(response.status).to.eq(201);\n  expect(response.body).to.have.property('message', 'User registered successfully');\n});",
              "err": {},
              "uuid": "4a3d821f-8f0d-4b9f-9636-1b300e075862",
              "parentUUID": "5bd7527e-e57d-4c99-b1b9-9e09de16f43c",
              "isHook": false,
              "skipped": false
            },
            {
              "title": "should login the employee with valid credentials",
              "fullTitle": "Backend API Tests for Employee and Admin Role should login the employee with valid credentials",
              "timedOut": null,
              "duration": 107,
              "state": "passed",
              "speed": "fast",
              "pass": true,
              "fail": false,
              "pending": false,
              "context": null,
              "code": "cy.request({\n  method: 'POST',\n  url: `${baseUrl}/api/auth/login`,\n  body: {\n    username: employeeUsername,\n    password: 'password123'\n  }\n}).then(response => {\n  expect(response.status).to.eq(200);\n  expect(response.body).to.have.property('token');\n  employeeToken = response.body.token;\n});",
              "err": {},
              "uuid": "c8d33150-4855-4ff8-abb0-d8b291e04e4b",
              "parentUUID": "5bd7527e-e57d-4c99-b1b9-9e09de16f43c",
              "isHook": false,
              "skipped": false
            },
            {
              "title": "should submit resignation for an employee",
              "fullTitle": "Backend API Tests for Employee and Admin Role should submit resignation for an employee",
              "timedOut": null,
              "duration": 429,
              "state": "passed",
              "speed": "fast",
              "pass": true,
              "fail": false,
              "pending": false,
              "context": null,
              "code": "cy.request({\n  method: 'POST',\n  url: `${baseUrl}/api/user/resign`,\n  headers: {\n    Authorization: employeeToken\n  },\n  body: {\n    intendedLastWorkingDay: \"2024-12-26\"\n  }\n}).then(response => {\n  expect(response.status).to.eq(200);\n  expect(response.body.data).to.have.property('resignation');\n  expect(response.body.data.resignation).to.have.property('_id');\n  resignationId = response.body.data.resignation._id;\n});",
              "err": {},
              "uuid": "92f44929-85c3-4b78-8a98-fe46e134da11",
              "parentUUID": "5bd7527e-e57d-4c99-b1b9-9e09de16f43c",
              "isHook": false,
              "skipped": false
            },
            {
              "title": "should login as admin (HR)",
              "fullTitle": "Backend API Tests for Employee and Admin Role should login as admin (HR)",
              "timedOut": null,
              "duration": 107,
              "state": "passed",
              "speed": "fast",
              "pass": true,
              "fail": false,
              "pending": false,
              "context": null,
              "code": "cy.request({\n  method: 'POST',\n  url: `${baseUrl}/api/auth/login`,\n  body: {\n    username: 'admin',\n    password: 'admin'\n  }\n}).then(response => {\n  expect(response.status).to.eq(200);\n  expect(response.body).to.have.property('token');\n  adminToken = response.body.token;\n});",
              "err": {},
              "uuid": "1231dabb-5a48-4ef2-b803-82d01935e3ee",
              "parentUUID": "5bd7527e-e57d-4c99-b1b9-9e09de16f43c",
              "isHook": false,
              "skipped": false
            },
            {
              "title": "should view all resignations submitted by employees as admin",
              "fullTitle": "Backend API Tests for Employee and Admin Role should view all resignations submitted by employees as admin",
              "timedOut": null,
              "duration": 69,
              "state": "passed",
              "speed": "fast",
              "pass": true,
              "fail": false,
              "pending": false,
              "context": null,
              "code": "cy.request({\n  method: 'GET',\n  url: `${baseUrl}/api/admin/resignations`,\n  headers: {\n    Authorization: adminToken\n  }\n}).then(response => {\n  expect(response.status).to.eq(200);\n  expect(response.body.data).to.be.an('array');\n  // Verify our test resignation is in the list\n  const testResignation = response.body.data.find(r => r._id === resignationId);\n  expect(testResignation).to.exist;\n});",
              "err": {},
              "uuid": "c44ea9b8-4724-4d19-8a30-78f363aa4243",
              "parentUUID": "5bd7527e-e57d-4c99-b1b9-9e09de16f43c",
              "isHook": false,
              "skipped": false
            },
            {
              "title": "should approve the employee’s resignation as admin",
              "fullTitle": "Backend API Tests for Employee and Admin Role should approve the employee’s resignation as admin",
              "timedOut": null,
              "duration": 71,
              "state": "passed",
              "speed": "fast",
              "pass": true,
              "fail": false,
              "pending": false,
              "context": null,
              "code": "cy.request({\n  method: 'PUT',\n  url: `${baseUrl}/api/admin/conclude_resignation`,\n  headers: {\n    Authorization: adminToken\n  },\n  body: {\n    resignationId: resignationId,\n    approved: true,\n    lwd: \"2024-12-26\"\n  }\n}).then(response => {\n  expect(response.status).to.eq(200);\n  expect(response.body.data).to.have.property('status', 'Approved');\n});",
              "err": {},
              "uuid": "6df1a7a6-eb1e-4da5-9a2e-47433079605a",
              "parentUUID": "5bd7527e-e57d-4c99-b1b9-9e09de16f43c",
              "isHook": false,
              "skipped": false
            },
            {
              "title": "should allow the employee to submit responses to exit questionnaire",
              "fullTitle": "Backend API Tests for Employee and Admin Role should allow the employee to submit responses to exit questionnaire",
              "timedOut": null,
              "duration": 53,
              "state": "passed",
              "speed": "fast",
              "pass": true,
              "fail": false,
              "pending": false,
              "context": null,
              "code": "cy.request({\n  method: 'POST',\n  url: `${baseUrl}/api/user/responses`,\n  headers: {\n    Authorization: employeeToken\n  },\n  body: {\n    responses: [{\n      questionText: \"What prompted you to start looking for another job?\",\n      response: \"Lack of career growth opportunities\"\n    }, {\n      questionText: \"Would you recommend this company to others?\",\n      response: \"Yes, with some reservations\"\n    }]\n  }\n}).then(response => {\n  expect(response.status).to.eq(200);\n  expect(response.body).to.have.property('message', 'Exit interview submitted');\n});",
              "err": {},
              "uuid": "8c9da7e1-cfe2-418d-a0e2-46ec7fa3f6c4",
              "parentUUID": "5bd7527e-e57d-4c99-b1b9-9e09de16f43c",
              "isHook": false,
              "skipped": false
            },
            {
              "title": "should allow the admin to view all questionnaire responses",
              "fullTitle": "Backend API Tests for Employee and Admin Role should allow the admin to view all questionnaire responses",
              "timedOut": null,
              "duration": 65,
              "state": "passed",
              "speed": "fast",
              "pass": true,
              "fail": false,
              "pending": false,
              "context": null,
              "code": "cy.request({\n  method: 'GET',\n  url: `${baseUrl}/api/admin/exit_responses`,\n  headers: {\n    Authorization: adminToken\n  }\n}).then(response => {\n  expect(response.status).to.eq(200);\n  expect(response.body.data).to.be.an('array');\n  expect(response.body.data[0]).to.have.property('employeeId');\n  expect(response.body.data[0]).to.have.property('responses').that.is.an('array');\n});",
              "err": {},
              "uuid": "8116c8ae-95fc-40d3-b658-cbc30e834c73",
              "parentUUID": "5bd7527e-e57d-4c99-b1b9-9e09de16f43c",
              "isHook": false,
              "skipped": false
            }
          ],
          "suites": [],
          "passes": [
            "4a3d821f-8f0d-4b9f-9636-1b300e075862",
            "c8d33150-4855-4ff8-abb0-d8b291e04e4b",
            "92f44929-85c3-4b78-8a98-fe46e134da11",
            "1231dabb-5a48-4ef2-b803-82d01935e3ee",
            "c44ea9b8-4724-4d19-8a30-78f363aa4243",
            "6df1a7a6-eb1e-4da5-9a2e-47433079605a",
            "8c9da7e1-cfe2-418d-a0e2-46ec7fa3f6c4",
            "8116c8ae-95fc-40d3-b658-cbc30e834c73"
          ],
          "failures": [],
          "pending": [],
          "skipped": [],
          "duration": 1089,
          "root": false,
          "rootEmpty": false,
          "_timeout": 2000
        }
      ],
      "passes": [],
      "failures": [],
      "pending": [],
      "skipped": [],
      "duration": 0,
      "root": true,
      "rootEmpty": true,
      "_timeout": 2000
    }
  ],
  "meta": {
    "mocha": {
      "version": "7.0.1"
    },
    "mochawesome": {
      "options": {
        "quiet": false,
        "reportFilename": "my-report",
        "saveHtml": true,
        "saveJson": true,
        "consoleReporter": "spec",
        "useInlineDiffs": false,
        "code": true
      },
      "version": "7.1.3"
    },
    "marge": {
      "options": {
        "charts": true,
        "json": true,
        "reportsDir": "reports/your-reports-folder",
        "reportFilename": "my-report",
        "overwrite": false
      },
      "version": "6.2.0"
    }
  }
}