{
  "stats": {
    "suites": 1,
    "tests": 8,
    "passes": 5,
    "pending": 0,
    "failures": 3,
    "start": "2025-05-31T19:37:43.659Z",
    "end": "2025-05-31T19:37:45.818Z",
    "duration": 2159,
    "testsRegistered": 8,
    "passPercent": 62.5,
    "pendingPercent": 0,
    "other": 0,
    "hasOther": false,
    "skipped": 0,
    "hasSkipped": false
  },
  "results": [
    {
      "uuid": "e3367fd2-8dc9-4e62-9a97-0d83a3dbf384",
      "title": "",
      "fullFile": "cypress\\integration\\backend\\backendTests.spec.js",
      "file": "cypress\\integration\\backend\\backendTests.spec.js",
      "beforeHooks": [],
      "afterHooks": [],
      "tests": [],
      "suites": [
        {
          "uuid": "fb2363e5-2922-41ae-a159-93f815b5a76e",
          "title": "Backend API Tests for Employee and Admin Role",
          "fullFile": "",
          "file": "",
          "beforeHooks": [],
          "afterHooks": [],
          "tests": [
            {
              "title": "should register a new employee",
              "fullTitle": "Backend API Tests for Employee and Admin Role should register a new employee",
              "timedOut": null,
              "duration": 186,
              "state": "passed",
              "speed": "fast",
              "pass": true,
              "fail": false,
              "pending": false,
              "context": null,
              "code": "cy.request({\n  method: 'POST',\n  url: `${baseUrl}/api/auth/register`,\n  body: {\n    username: employeeUsername,\n    password: 'password123'\n  },\n  timeout: 30000 // Increase timeout for local testing\n}).then(response => {\n  expect(response.status).to.eq(201);\n  expect(response.body).to.have.property('message', 'User registered successfully');\n});",
              "err": {},
              "uuid": "7b7b7db8-fb5e-409e-b3dd-2c72509f83b7",
              "parentUUID": "fb2363e5-2922-41ae-a159-93f815b5a76e",
              "isHook": false,
              "skipped": false
            },
            {
              "title": "should login the employee with valid credentials",
              "fullTitle": "Backend API Tests for Employee and Admin Role should login the employee with valid credentials",
              "timedOut": null,
              "duration": 98,
              "state": "passed",
              "speed": "fast",
              "pass": true,
              "fail": false,
              "pending": false,
              "context": null,
              "code": "cy.request({\n  method: 'POST',\n  url: `${baseUrl}/api/auth/login`,\n  body: {\n    username: employeeUsername,\n    password: 'password123'\n  }\n}).then(response => {\n  expect(response.status).to.eq(200);\n  expect(response.body).to.have.property('token');\n  employeeToken = response.body.token;\n});",
              "err": {},
              "uuid": "dc63a4a7-dace-4fa0-8fd8-614cc12d03bf",
              "parentUUID": "fb2363e5-2922-41ae-a159-93f815b5a76e",
              "isHook": false,
              "skipped": false
            },
            {
              "title": "should submit resignation for an employee",
              "fullTitle": "Backend API Tests for Employee and Admin Role should submit resignation for an employee",
              "timedOut": null,
              "duration": 643,
              "state": "failed",
              "speed": null,
              "pass": false,
              "fail": true,
              "pending": false,
              "context": null,
              "code": "cy.request({\n  method: 'POST',\n  url: `${baseUrl}/api/user/resign`,\n  headers: {\n    Authorization: employeeToken\n  },\n  body: {\n    intendedLastWorkingDay: \"2024-12-26\"\n  }\n}).then(response => {\n  expect(response.status).to.eq(200);\n  expect(response.body.data).to.have.property('resignation');\n  expect(response.body.data.resignation).to.have.property('_id');\n  resignationId = response.body.data.resignation._id;\n});",
              "err": {
                "message": "CypressError: `cy.request()` failed on:\n\nhttp://localhost:5000/api/user/resign\n\nThe response we received from your web server was:\n\n  > 400: Bad Request\n\nThis was considered a failure because the status code was not `2xx` or `3xx`.\n\nIf you do not want status codes to cause failures pass the option: `failOnStatusCode: false`\n\n-----------------------------------------------------------\n\nThe request we sent was:\n\nMethod: POST\nURL: http://localhost:5000/api/user/resign\nHeaders: {\n  \"Connection\": \"keep-alive\",\n  \"Authorization\": \"eyJhbGciOiJIUzI1NiIsInR5cCI6IkpXVCJ9.eyJpZCI6IjY4M2I1YTg3MGI4OTk4ZDc0N2FjMzM0NCIsInJvbGUiOiJFTVBMT1lFRSIsImlhdCI6MTc0ODcyMDI2MywiZXhwIjoxNzQ5MzI1MDYzfQ.6dM_lX1RxxSB2TFgANEfuusv5gL1IWHTcxsYj14PN9k\",\n  \"user-agent\": \"Mozilla/5.0 (Windows NT 10.0; Win64; x64) AppleWebKit/537.36 (KHTML, like Gecko) Cypress/13.17.0 Chrome/118.0.5993.159 Electron/27.3.10 Safari/537.36\",\n  \"accept\": \"*/*\",\n  \"accept-encoding\": \"gzip, deflate\",\n  \"content-type\": \"application/json\",\n  \"content-length\": 39\n}\nBody: {\"intendedLastWorkingDay\":\"2024-12-26\"}\n\n-----------------------------------------------------------\n\nThe response we got was:\n\nStatus: 400 - Bad Request\nHeaders: {\n  \"x-powered-by\": \"Express\",\n  \"content-type\": \"application/json; charset=utf-8\",\n  \"content-length\": \"54\",\n  \"etag\": \"W/\\\"36-sXPlQeCAjngbSbSfIr74de8ERPo\\\"\",\n  \"date\": \"Sat, 31 May 2025 19:37:44 GMT\",\n  \"connection\": \"keep-alive\",\n  \"keep-alive\": \"timeout=5\"\n}\nBody: {\n  \"error\": \"Last working day falls on a public holiday\"\n}\n\n\nhttps://on.cypress.io/request",
                "estack": "CypressError: `cy.request()` failed on:\n\nhttp://localhost:5000/api/user/resign\n\nThe response we received from your web server was:\n\n  > 400: Bad Request\n\nThis was considered a failure because the status code was not `2xx` or `3xx`.\n\nIf you do not want status codes to cause failures pass the option: `failOnStatusCode: false`\n\n-----------------------------------------------------------\n\nThe request we sent was:\n\nMethod: POST\nURL: http://localhost:5000/api/user/resign\nHeaders: {\n  \"Connection\": \"keep-alive\",\n  \"Authorization\": \"eyJhbGciOiJIUzI1NiIsInR5cCI6IkpXVCJ9.eyJpZCI6IjY4M2I1YTg3MGI4OTk4ZDc0N2FjMzM0NCIsInJvbGUiOiJFTVBMT1lFRSIsImlhdCI6MTc0ODcyMDI2MywiZXhwIjoxNzQ5MzI1MDYzfQ.6dM_lX1RxxSB2TFgANEfuusv5gL1IWHTcxsYj14PN9k\",\n  \"user-agent\": \"Mozilla/5.0 (Windows NT 10.0; Win64; x64) AppleWebKit/537.36 (KHTML, like Gecko) Cypress/13.17.0 Chrome/118.0.5993.159 Electron/27.3.10 Safari/537.36\",\n  \"accept\": \"*/*\",\n  \"accept-encoding\": \"gzip, deflate\",\n  \"content-type\": \"application/json\",\n  \"content-length\": 39\n}\nBody: {\"intendedLastWorkingDay\":\"2024-12-26\"}\n\n-----------------------------------------------------------\n\nThe response we got was:\n\nStatus: 400 - Bad Request\nHeaders: {\n  \"x-powered-by\": \"Express\",\n  \"content-type\": \"application/json; charset=utf-8\",\n  \"content-length\": \"54\",\n  \"etag\": \"W/\\\"36-sXPlQeCAjngbSbSfIr74de8ERPo\\\"\",\n  \"date\": \"Sat, 31 May 2025 19:37:44 GMT\",\n  \"connection\": \"keep-alive\",\n  \"keep-alive\": \"timeout=5\"\n}\nBody: {\n  \"error\": \"Last working day falls on a public holiday\"\n}\n\n\nhttps://on.cypress.io/request\n    at <unknown> (https://exit-kxgu.onrender.com/__cypress/runner/cypress_runner.js:132876:72)\n    at tryCatcher (https://exit-kxgu.onrender.com/__cypress/runner/cypress_runner.js:1830:23)\n    at Promise._settlePromiseFromHandler (https://exit-kxgu.onrender.com/__cypress/runner/cypress_runner.js:1542:31)\n    at Promise._settlePromise (https://exit-kxgu.onrender.com/__cypress/runner/cypress_runner.js:1599:18)\n    at Promise._settlePromise0 (https://exit-kxgu.onrender.com/__cypress/runner/cypress_runner.js:1644:10)\n    at Promise._settlePromises (https://exit-kxgu.onrender.com/__cypress/runner/cypress_runner.js:1724:18)\n    at _drainQueueStep (https://exit-kxgu.onrender.com/__cypress/runner/cypress_runner.js:2430:12)\n    at _drainQueue (https://exit-kxgu.onrender.com/__cypress/runner/cypress_runner.js:2423:9)\n    at Async._drainQueues (https://exit-kxgu.onrender.com/__cypress/runner/cypress_runner.js:2439:5)\n    at Async.drainQueues (https://exit-kxgu.onrender.com/__cypress/runner/cypress_runner.js:2309:14)\nFrom Your Spec Code:\n    at Context.eval (webpack://exitease/./cypress/integration/backend/backendTests.spec.js:247:7)",
                "diff": null
              },
              "uuid": "5d2f2247-331b-46ed-8035-1389448913b2",
              "parentUUID": "fb2363e5-2922-41ae-a159-93f815b5a76e",
              "isHook": false,
              "skipped": false
            },
            {
              "title": "should login as admin (HR)",
              "fullTitle": "Backend API Tests for Employee and Admin Role should login as admin (HR)",
              "timedOut": null,
              "duration": 108,
              "state": "passed",
              "speed": "fast",
              "pass": true,
              "fail": false,
              "pending": false,
              "context": null,
              "code": "cy.request({\n  method: 'POST',\n  url: `${baseUrl}/api/auth/login`,\n  body: {\n    username: 'admin',\n    password: 'admin'\n  }\n}).then(response => {\n  expect(response.status).to.eq(200);\n  expect(response.body).to.have.property('token');\n  adminToken = response.body.token;\n});",
              "err": {},
              "uuid": "e2181d79-8bdb-4f2e-b2ce-f626bb357557",
              "parentUUID": "fb2363e5-2922-41ae-a159-93f815b5a76e",
              "isHook": false,
              "skipped": false
            },
            {
              "title": "should view all resignations submitted by employees as admin",
              "fullTitle": "Backend API Tests for Employee and Admin Role should view all resignations submitted by employees as admin",
              "timedOut": null,
              "duration": 250,
              "state": "failed",
              "speed": null,
              "pass": false,
              "fail": true,
              "pending": false,
              "context": null,
              "code": "cy.request({\n  method: 'GET',\n  url: `${baseUrl}/api/admin/resignations`,\n  headers: {\n    Authorization: adminToken\n  }\n}).then(response => {\n  expect(response.status).to.eq(200);\n  expect(response.body.data).to.be.an('array');\n  // Verify our test resignation is in the list\n  const testResignation = response.body.data.find(r => r._id === resignationId);\n  expect(testResignation).to.exist;\n});",
              "err": {
                "message": "AssertionError: expected undefined to exist",
                "estack": "AssertionError: expected undefined to exist\n    at Context.eval (webpack://exitease/./cypress/integration/backend/backendTests.spec.js:294:33)",
                "diff": null
              },
              "uuid": "026b89fd-05f0-4498-9be4-2984a4a28cbe",
              "parentUUID": "fb2363e5-2922-41ae-a159-93f815b5a76e",
              "isHook": false,
              "skipped": false
            },
            {
              "title": "should approve the employee’s resignation as admin",
              "fullTitle": "Backend API Tests for Employee and Admin Role should approve the employee’s resignation as admin",
              "timedOut": null,
              "duration": 423,
              "state": "failed",
              "speed": null,
              "pass": false,
              "fail": true,
              "pending": false,
              "context": null,
              "code": "cy.request({\n  method: 'PUT',\n  url: `${baseUrl}/api/admin/conclude_resignation`,\n  headers: {\n    Authorization: adminToken\n  },\n  body: {\n    resignationId: resignationId,\n    approved: true,\n    lwd: \"26 Dec 2024\"\n  }\n}).then(response => {\n  expect(response.status).to.eq(200);\n  expect(response.body.data).to.have.property('status', 'Approved');\n});",
              "err": {
                "message": "CypressError: `cy.request()` failed on:\n\nhttp://localhost:5000/api/admin/conclude_resignation\n\nThe response we received from your web server was:\n\n  > 404: Not Found\n\nThis was considered a failure because the status code was not `2xx` or `3xx`.\n\nIf you do not want status codes to cause failures pass the option: `failOnStatusCode: false`\n\n-----------------------------------------------------------\n\nThe request we sent was:\n\nMethod: PUT\nURL: http://localhost:5000/api/admin/conclude_resignation\nHeaders: {\n  \"Connection\": \"keep-alive\",\n  \"Authorization\": \"eyJhbGciOiJIUzI1NiIsInR5cCI6IkpXVCJ9.eyJpZCI6IjY4M2I1NGUyNTEwYTk3MzkzZjExM2IzZSIsInJvbGUiOiJIUiIsImlhdCI6MTc0ODcyMDI2NCwiZXhwIjoxNzQ5MzI1MDY0fQ.9BBx-6oyB7mQy4Xb8IqJM5oMJ1e0GUb_KREqOuscAIQ\",\n  \"user-agent\": \"Mozilla/5.0 (Windows NT 10.0; Win64; x64) AppleWebKit/537.36 (KHTML, like Gecko) Cypress/13.17.0 Chrome/118.0.5993.159 Electron/27.3.10 Safari/537.36\",\n  \"accept\": \"*/*\",\n  \"accept-encoding\": \"gzip, deflate\",\n  \"content-type\": \"application/json\",\n  \"content-length\": 37\n}\nBody: {\"approved\":true,\"lwd\":\"26 Dec 2024\"}\n\n-----------------------------------------------------------\n\nThe response we got was:\n\nStatus: 404 - Not Found\nHeaders: {\n  \"x-powered-by\": \"Express\",\n  \"content-type\": \"application/json; charset=utf-8\",\n  \"content-length\": \"33\",\n  \"etag\": \"W/\\\"21-T4tcEIk6FAE0xVhBru64tcBXdzM\\\"\",\n  \"date\": \"Sat, 31 May 2025 19:37:45 GMT\",\n  \"connection\": \"keep-alive\",\n  \"keep-alive\": \"timeout=5\"\n}\nBody: {\n  \"error\": \"Resignation not found\"\n}\n\n\nhttps://on.cypress.io/request",
                "estack": "CypressError: `cy.request()` failed on:\n\nhttp://localhost:5000/api/admin/conclude_resignation\n\nThe response we received from your web server was:\n\n  > 404: Not Found\n\nThis was considered a failure because the status code was not `2xx` or `3xx`.\n\nIf you do not want status codes to cause failures pass the option: `failOnStatusCode: false`\n\n-----------------------------------------------------------\n\nThe request we sent was:\n\nMethod: PUT\nURL: http://localhost:5000/api/admin/conclude_resignation\nHeaders: {\n  \"Connection\": \"keep-alive\",\n  \"Authorization\": \"eyJhbGciOiJIUzI1NiIsInR5cCI6IkpXVCJ9.eyJpZCI6IjY4M2I1NGUyNTEwYTk3MzkzZjExM2IzZSIsInJvbGUiOiJIUiIsImlhdCI6MTc0ODcyMDI2NCwiZXhwIjoxNzQ5MzI1MDY0fQ.9BBx-6oyB7mQy4Xb8IqJM5oMJ1e0GUb_KREqOuscAIQ\",\n  \"user-agent\": \"Mozilla/5.0 (Windows NT 10.0; Win64; x64) AppleWebKit/537.36 (KHTML, like Gecko) Cypress/13.17.0 Chrome/118.0.5993.159 Electron/27.3.10 Safari/537.36\",\n  \"accept\": \"*/*\",\n  \"accept-encoding\": \"gzip, deflate\",\n  \"content-type\": \"application/json\",\n  \"content-length\": 37\n}\nBody: {\"approved\":true,\"lwd\":\"26 Dec 2024\"}\n\n-----------------------------------------------------------\n\nThe response we got was:\n\nStatus: 404 - Not Found\nHeaders: {\n  \"x-powered-by\": \"Express\",\n  \"content-type\": \"application/json; charset=utf-8\",\n  \"content-length\": \"33\",\n  \"etag\": \"W/\\\"21-T4tcEIk6FAE0xVhBru64tcBXdzM\\\"\",\n  \"date\": \"Sat, 31 May 2025 19:37:45 GMT\",\n  \"connection\": \"keep-alive\",\n  \"keep-alive\": \"timeout=5\"\n}\nBody: {\n  \"error\": \"Resignation not found\"\n}\n\n\nhttps://on.cypress.io/request\n    at <unknown> (https://exit-kxgu.onrender.com/__cypress/runner/cypress_runner.js:132876:72)\n    at tryCatcher (https://exit-kxgu.onrender.com/__cypress/runner/cypress_runner.js:1830:23)\n    at Promise._settlePromiseFromHandler (https://exit-kxgu.onrender.com/__cypress/runner/cypress_runner.js:1542:31)\n    at Promise._settlePromise (https://exit-kxgu.onrender.com/__cypress/runner/cypress_runner.js:1599:18)\n    at Promise._settlePromise0 (https://exit-kxgu.onrender.com/__cypress/runner/cypress_runner.js:1644:10)\n    at Promise._settlePromises (https://exit-kxgu.onrender.com/__cypress/runner/cypress_runner.js:1724:18)\n    at _drainQueueStep (https://exit-kxgu.onrender.com/__cypress/runner/cypress_runner.js:2430:12)\n    at _drainQueue (https://exit-kxgu.onrender.com/__cypress/runner/cypress_runner.js:2423:9)\n    at Async._drainQueues (https://exit-kxgu.onrender.com/__cypress/runner/cypress_runner.js:2439:5)\n    at Async.drainQueues (https://exit-kxgu.onrender.com/__cypress/runner/cypress_runner.js:2309:14)\nFrom Your Spec Code:\n    at Context.eval (webpack://exitease/./cypress/integration/backend/backendTests.spec.js:299:7)",
                "diff": null
              },
              "uuid": "8bb288df-27d0-4d57-a703-4cd6c808a5d6",
              "parentUUID": "fb2363e5-2922-41ae-a159-93f815b5a76e",
              "isHook": false,
              "skipped": false
            },
            {
              "title": "should allow the employee to submit responses to exit questionnaire",
              "fullTitle": "Backend API Tests for Employee and Admin Role should allow the employee to submit responses to exit questionnaire",
              "timedOut": null,
              "duration": 124,
              "state": "passed",
              "speed": "fast",
              "pass": true,
              "fail": false,
              "pending": false,
              "context": null,
              "code": "cy.request({\n  method: 'POST',\n  url: `${baseUrl}/api/user/responses`,\n  headers: {\n    Authorization: employeeToken\n  },\n  body: {\n    responses: [{\n      questionText: \"What prompted you to start looking for another job?\",\n      response: \"Lack of career growth opportunities\"\n    }, {\n      questionText: \"Would you recommend this company to others?\",\n      response: \"Yes, with some reservations\"\n    }]\n  }\n}).then(response => {\n  expect(response.status).to.eq(200);\n  expect(response.body).to.have.property('message', 'Exit interview submitted');\n});",
              "err": {},
              "uuid": "e540f3a8-83c9-45c1-abcd-7004b4032383",
              "parentUUID": "fb2363e5-2922-41ae-a159-93f815b5a76e",
              "isHook": false,
              "skipped": false
            },
            {
              "title": "should allow the admin to view all questionnaire responses",
              "fullTitle": "Backend API Tests for Employee and Admin Role should allow the admin to view all questionnaire responses",
              "timedOut": null,
              "duration": 87,
              "state": "passed",
              "speed": "fast",
              "pass": true,
              "fail": false,
              "pending": false,
              "context": null,
              "code": "cy.request({\n  method: 'GET',\n  url: `${baseUrl}/api/admin/exit_responses`,\n  headers: {\n    Authorization: adminToken\n  }\n}).then(response => {\n  expect(response.status).to.eq(200);\n  expect(response.body.data).to.be.an('array');\n  expect(response.body.data[0]).to.have.property('employeeId');\n  expect(response.body.data[0]).to.have.property('responses').that.is.an('array');\n});",
              "err": {},
              "uuid": "f5f21cd1-8e36-4182-ac38-e7730eb090c4",
              "parentUUID": "fb2363e5-2922-41ae-a159-93f815b5a76e",
              "isHook": false,
              "skipped": false
            }
          ],
          "suites": [],
          "passes": [
            "7b7b7db8-fb5e-409e-b3dd-2c72509f83b7",
            "dc63a4a7-dace-4fa0-8fd8-614cc12d03bf",
            "e2181d79-8bdb-4f2e-b2ce-f626bb357557",
            "e540f3a8-83c9-45c1-abcd-7004b4032383",
            "f5f21cd1-8e36-4182-ac38-e7730eb090c4"
          ],
          "failures": [
            "5d2f2247-331b-46ed-8035-1389448913b2",
            "026b89fd-05f0-4498-9be4-2984a4a28cbe",
            "8bb288df-27d0-4d57-a703-4cd6c808a5d6"
          ],
          "pending": [],
          "skipped": [],
          "duration": 1919,
          "root": false,
          "rootEmpty": false,
          "_timeout": 2000
        }
      ],
      "passes": [],
      "failures": [],
      "pending": [],
      "skipped": [],
      "duration": 0,
      "root": true,
      "rootEmpty": true,
      "_timeout": 2000
    }
  ],
  "meta": {
    "mocha": {
      "version": "7.0.1"
    },
    "mochawesome": {
      "options": {
        "quiet": false,
        "reportFilename": "my-report",
        "saveHtml": true,
        "saveJson": true,
        "consoleReporter": "spec",
        "useInlineDiffs": false,
        "code": true
      },
      "version": "7.1.3"
    },
    "marge": {
      "options": {
        "charts": true,
        "json": true,
        "reportsDir": "reports/your-reports-folder",
        "reportFilename": "my-report",
        "overwrite": false
      },
      "version": "6.2.0"
    }
  }
}