{
  "stats": {
    "suites": 1,
    "tests": 8,
    "passes": 8,
    "pending": 0,
    "failures": 0,
    "start": "2025-06-01T18:15:17.966Z",
    "end": "2025-06-01T18:15:26.597Z",
    "duration": 8631,
    "testsRegistered": 8,
    "passPercent": 100,
    "pendingPercent": 0,
    "other": 0,
    "hasOther": false,
    "skipped": 0,
    "hasSkipped": false
  },
  "results": [
    {
      "uuid": "01167007-497e-4941-99ee-bdbb86084ae3",
      "title": "",
      "fullFile": "cypress\\integration\\backend\\backendTests.spec.js",
      "file": "cypress\\integration\\backend\\backendTests.spec.js",
      "beforeHooks": [],
      "afterHooks": [],
      "tests": [],
      "suites": [
        {
          "uuid": "71f2406e-8b94-4c54-9cd1-ef301cd37c2f",
          "title": "Backend API Tests for Employee and Admin Role",
          "fullFile": "",
          "file": "",
          "beforeHooks": [],
          "afterHooks": [],
          "tests": [
            {
              "title": "should register a new employee",
              "fullTitle": "Backend API Tests for Employee and Admin Role should register a new employee",
              "timedOut": null,
              "duration": 185,
              "state": "passed",
              "speed": "fast",
              "pass": true,
              "fail": false,
              "pending": false,
              "context": null,
              "code": "cy.request(\"POST\", `${apiUrl}/auth/register`, {\n  username: employeeUsername,\n  email: employeeEmail,\n  password: employeePassword\n}).then(response => {\n  logIfBadStatus(response, 201);\n  expect(response.status).to.eq(201);\n  expect(response.body).to.have.property(\"message\", \"User registered successfully\");\n});",
              "err": {},
              "uuid": "aa7e3ebe-5d6c-4c15-8194-fea2104f508a",
              "parentUUID": "71f2406e-8b94-4c54-9cd1-ef301cd37c2f",
              "isHook": false,
              "skipped": false
            },
            {
              "title": "should login the employee with valid credentials",
              "fullTitle": "Backend API Tests for Employee and Admin Role should login the employee with valid credentials",
              "timedOut": null,
              "duration": 107,
              "state": "passed",
              "speed": "fast",
              "pass": true,
              "fail": false,
              "pending": false,
              "context": null,
              "code": "cy.request(\"POST\", `${apiUrl}/auth/login`, {\n  email: employeeEmail,\n  password: employeePassword\n}).then(response => {\n  logIfBadStatus(response, 200);\n  expect(response.status).to.eq(200);\n  expect(response.body).to.have.property(\"token\");\n  Cypress.env(\"employeeAuthToken\", response.body.token);\n});",
              "err": {},
              "uuid": "9bb7f511-0554-42b3-a3d3-932afd01bcf4",
              "parentUUID": "71f2406e-8b94-4c54-9cd1-ef301cd37c2f",
              "isHook": false,
              "skipped": false
            },
            {
              "title": "should submit resignation for an employee",
              "fullTitle": "Backend API Tests for Employee and Admin Role should submit resignation for an employee",
              "timedOut": null,
              "duration": 3812,
              "state": "passed",
              "speed": "fast",
              "pass": true,
              "fail": false,
              "pending": false,
              "context": null,
              "code": "const token = Cypress.env(\"employeeAuthToken\");\ncy.request({\n  method: \"POST\",\n  url: `${apiUrl}/user/resign`,\n  headers: {\n    Authorization: `Bearer ${token}`\n  },\n  body: {\n    intendedLastWorkingDay: \"2026-03-11T00:00:00.000Z\",\n    reason: \"nahi jana hai\"\n  },\n  failOnStatusCode: false\n}).then(response => {\n  // The API returns 201 on success\n  logIfBadStatus(response, 201);\n  expect(response.status).to.eq(201);\n  // Grab the newly created resignation _id\n  const newId = response.body.data._id;\n  expect(newId).to.be.a(\"string\").and.not.be.empty;\n  // 1) store locally so we can reference it in this file\n  employeeResignationId = newId;\n  // 2) **ALSO** push it into Cypress.env(...) so later tests can read it:\n  Cypress.env(\"employeeResignationId\", newId);\n  // (optional) print it to the console so you can confirm:\n  console.log(\"▶ employeeResignationId =\", newId);\n});",
              "err": {},
              "uuid": "44e54198-8b95-44e0-bfd7-fffeb06a7e1d",
              "parentUUID": "71f2406e-8b94-4c54-9cd1-ef301cd37c2f",
              "isHook": false,
              "skipped": false
            },
            {
              "title": "should login as admin (HR)",
              "fullTitle": "Backend API Tests for Employee and Admin Role should login as admin (HR)",
              "timedOut": null,
              "duration": 102,
              "state": "passed",
              "speed": "fast",
              "pass": true,
              "fail": false,
              "pending": false,
              "context": null,
              "code": "cy.request(\"POST\", `${apiUrl}/auth/login`, {\n  email: \"admin@example.com\",\n  // must match your deployed admin’s email\n  password: \"admin\"\n}).then(response => {\n  logIfBadStatus(response, 200);\n  expect(response.status).to.eq(200);\n  expect(response.body).to.have.property(\"token\");\n  Cypress.env(\"adminAuthToken\", response.body.token);\n});",
              "err": {},
              "uuid": "d8df6b8d-903f-4f35-9de9-3970b6c28f61",
              "parentUUID": "71f2406e-8b94-4c54-9cd1-ef301cd37c2f",
              "isHook": false,
              "skipped": false
            },
            {
              "title": "should view all resignations submitted by employees as admin",
              "fullTitle": "Backend API Tests for Employee and Admin Role should view all resignations submitted by employees as admin",
              "timedOut": null,
              "duration": 65,
              "state": "passed",
              "speed": "fast",
              "pass": true,
              "fail": false,
              "pending": false,
              "context": null,
              "code": "const token = Cypress.env(\"adminAuthToken\");\ncy.request({\n  method: \"GET\",\n  url: `${apiUrl}/admin/resignations`,\n  headers: {\n    Authorization: `Bearer ${token}`\n  },\n  failOnStatusCode: false\n}).then(response => {\n  logIfBadStatus(response, 200);\n  expect(response.status).to.eq(200);\n  expect(response.body.data).to.be.an(\"array\");\n  // Confirm that our newly‐created resignationId appears in the list\n  const found = response.body.data.some(r => r._id === employeeResignationId);\n  expect(found).to.be.true;\n});",
              "err": {},
              "uuid": "8993d31a-444e-4422-9646-4b7d24f88958",
              "parentUUID": "71f2406e-8b94-4c54-9cd1-ef301cd37c2f",
              "isHook": false,
              "skipped": false
            },
            {
              "title": "should approve the employee’s resignation as admin",
              "fullTitle": "Backend API Tests for Employee and Admin Role should approve the employee’s resignation as admin",
              "timedOut": null,
              "duration": 4107,
              "state": "passed",
              "speed": "fast",
              "pass": true,
              "fail": false,
              "pending": false,
              "context": null,
              "code": "const token = Cypress.env(\"adminAuthToken\");\ncy.request({\n  method: \"PUT\",\n  url: `${apiUrl}/admin/conclude_resignation`,\n  headers: {\n    Authorization: `Bearer ${token}`,\n    \"Content-Type\": \"application/json\"\n  },\n  body: {\n    resignationId: employeeResignationId,\n    approved: true,\n    intendedLastWorkingDay: \"2026-03-11T00:00:00.000Z\",\n    exitDate: \"2028-10-11T00:00:00.000Z\"\n  },\n  failOnStatusCode: false\n}).then(response => {\n  logIfBadStatus(response, 200);\n  expect(response.status).to.eq(200);\n  expect(response.body.data).to.have.property(\"status\", \"Approved\");\n  // Re‐store it in case anything overwrote it (not strictly required,\n  // but harmless):\n  Cypress.env(\"employeeResignationId\", response.body.data._id);\n});",
              "err": {},
              "uuid": "32c2e3a2-214a-4c37-80ee-6fc3943b36da",
              "parentUUID": "71f2406e-8b94-4c54-9cd1-ef301cd37c2f",
              "isHook": false,
              "skipped": false
            },
            {
              "title": "should allow the employee to submit responses to exit questionnaire",
              "fullTitle": "Backend API Tests for Employee and Admin Role should allow the employee to submit responses to exit questionnaire",
              "timedOut": null,
              "duration": 77,
              "state": "passed",
              "speed": "fast",
              "pass": true,
              "fail": false,
              "pending": false,
              "context": null,
              "code": "const token = Cypress.env(\"employeeAuthToken\");\nconst resignationId = Cypress.env(\"employeeResignationId\");\n// └── if this is still undefined, Cypress will immediately error out.\n// Debug: print it to the Cypress console so you can confirm it's set\nconsole.log(\"▶ About to POST exit responses for resignationId =\", resignationId);\ncy.request({\n  method: \"POST\",\n  url: `${apiUrl}/user/responses`,\n  headers: {\n    Authorization: `Bearer ${token}`,\n    \"Content-Type\": \"application/json\"\n  },\n  body: {\n    resignationId,\n    responses: [{\n      questionText: \"What prompted you to start looking for another job?\",\n      response: \"Lack of career growth opportunities\"\n    }, {\n      questionText: \"Would you recommend this company to others?\",\n      response: \"Yes, with some reservations\"\n    }]\n  },\n  failOnStatusCode: false\n}).then(response => {\n  // The controller returns 201 on success\n  logIfBadStatus(response, 201);\n  expect(response.status).to.eq(201);\n  expect(response.body).to.have.property(\"message\", \"Exit interview submitted\");\n  const {\n    data\n  } = response.body;\n  // Make sure the returned document has at least these fields:\n  expect(data).to.have.property(\"resignation\", resignationId);\n  expect(data).to.have.property(\"employee\");\n  expect(data).to.have.property(\"responses\");\n  expect(data.responses).to.be.an(\"array\").and.have.length(2);\n});",
              "err": {},
              "uuid": "8de887a4-8791-495c-8394-4efdb8a80f47",
              "parentUUID": "71f2406e-8b94-4c54-9cd1-ef301cd37c2f",
              "isHook": false,
              "skipped": false
            },
            {
              "title": "should allow the admin to view all questionnaire responses",
              "fullTitle": "Backend API Tests for Employee and Admin Role should allow the admin to view all questionnaire responses",
              "timedOut": null,
              "duration": 38,
              "state": "passed",
              "speed": "fast",
              "pass": true,
              "fail": false,
              "pending": false,
              "context": null,
              "code": "const token = Cypress.env(\"adminAuthToken\");\nconst resignationId = Cypress.env(\"employeeResignationId\");\nconsole.log(\"▶ About to GET exit_responses; looking for resignationId =\", resignationId);\ncy.request({\n  method: \"GET\",\n  url: `${apiUrl}/admin/exit_responses`,\n  headers: {\n    Authorization: `Bearer ${token}`\n  },\n  failOnStatusCode: false\n}).then(response => {\n  logIfBadStatus(response, 200);\n  expect(response.status).to.eq(200);\n  expect(response.body.data).to.be.an(\"array\");\n  // Find the entry whose `.resignation` matches our ID:\n  const found = response.body.data.find(item => {\n    return item.resignation && typeof item.resignation === 'object' && item.resignation._id === resignationId;\n  });\n  expect(found, `Responses for resignationId ${resignationId} not found`).to.exist;\n});",
              "err": {},
              "uuid": "fd44a7a6-6d37-4b21-a626-abf52d5efc82",
              "parentUUID": "71f2406e-8b94-4c54-9cd1-ef301cd37c2f",
              "isHook": false,
              "skipped": false
            }
          ],
          "suites": [],
          "passes": [
            "aa7e3ebe-5d6c-4c15-8194-fea2104f508a",
            "9bb7f511-0554-42b3-a3d3-932afd01bcf4",
            "44e54198-8b95-44e0-bfd7-fffeb06a7e1d",
            "d8df6b8d-903f-4f35-9de9-3970b6c28f61",
            "8993d31a-444e-4422-9646-4b7d24f88958",
            "32c2e3a2-214a-4c37-80ee-6fc3943b36da",
            "8de887a4-8791-495c-8394-4efdb8a80f47",
            "fd44a7a6-6d37-4b21-a626-abf52d5efc82"
          ],
          "failures": [],
          "pending": [],
          "skipped": [],
          "duration": 8493,
          "root": false,
          "rootEmpty": false,
          "_timeout": 2000
        }
      ],
      "passes": [],
      "failures": [],
      "pending": [],
      "skipped": [],
      "duration": 0,
      "root": true,
      "rootEmpty": true,
      "_timeout": 2000
    }
  ],
  "meta": {
    "mocha": {
      "version": "7.0.1"
    },
    "mochawesome": {
      "options": {
        "quiet": false,
        "reportFilename": "my-report",
        "saveHtml": true,
        "saveJson": true,
        "consoleReporter": "spec",
        "useInlineDiffs": false,
        "code": true
      },
      "version": "7.1.3"
    },
    "marge": {
      "options": {
        "charts": true,
        "json": true,
        "reportsDir": "reports/your-reports-folder",
        "reportFilename": "my-report",
        "overwrite": false
      },
      "version": "6.2.0"
    }
  }
}