{
  "stats": {
    "suites": 1,
    "tests": 7,
    "passes": 3,
    "pending": 2,
    "failures": 2,
    "start": "2025-06-01T12:20:09.429Z",
    "end": "2025-06-01T12:20:16.517Z",
    "duration": 7088,
    "testsRegistered": 8,
    "passPercent": 50,
    "pendingPercent": 25,
    "other": 1,
    "hasOther": true,
    "skipped": 0,
    "hasSkipped": false
  },
  "results": [
    {
      "uuid": "ed57f1ac-e57c-405e-b9ca-a5d3fe880e46",
      "title": "",
      "fullFile": "cypress\\integration\\backend\\backendTests.spec.js",
      "file": "cypress\\integration\\backend\\backendTests.spec.js",
      "beforeHooks": [],
      "afterHooks": [],
      "tests": [],
      "suites": [
        {
          "uuid": "5b837e91-2d9b-4941-b2cd-bd2d183c4b0d",
          "title": "Backend API Tests for Employee and Admin Role",
          "fullFile": "",
          "file": "",
          "beforeHooks": [],
          "afterHooks": [],
          "tests": [
            {
              "title": "should register a new employee",
              "fullTitle": "Backend API Tests for Employee and Admin Role should register a new employee",
              "timedOut": null,
              "duration": 1587,
              "state": "passed",
              "speed": "fast",
              "pass": true,
              "fail": false,
              "pending": false,
              "context": null,
              "code": "cy.request({\n  method: \"POST\",\n  url: `${apiUrl}/auth/register`,\n  body: {\n    username: employeeUsername,\n    email: employeeEmail,\n    password: employeePassword\n  },\n  failOnStatusCode: false\n}).then(response => {\n  logIfBadStatus(response, 201);\n  expect(response.status).to.eq(201);\n  expect(response.body).to.have.property(\"message\", \"User registered successfully\");\n});",
              "err": {},
              "uuid": "ac400624-ee6f-4023-aa8f-73d01f7a6327",
              "parentUUID": "5b837e91-2d9b-4941-b2cd-bd2d183c4b0d",
              "isHook": false,
              "skipped": false
            },
            {
              "title": "should login the employee with valid credentials",
              "fullTitle": "Backend API Tests for Employee and Admin Role should login the employee with valid credentials",
              "timedOut": null,
              "duration": 1053,
              "state": "passed",
              "speed": "fast",
              "pass": true,
              "fail": false,
              "pending": false,
              "context": null,
              "code": "cy.request({\n  method: \"POST\",\n  url: `${apiUrl}/auth/login`,\n  body: {\n    email: employeeEmail,\n    password: employeePassword\n  },\n  failOnStatusCode: false\n}).then(response => {\n  logIfBadStatus(response, 200);\n  expect(response.status).to.eq(200);\n  expect(response.body).to.have.property(\"token\");\n  // Store the raw JWT for later\n  Cypress.env(\"employeeAuthToken\", response.body.token);\n});",
              "err": {},
              "uuid": "114b219f-06c5-46d9-b48b-259176fbefb9",
              "parentUUID": "5b837e91-2d9b-4941-b2cd-bd2d183c4b0d",
              "isHook": false,
              "skipped": false
            },
            {
              "title": "should submit resignation for an employee",
              "fullTitle": "Backend API Tests for Employee and Admin Role should submit resignation for an employee",
              "timedOut": null,
              "duration": 804,
              "state": "failed",
              "speed": null,
              "pass": false,
              "fail": true,
              "pending": false,
              "context": null,
              "code": "const token = Cypress.env(\"employeeAuthToken\");\ncy.request({\n  method: \"POST\",\n  url: `${apiUrl}/user/resign`,\n  headers: {\n    Authorization: `Bearer ${token}`\n  },\n  body: {\n    intendedLastWorkingDay: \"2024-12-26\"\n  },\n  failOnStatusCode: false\n}).then(response => {\n  logIfBadStatus(response, 200);\n  expect(response.status).to.eq(200);\n  expect(response.body).to.have.nested.property(\"data.resignation._id\");\n  employeeResignationId = response.body.data.resignation._id;\n});",
              "err": {
                "message": "TypeError: Cannot read properties of undefined (reading 'method')",
                "estack": "TypeError: Cannot read properties of undefined (reading 'method')\n    at logIfBadStatus (webpack://exitease/./cypress/integration/backend/backendTests.spec.js:28:57)\n    at Context.eval (webpack://exitease/./cypress/integration/backend/backendTests.spec.js:87:6)",
                "diff": null
              },
              "uuid": "714ea3a6-9563-474d-933f-99bbb10b4df7",
              "parentUUID": "5b837e91-2d9b-4941-b2cd-bd2d183c4b0d",
              "isHook": false,
              "skipped": false
            },
            {
              "title": "should login as admin (HR)",
              "fullTitle": "Backend API Tests for Employee and Admin Role should login as admin (HR)",
              "timedOut": null,
              "duration": 1005,
              "state": "passed",
              "speed": "fast",
              "pass": true,
              "fail": false,
              "pending": false,
              "context": null,
              "code": "cy.request({\n  method: \"POST\",\n  url: `${apiUrl}/auth/login`,\n  body: {\n    email: \"admin@example.com\",\n    password: \"admin\"\n  },\n  failOnStatusCode: false\n}).then(response => {\n  logIfBadStatus(response, 200);\n  expect(response.status).to.eq(200);\n  expect(response.body).to.have.property(\"token\");\n  Cypress.env(\"adminAuthToken\", response.body.token);\n});",
              "err": {},
              "uuid": "c4f14849-b44f-49e3-beca-8a7a588291fe",
              "parentUUID": "5b837e91-2d9b-4941-b2cd-bd2d183c4b0d",
              "isHook": false,
              "skipped": false
            },
            {
              "title": "should view all resignations submitted by employees as admin",
              "fullTitle": "Backend API Tests for Employee and Admin Role should view all resignations submitted by employees as admin",
              "timedOut": null,
              "duration": 1696,
              "state": "failed",
              "speed": null,
              "pass": false,
              "fail": true,
              "pending": false,
              "context": null,
              "code": "const token = Cypress.env(\"adminAuthToken\");\ncy.request({\n  method: \"GET\",\n  url: `${apiUrl}/admin/resignations`,\n  headers: {\n    Authorization: `Bearer ${token}`\n  },\n  failOnStatusCode: false\n}).then(response => {\n  logIfBadStatus(response, 200);\n  expect(response.status).to.eq(200);\n  expect(response.body.data).to.be.an(\"array\");\n  const found = response.body.data.some(r => r._id === employeeResignationId);\n  expect(found).to.be.true;\n});",
              "err": {
                "message": "AssertionError: expected false to be true",
                "estack": "AssertionError: expected false to be true\n    at Context.eval (webpack://exitease/./cypress/integration/backend/backendTests.spec.js:129:26)",
                "diff": null
              },
              "uuid": "6e04e858-645f-4b12-833f-23cb965f5876",
              "parentUUID": "5b837e91-2d9b-4941-b2cd-bd2d183c4b0d",
              "isHook": false,
              "skipped": false
            },
            {
              "title": "should approve the employee’s resignation as admin",
              "fullTitle": "Backend API Tests for Employee and Admin Role should approve the employee’s resignation as admin",
              "timedOut": null,
              "duration": 662,
              "state": "failed",
              "speed": null,
              "pass": false,
              "fail": true,
              "pending": false,
              "context": null,
              "code": "const token = Cypress.env(\"adminAuthToken\");\ncy.request({\n  method: \"PUT\",\n  url: `${apiUrl}/admin/conclude_resignation`,\n  headers: {\n    Authorization: `Bearer ${token}`,\n    \"Content-Type\": \"application/json\"\n  },\n  body: {\n    resignationId: employeeResignationId,\n    approved: true,\n    intendedLastWorkingDay: \"2024-12-26\",\n    exitDate: \"2025-01-05\"\n  },\n  failOnStatusCode: false\n}).then(response => {\n  logIfBadStatus(response, 200);\n  expect(response.status).to.eq(200);\n  expect(response.body.data).to.have.property(\"status\", \"Approved\");\n});",
              "err": {
                "message": "TypeError: Cannot read properties of undefined (reading 'method')",
                "estack": "TypeError: Cannot read properties of undefined (reading 'method')\n    at logIfBadStatus (webpack://exitease/./cypress/integration/backend/backendTests.spec.js:28:57)\n    at Context.eval (webpack://exitease/./cypress/integration/backend/backendTests.spec.js:151:6)",
                "diff": null
              },
              "uuid": "f409248a-b9b4-4bd1-86e1-8d7f0f7c6d88",
              "parentUUID": "5b837e91-2d9b-4941-b2cd-bd2d183c4b0d",
              "isHook": false,
              "skipped": false
            },
            {
              "title": "should allow the employee to submit responses to exit questionnaire",
              "fullTitle": "Backend API Tests for Employee and Admin Role should allow the employee to submit responses to exit questionnaire",
              "timedOut": null,
              "duration": 0,
              "state": "pending",
              "speed": null,
              "pass": false,
              "fail": false,
              "pending": true,
              "context": null,
              "code": "const token = Cypress.env(\"employeeAuthToken\");\ncy.request({\n  method: \"POST\",\n  url: `${apiUrl}/user/responses`,\n  headers: {\n    Authorization: `Bearer ${token}`,\n    \"Content-Type\": \"application/json\"\n  },\n  body: {\n    resignationId: employeeResignationId,\n    responses: [{\n      questionText: \"What prompted you to start looking for another job?\",\n      response: \"Lack of career growth opportunities\"\n    }, {\n      questionText: \"Would you recommend this company to others?\",\n      response: \"Yes, with some reservations\"\n    }]\n  },\n  failOnStatusCode: false\n}).then(response => {\n  logIfBadStatus(response, 200);\n  expect(response.status).to.eq(200);\n  expect(response.body.data).to.have.property(\"resignationId\", employeeResignationId);\n});",
              "err": {},
              "uuid": "3bac162f-e06c-4ea2-9c58-125e77cba3f6",
              "parentUUID": "5b837e91-2d9b-4941-b2cd-bd2d183c4b0d",
              "isHook": false,
              "skipped": false
            },
            {
              "title": "should allow the admin to view all questionnaire responses",
              "fullTitle": "Backend API Tests for Employee and Admin Role should allow the admin to view all questionnaire responses",
              "timedOut": null,
              "duration": 0,
              "state": "pending",
              "speed": null,
              "pass": false,
              "fail": false,
              "pending": true,
              "context": null,
              "code": "const token = Cypress.env(\"adminAuthToken\");\ncy.request({\n  method: \"GET\",\n  url: `${apiUrl}/admin/exit_responses`,\n  headers: {\n    Authorization: `Bearer ${token}`\n  },\n  failOnStatusCode: false\n}).then(response => {\n  logIfBadStatus(response, 200);\n  expect(response.status).to.eq(200);\n  expect(response.body.data).to.be.an(\"array\");\n  const expected = [{\n    questionText: \"What prompted you to start looking for another job?\",\n    response: \"Lack of career growth opportunities\"\n  }, {\n    questionText: \"Would you recommend this company to others?\",\n    response: \"Yes, with some reservations\"\n  }];\n  const found = response.body.data.some(item => {\n    if (item.resignationId !== employeeResignationId) return false;\n    return Array.isArray(item.responses) && item.responses.length === expected.length && item.responses.every((resp, i) => {\n      return resp.questionText === expected[i].questionText && resp.response === expected[i].response;\n    });\n  });\n  expect(found).to.be.true;\n});",
              "err": {},
              "uuid": "76494837-c057-477f-a5af-f3c050bd015d",
              "parentUUID": "5b837e91-2d9b-4941-b2cd-bd2d183c4b0d",
              "isHook": false,
              "skipped": false
            }
          ],
          "suites": [],
          "passes": [
            "ac400624-ee6f-4023-aa8f-73d01f7a6327",
            "114b219f-06c5-46d9-b48b-259176fbefb9",
            "c4f14849-b44f-49e3-beca-8a7a588291fe"
          ],
          "failures": [
            "714ea3a6-9563-474d-933f-99bbb10b4df7",
            "6e04e858-645f-4b12-833f-23cb965f5876",
            "f409248a-b9b4-4bd1-86e1-8d7f0f7c6d88"
          ],
          "pending": [
            "3bac162f-e06c-4ea2-9c58-125e77cba3f6",
            "76494837-c057-477f-a5af-f3c050bd015d"
          ],
          "skipped": [],
          "duration": 6807,
          "root": false,
          "rootEmpty": false,
          "_timeout": 2000
        }
      ],
      "passes": [],
      "failures": [],
      "pending": [],
      "skipped": [],
      "duration": 0,
      "root": true,
      "rootEmpty": true,
      "_timeout": 2000
    }
  ],
  "meta": {
    "mocha": {
      "version": "7.0.1"
    },
    "mochawesome": {
      "options": {
        "quiet": false,
        "reportFilename": "my-report",
        "saveHtml": true,
        "saveJson": true,
        "consoleReporter": "spec",
        "useInlineDiffs": false,
        "code": true
      },
      "version": "7.1.3"
    },
    "marge": {
      "options": {
        "charts": true,
        "json": true,
        "reportsDir": "reports/your-reports-folder",
        "reportFilename": "my-report",
        "overwrite": false
      },
      "version": "6.2.0"
    }
  }
}