{
  "stats": {
    "suites": 1,
    "tests": 8,
    "passes": 3,
    "pending": 0,
    "failures": 5,
    "start": "2025-06-01T14:03:55.516Z",
    "end": "2025-06-01T14:04:03.682Z",
    "duration": 8166,
    "testsRegistered": 8,
    "passPercent": 37.5,
    "pendingPercent": 0,
    "other": 0,
    "hasOther": false,
    "skipped": 0,
    "hasSkipped": false
  },
  "results": [
    {
      "uuid": "6e9c17f4-06fa-4e1c-b45f-b7ec6258dd34",
      "title": "",
      "fullFile": "cypress\\integration\\backend\\backendTests.spec.js",
      "file": "cypress\\integration\\backend\\backendTests.spec.js",
      "beforeHooks": [],
      "afterHooks": [],
      "tests": [],
      "suites": [
        {
          "uuid": "7b53151a-762e-4767-8a6a-87bcca3a9ee0",
          "title": "Backend API Tests for Employee and Admin Role",
          "fullFile": "",
          "file": "",
          "beforeHooks": [],
          "afterHooks": [],
          "tests": [
            {
              "title": "should register a new employee",
              "fullTitle": "Backend API Tests for Employee and Admin Role should register a new employee",
              "timedOut": null,
              "duration": 1305,
              "state": "passed",
              "speed": "fast",
              "pass": true,
              "fail": false,
              "pending": false,
              "context": null,
              "code": "cy.request({\n  method: \"POST\",\n  url: `${apiUrl}/auth/register`,\n  body: {\n    username: employeeUsername,\n    email: employeeEmail,\n    password: employeePassword\n  },\n  failOnStatusCode: false\n}).then(response => {\n  logIfBadStatus(response, 201);\n  expect(response.status).to.eq(201);\n  expect(response.body).to.have.property(\"message\", \"User registered successfully\");\n});",
              "err": {},
              "uuid": "e2230dfb-8007-4960-8353-2c0aaffc51f7",
              "parentUUID": "7b53151a-762e-4767-8a6a-87bcca3a9ee0",
              "isHook": false,
              "skipped": false
            },
            {
              "title": "should login the employee with valid credentials",
              "fullTitle": "Backend API Tests for Employee and Admin Role should login the employee with valid credentials",
              "timedOut": null,
              "duration": 1518,
              "state": "passed",
              "speed": "fast",
              "pass": true,
              "fail": false,
              "pending": false,
              "context": null,
              "code": "cy.request({\n  method: \"POST\",\n  url: `${apiUrl}/auth/login`,\n  body: {\n    email: employeeEmail,\n    password: employeePassword\n  },\n  failOnStatusCode: false\n}).then(response => {\n  logIfBadStatus(response, 200);\n  expect(response.status).to.eq(200);\n  expect(response.body).to.have.property(\"token\");\n  Cypress.env(\"employeeAuthToken\", response.body.token);\n});",
              "err": {},
              "uuid": "97928475-4db1-47fa-9597-2a42cdd10c78",
              "parentUUID": "7b53151a-762e-4767-8a6a-87bcca3a9ee0",
              "isHook": false,
              "skipped": false
            },
            {
              "title": "should submit resignation for an employee",
              "fullTitle": "Backend API Tests for Employee and Admin Role should submit resignation for an employee",
              "timedOut": null,
              "duration": 1023,
              "state": "failed",
              "speed": null,
              "pass": false,
              "fail": true,
              "pending": false,
              "context": null,
              "code": "const token = Cypress.env(\"employeeAuthToken\");\ncy.request({\n  method: \"POST\",\n  url: `${apiUrl}/user/resign`,\n  headers: {\n    Authorization: `Bearer ${token}`\n  },\n  body: {\n    intendedLastWorkingDay: \"2026-03-11T00:00:00.000Z\",\n    reason: \"nahi jana hai\"\n  },\n  failOnStatusCode: false\n}).then(response => {\n  logIfBadStatus(response, 201);\n  expect(response.status).to.eq(201);\n  // Now the data._id is at response.body.data._id\n  expect(response.body).to.have.nested.property(\"data._id\");\n  // Check that the returned data fields match what you sent:\n  expect(response.body.data).to.include({\n    intendedLastWorkingDay: \"2026-03-11T00:00:00.000Z\",\n    reason: \"nahi jana hai\",\n    status: \"Pending\",\n    exitDate: null,\n    decidedAt: null\n  });\n  // Store for the next tests\n  employeeResignationId = response.body.data._id;\n});",
              "err": {
                "message": "AssertionError: expected { Object (employee, intendedLastWorkingDay, ...) } to have property 'reason'",
                "estack": "AssertionError: expected { Object (employee, intendedLastWorkingDay, ...) } to have property 'reason'\n    at Context.eval (webpack://exitease/./cypress/integration/backend/backendTests.spec.js:94:34)",
                "diff": null
              },
              "uuid": "b36e4cc7-0609-4bcb-9577-d60d45a76080",
              "parentUUID": "7b53151a-762e-4767-8a6a-87bcca3a9ee0",
              "isHook": false,
              "skipped": false
            },
            {
              "title": "should login as admin (HR)",
              "fullTitle": "Backend API Tests for Employee and Admin Role should login as admin (HR)",
              "timedOut": null,
              "duration": 1009,
              "state": "passed",
              "speed": "fast",
              "pass": true,
              "fail": false,
              "pending": false,
              "context": null,
              "code": "cy.request({\n  method: \"POST\",\n  url: `${apiUrl}/auth/login`,\n  body: {\n    email: \"admin@example.com\",\n    password: \"admin\"\n  },\n  failOnStatusCode: false\n}).then(response => {\n  logIfBadStatus(response, 200);\n  expect(response.status).to.eq(200);\n  expect(response.body).to.have.property(\"token\");\n  Cypress.env(\"adminAuthToken\", response.body.token);\n});",
              "err": {},
              "uuid": "d0e8ae0b-8b7d-489b-b4e4-cebf9883b3f2",
              "parentUUID": "7b53151a-762e-4767-8a6a-87bcca3a9ee0",
              "isHook": false,
              "skipped": false
            },
            {
              "title": "should view all resignations submitted by employees as admin",
              "fullTitle": "Backend API Tests for Employee and Admin Role should view all resignations submitted by employees as admin",
              "timedOut": null,
              "duration": 725,
              "state": "failed",
              "speed": null,
              "pass": false,
              "fail": true,
              "pending": false,
              "context": null,
              "code": "const token = Cypress.env(\"adminAuthToken\");\ncy.request({\n  method: \"GET\",\n  url: `${apiUrl}/admin/resignations`,\n  headers: {\n    Authorization: `Bearer ${token}`\n  },\n  failOnStatusCode: false\n}).then(response => {\n  logIfBadStatus(response, 200);\n  expect(response.status).to.eq(200);\n  expect(response.body.data).to.be.an(\"array\");\n  const found = response.body.data.some(r => r._id === employeeResignationId);\n  expect(found).to.be.true;\n});",
              "err": {
                "message": "AssertionError: expected 500 to equal 200",
                "estack": "AssertionError: expected 500 to equal 200\n    at Context.eval (webpack://exitease/./cypress/integration/backend/backendTests.spec.js:139:33)",
                "diff": "- 500\n+ 200\n"
              },
              "uuid": "f47d23c6-dbd2-45fc-9c9a-76bc3acf055f",
              "parentUUID": "7b53151a-762e-4767-8a6a-87bcca3a9ee0",
              "isHook": false,
              "skipped": false
            },
            {
              "title": "should approve the employee’s resignation as admin",
              "fullTitle": "Backend API Tests for Employee and Admin Role should approve the employee’s resignation as admin",
              "timedOut": null,
              "duration": 456,
              "state": "failed",
              "speed": null,
              "pass": false,
              "fail": true,
              "pending": false,
              "context": null,
              "code": "const token = Cypress.env(\"adminAuthToken\");\ncy.request({\n  method: \"PUT\",\n  url: `${apiUrl}/admin/conclude_resignation`,\n  headers: {\n    Authorization: `Bearer ${token}`\n    // Cypress will set “Content-Type” for you, so you can omit it here\n  },\n  body: {\n    resignationId: employeeResignationId,\n    approved: true,\n    // Use exactly the same date‐string format you verified in Postman:\n    intendedLastWorkingDay: \"2026-03-11\",\n    exitDate: \"2028-10-11\"\n  },\n  failOnStatusCode: false\n}).then(response => {\n  // dump the entire response to console first, so you can see any validation errors:\n  console.log(\"PUT /applicate→admin/conclude_resignation RESP:\", response);\n  // Now assert that server returns 200 OK\n  logIfBadStatus(response, 200);\n  expect(response.status).to.eq(200);\n  // Finally check that “status” has been updated to “Approved”:\n  expect(response.body.data).to.have.property(\"status\", \"Approved\");\n});",
              "err": {
                "message": "AssertionError: expected 500 to equal 200",
                "estack": "AssertionError: expected 500 to equal 200\n    at Context.eval (webpack://exitease/./cypress/integration/backend/backendTests.spec.js:174:31)",
                "diff": "- 500\n+ 200\n"
              },
              "uuid": "ca49b94a-b888-468b-ab50-38b03ec6205f",
              "parentUUID": "7b53151a-762e-4767-8a6a-87bcca3a9ee0",
              "isHook": false,
              "skipped": false
            },
            {
              "title": "should allow the employee to submit responses to exit questionnaire",
              "fullTitle": "Backend API Tests for Employee and Admin Role should allow the employee to submit responses to exit questionnaire",
              "timedOut": null,
              "duration": 924,
              "state": "failed",
              "speed": null,
              "pass": false,
              "fail": true,
              "pending": false,
              "context": null,
              "code": "const token = Cypress.env(\"employeeAuthToken\");\ncy.request({\n  method: \"POST\",\n  url: `${apiUrl}/user/responses`,\n  headers: {\n    Authorization: `Bearer ${token}`,\n    \"Content-Type\": \"application/json\"\n  },\n  body: {\n    resignationId: employeeResignationId,\n    responses: [{\n      questionText: \"What prompted you to start looking for another job?\",\n      response: \"Lack of career growth opportunities\"\n    }, {\n      questionText: \"Would you recommend this company to others?\",\n      response: \"Yes, with some reservations\"\n    }]\n  },\n  failOnStatusCode: false\n}).then(response => {\n  logIfBadStatus(response, 200);\n  expect(response.status).to.eq(200);\n  expect(response.body.data).to.have.property(\"resignationId\", employeeResignationId);\n});",
              "err": {
                "message": "AssertionError: Target cannot be null or undefined.",
                "estack": "AssertionError: Target cannot be null or undefined.\n    at Context.eval (webpack://exitease/./cypress/integration/backend/backendTests.spec.js:210:6)",
                "diff": null
              },
              "uuid": "f985df16-d9c6-4ed0-8e8a-f18911c49deb",
              "parentUUID": "7b53151a-762e-4767-8a6a-87bcca3a9ee0",
              "isHook": false,
              "skipped": false
            },
            {
              "title": "should allow the admin to view all questionnaire responses",
              "fullTitle": "Backend API Tests for Employee and Admin Role should allow the admin to view all questionnaire responses",
              "timedOut": null,
              "duration": 947,
              "state": "failed",
              "speed": null,
              "pass": false,
              "fail": true,
              "pending": false,
              "context": null,
              "code": "const token = Cypress.env(\"adminAuthToken\");\ncy.request({\n  method: \"GET\",\n  url: `${apiUrl}/admin/exit_responses`,\n  headers: {\n    Authorization: `Bearer ${token}`\n  },\n  failOnStatusCode: false\n}).then(response => {\n  logIfBadStatus(response, 200);\n  expect(response.status).to.eq(200);\n  expect(response.body.data).to.be.an(\"array\");\n  const expected = [{\n    questionText: \"What prompted you to start looking for another job?\",\n    response: \"Lack of career growth opportunities\"\n  }, {\n    questionText: \"Would you recommend this company to others?\",\n    response: \"Yes, with some reservations\"\n  }];\n  const found = response.body.data.some(item => {\n    if (item.resignationId !== employeeResignationId) return false;\n    return Array.isArray(item.responses) && item.responses.length === expected.length && item.responses.every((resp, i) => {\n      return resp.questionText === expected[i].questionText && resp.response === expected[i].response;\n    });\n  });\n  expect(found).to.be.true;\n});",
              "err": {
                "message": "AssertionError: expected false to be true",
                "estack": "AssertionError: expected false to be true\n    at Context.eval (webpack://exitease/./cypress/integration/backend/backendTests.spec.js:256:26)",
                "diff": null
              },
              "uuid": "b03eb169-d40b-455f-88cd-cf118aff5a40",
              "parentUUID": "7b53151a-762e-4767-8a6a-87bcca3a9ee0",
              "isHook": false,
              "skipped": false
            }
          ],
          "suites": [],
          "passes": [
            "e2230dfb-8007-4960-8353-2c0aaffc51f7",
            "97928475-4db1-47fa-9597-2a42cdd10c78",
            "d0e8ae0b-8b7d-489b-b4e4-cebf9883b3f2"
          ],
          "failures": [
            "b36e4cc7-0609-4bcb-9577-d60d45a76080",
            "f47d23c6-dbd2-45fc-9c9a-76bc3acf055f",
            "ca49b94a-b888-468b-ab50-38b03ec6205f",
            "f985df16-d9c6-4ed0-8e8a-f18911c49deb",
            "b03eb169-d40b-455f-88cd-cf118aff5a40"
          ],
          "pending": [],
          "skipped": [],
          "duration": 7907,
          "root": false,
          "rootEmpty": false,
          "_timeout": 2000
        }
      ],
      "passes": [],
      "failures": [],
      "pending": [],
      "skipped": [],
      "duration": 0,
      "root": true,
      "rootEmpty": true,
      "_timeout": 2000
    }
  ],
  "meta": {
    "mocha": {
      "version": "7.0.1"
    },
    "mochawesome": {
      "options": {
        "quiet": false,
        "reportFilename": "my-report",
        "saveHtml": true,
        "saveJson": true,
        "consoleReporter": "spec",
        "useInlineDiffs": false,
        "code": true
      },
      "version": "7.1.3"
    },
    "marge": {
      "options": {
        "charts": true,
        "json": true,
        "reportsDir": "reports/your-reports-folder",
        "reportFilename": "my-report",
        "overwrite": false
      },
      "version": "6.2.0"
    }
  }
}