{
  "stats": {
    "suites": 1,
    "tests": 8,
    "passes": 0,
    "pending": 0,
    "failures": 8,
    "start": "2025-05-31T17:59:38.182Z",
    "end": "2025-05-31T17:59:43.530Z",
    "duration": 5348,
    "testsRegistered": 8,
    "passPercent": 0,
    "pendingPercent": 0,
    "other": 0,
    "hasOther": false,
    "skipped": 0,
    "hasSkipped": false
  },
  "results": [
    {
      "uuid": "2cc54854-ed2b-4485-9504-721a0c5fffa3",
      "title": "",
      "fullFile": "cypress\\integration\\backend\\backendTests.spec.js",
      "file": "cypress\\integration\\backend\\backendTests.spec.js",
      "beforeHooks": [],
      "afterHooks": [],
      "tests": [],
      "suites": [
        {
          "uuid": "304a4d23-c182-414f-be71-6c219803c6d1",
          "title": "Backend API Tests for Employee and Admin Role",
          "fullFile": "",
          "file": "",
          "beforeHooks": [],
          "afterHooks": [],
          "tests": [
            {
              "title": "should register a new employee",
              "fullTitle": "Backend API Tests for Employee and Admin Role should register a new employee",
              "timedOut": null,
              "duration": 1210,
              "state": "failed",
              "speed": null,
              "pass": false,
              "fail": true,
              "pending": false,
              "context": null,
              "code": "cy.request(\"POST\", `${apiUrl}/auth/register`, {\n  username: employeeUsername,\n  // Use the dynamically generated username\n  password: employeePassword\n}).then(response => {\n  expect(response.status).to.eq(201);\n  expect(response.body).to.have.property(\"message\", \"User registered successfully\");\n});",
              "err": {
                "message": "CypressError: `cy.request()` failed on:\n\nhttps://exit-kxgu.onrender.com/api/auth/register\n\nThe response we received from your web server was:\n\n  > 400: Bad Request\n\nThis was considered a failure because the status code was not `2xx` or `3xx`.\n\nIf you do not want status codes to cause failures pass the option: `failOnStatusCode: false`\n\n-----------------------------------------------------------\n\nThe request we sent was:\n\nMethod: POST\nURL: https://exit-kxgu.onrender.com/api/auth/register\nHeaders: {\n  \"Connection\": \"keep-alive\",\n  \"user-agent\": \"Mozilla/5.0 (Windows NT 10.0; Win64; x64) AppleWebKit/537.36 (KHTML, like Gecko) Cypress/13.17.0 Chrome/118.0.5993.159 Electron/27.3.10 Safari/537.36\",\n  \"accept\": \"*/*\",\n  \"accept-encoding\": \"gzip, deflate\",\n  \"content-type\": \"application/json\",\n  \"content-length\": 50\n}\nBody: {\"username\":\"emp_1748714378149\",\"password\":\"emp4\"}\n\n-----------------------------------------------------------\n\nThe response we got was:\n\nStatus: 400 - Bad Request\nHeaders: {\n  \"date\": \"Sat, 31 May 2025 17:59:40 GMT\",\n  \"content-type\": \"application/json; charset=utf-8\",\n  \"transfer-encoding\": \"chunked\",\n  \"connection\": \"keep-alive\",\n  \"access-control-allow-origin\": \"*\",\n  \"etag\": \"W/\\\"8f-6djQQp39r7mAtQ4rrLyBtFQxOpI\\\"\",\n  \"rndr-id\": \"452ce6f9-09a5-482b\",\n  \"vary\": \"Accept-Encoding\",\n  \"x-powered-by\": \"Express\",\n  \"x-render-origin-server\": \"Render\",\n  \"cf-cache-status\": \"DYNAMIC\",\n  \"server\": \"cloudflare\",\n  \"cf-ray\": \"94885dc70dd63b8b-BOM\",\n  \"alt-svc\": \"h3=\\\":443\\\"; ma=86400\"\n}\nBody: {\n  \"errors\": [\n    \"\\\"username\\\" must only contain alpha-numeric characters\",\n    \"\\\"email\\\" is required\",\n    \"\\\"password\\\" should have at least 6 characters\"\n  ]\n}\n\n\nhttps://on.cypress.io/request",
                "estack": "CypressError: `cy.request()` failed on:\n\nhttps://exit-kxgu.onrender.com/api/auth/register\n\nThe response we received from your web server was:\n\n  > 400: Bad Request\n\nThis was considered a failure because the status code was not `2xx` or `3xx`.\n\nIf you do not want status codes to cause failures pass the option: `failOnStatusCode: false`\n\n-----------------------------------------------------------\n\nThe request we sent was:\n\nMethod: POST\nURL: https://exit-kxgu.onrender.com/api/auth/register\nHeaders: {\n  \"Connection\": \"keep-alive\",\n  \"user-agent\": \"Mozilla/5.0 (Windows NT 10.0; Win64; x64) AppleWebKit/537.36 (KHTML, like Gecko) Cypress/13.17.0 Chrome/118.0.5993.159 Electron/27.3.10 Safari/537.36\",\n  \"accept\": \"*/*\",\n  \"accept-encoding\": \"gzip, deflate\",\n  \"content-type\": \"application/json\",\n  \"content-length\": 50\n}\nBody: {\"username\":\"emp_1748714378149\",\"password\":\"emp4\"}\n\n-----------------------------------------------------------\n\nThe response we got was:\n\nStatus: 400 - Bad Request\nHeaders: {\n  \"date\": \"Sat, 31 May 2025 17:59:40 GMT\",\n  \"content-type\": \"application/json; charset=utf-8\",\n  \"transfer-encoding\": \"chunked\",\n  \"connection\": \"keep-alive\",\n  \"access-control-allow-origin\": \"*\",\n  \"etag\": \"W/\\\"8f-6djQQp39r7mAtQ4rrLyBtFQxOpI\\\"\",\n  \"rndr-id\": \"452ce6f9-09a5-482b\",\n  \"vary\": \"Accept-Encoding\",\n  \"x-powered-by\": \"Express\",\n  \"x-render-origin-server\": \"Render\",\n  \"cf-cache-status\": \"DYNAMIC\",\n  \"server\": \"cloudflare\",\n  \"cf-ray\": \"94885dc70dd63b8b-BOM\",\n  \"alt-svc\": \"h3=\\\":443\\\"; ma=86400\"\n}\nBody: {\n  \"errors\": [\n    \"\\\"username\\\" must only contain alpha-numeric characters\",\n    \"\\\"email\\\" is required\",\n    \"\\\"password\\\" should have at least 6 characters\"\n  ]\n}\n\n\nhttps://on.cypress.io/request\n    at <unknown> (https://exit-kxgu.onrender.com/__cypress/runner/cypress_runner.js:132876:72)\n    at tryCatcher (https://exit-kxgu.onrender.com/__cypress/runner/cypress_runner.js:1830:23)\n    at Promise._settlePromiseFromHandler (https://exit-kxgu.onrender.com/__cypress/runner/cypress_runner.js:1542:31)\n    at Promise._settlePromise (https://exit-kxgu.onrender.com/__cypress/runner/cypress_runner.js:1599:18)\n    at Promise._settlePromise0 (https://exit-kxgu.onrender.com/__cypress/runner/cypress_runner.js:1644:10)\n    at Promise._settlePromises (https://exit-kxgu.onrender.com/__cypress/runner/cypress_runner.js:1724:18)\n    at _drainQueueStep (https://exit-kxgu.onrender.com/__cypress/runner/cypress_runner.js:2430:12)\n    at _drainQueue (https://exit-kxgu.onrender.com/__cypress/runner/cypress_runner.js:2423:9)\n    at Async._drainQueues (https://exit-kxgu.onrender.com/__cypress/runner/cypress_runner.js:2439:5)\n    at Async.drainQueues (https://exit-kxgu.onrender.com/__cypress/runner/cypress_runner.js:2309:14)\nFrom Your Spec Code:\n    at Context.eval (webpack://exitease/./cypress/integration/backend/backendTests.spec.js:9:7)",
                "diff": null
              },
              "uuid": "d7f36eca-13b2-47b6-a2d5-4b0b7291f2e0",
              "parentUUID": "304a4d23-c182-414f-be71-6c219803c6d1",
              "isHook": false,
              "skipped": false
            },
            {
              "title": "should login the employee with valid credentials",
              "fullTitle": "Backend API Tests for Employee and Admin Role should login the employee with valid credentials",
              "timedOut": null,
              "duration": 478,
              "state": "failed",
              "speed": null,
              "pass": false,
              "fail": true,
              "pending": false,
              "context": null,
              "code": "cy.request(\"POST\", `${apiUrl}/auth/login`, {\n  username: employeeUsername,\n  // Use the same username as registration\n  password: employeePassword // Use the same password as registration\n}).then(response => {\n  expect(response.status).to.eq(200);\n  expect(response.body).to.have.property(\"token\");\n  Cypress.env(\"employeeAuthToken\", response.body.token); // Store token in Cypress environment variable\n});",
              "err": {
                "message": "CypressError: `cy.request()` failed on:\n\nhttps://exit-kxgu.onrender.com/api/auth/login\n\nThe response we received from your web server was:\n\n  > 400: Bad Request\n\nThis was considered a failure because the status code was not `2xx` or `3xx`.\n\nIf you do not want status codes to cause failures pass the option: `failOnStatusCode: false`\n\n-----------------------------------------------------------\n\nThe request we sent was:\n\nMethod: POST\nURL: https://exit-kxgu.onrender.com/api/auth/login\nHeaders: {\n  \"Connection\": \"keep-alive\",\n  \"user-agent\": \"Mozilla/5.0 (Windows NT 10.0; Win64; x64) AppleWebKit/537.36 (KHTML, like Gecko) Cypress/13.17.0 Chrome/118.0.5993.159 Electron/27.3.10 Safari/537.36\",\n  \"accept\": \"*/*\",\n  \"accept-encoding\": \"gzip, deflate\",\n  \"content-type\": \"application/json\",\n  \"content-length\": 50\n}\nBody: {\"username\":\"emp_1748714378149\",\"password\":\"emp4\"}\n\n-----------------------------------------------------------\n\nThe response we got was:\n\nStatus: 400 - Bad Request\nHeaders: {\n  \"date\": \"Sat, 31 May 2025 17:59:40 GMT\",\n  \"content-type\": \"application/json; charset=utf-8\",\n  \"transfer-encoding\": \"chunked\",\n  \"connection\": \"keep-alive\",\n  \"access-control-allow-origin\": \"*\",\n  \"etag\": \"W/\\\"24-TTcAeJ+EULBFxgr+gTa+EAOJ1RY\\\"\",\n  \"rndr-id\": \"3d7dff1a-de7e-4268\",\n  \"vary\": \"Accept-Encoding\",\n  \"x-powered-by\": \"Express\",\n  \"x-render-origin-server\": \"Render\",\n  \"cf-cache-status\": \"DYNAMIC\",\n  \"server\": \"cloudflare\",\n  \"cf-ray\": \"94885dcf0dff3b8b-BOM\",\n  \"alt-svc\": \"h3=\\\":443\\\"; ma=86400\"\n}\nBody: {\n  \"errors\": [\n    \"\\\"email\\\" is required\"\n  ]\n}\n\n\nhttps://on.cypress.io/request",
                "estack": "CypressError: `cy.request()` failed on:\n\nhttps://exit-kxgu.onrender.com/api/auth/login\n\nThe response we received from your web server was:\n\n  > 400: Bad Request\n\nThis was considered a failure because the status code was not `2xx` or `3xx`.\n\nIf you do not want status codes to cause failures pass the option: `failOnStatusCode: false`\n\n-----------------------------------------------------------\n\nThe request we sent was:\n\nMethod: POST\nURL: https://exit-kxgu.onrender.com/api/auth/login\nHeaders: {\n  \"Connection\": \"keep-alive\",\n  \"user-agent\": \"Mozilla/5.0 (Windows NT 10.0; Win64; x64) AppleWebKit/537.36 (KHTML, like Gecko) Cypress/13.17.0 Chrome/118.0.5993.159 Electron/27.3.10 Safari/537.36\",\n  \"accept\": \"*/*\",\n  \"accept-encoding\": \"gzip, deflate\",\n  \"content-type\": \"application/json\",\n  \"content-length\": 50\n}\nBody: {\"username\":\"emp_1748714378149\",\"password\":\"emp4\"}\n\n-----------------------------------------------------------\n\nThe response we got was:\n\nStatus: 400 - Bad Request\nHeaders: {\n  \"date\": \"Sat, 31 May 2025 17:59:40 GMT\",\n  \"content-type\": \"application/json; charset=utf-8\",\n  \"transfer-encoding\": \"chunked\",\n  \"connection\": \"keep-alive\",\n  \"access-control-allow-origin\": \"*\",\n  \"etag\": \"W/\\\"24-TTcAeJ+EULBFxgr+gTa+EAOJ1RY\\\"\",\n  \"rndr-id\": \"3d7dff1a-de7e-4268\",\n  \"vary\": \"Accept-Encoding\",\n  \"x-powered-by\": \"Express\",\n  \"x-render-origin-server\": \"Render\",\n  \"cf-cache-status\": \"DYNAMIC\",\n  \"server\": \"cloudflare\",\n  \"cf-ray\": \"94885dcf0dff3b8b-BOM\",\n  \"alt-svc\": \"h3=\\\":443\\\"; ma=86400\"\n}\nBody: {\n  \"errors\": [\n    \"\\\"email\\\" is required\"\n  ]\n}\n\n\nhttps://on.cypress.io/request\n    at <unknown> (https://exit-kxgu.onrender.com/__cypress/runner/cypress_runner.js:132876:72)\n    at tryCatcher (https://exit-kxgu.onrender.com/__cypress/runner/cypress_runner.js:1830:23)\n    at Promise._settlePromiseFromHandler (https://exit-kxgu.onrender.com/__cypress/runner/cypress_runner.js:1542:31)\n    at Promise._settlePromise (https://exit-kxgu.onrender.com/__cypress/runner/cypress_runner.js:1599:18)\n    at Promise._settlePromise0 (https://exit-kxgu.onrender.com/__cypress/runner/cypress_runner.js:1644:10)\n    at Promise._settlePromises (https://exit-kxgu.onrender.com/__cypress/runner/cypress_runner.js:1724:18)\n    at _drainQueueStep (https://exit-kxgu.onrender.com/__cypress/runner/cypress_runner.js:2430:12)\n    at _drainQueue (https://exit-kxgu.onrender.com/__cypress/runner/cypress_runner.js:2423:9)\n    at Async._drainQueues (https://exit-kxgu.onrender.com/__cypress/runner/cypress_runner.js:2439:5)\n    at Async.drainQueues (https://exit-kxgu.onrender.com/__cypress/runner/cypress_runner.js:2309:14)\nFrom Your Spec Code:\n    at Context.eval (webpack://exitease/./cypress/integration/backend/backendTests.spec.js:22:7)",
                "diff": null
              },
              "uuid": "3d56da54-aea8-44b8-8286-d80b19b5cc9d",
              "parentUUID": "304a4d23-c182-414f-be71-6c219803c6d1",
              "isHook": false,
              "skipped": false
            },
            {
              "title": "should submit resignation for an employee",
              "fullTitle": "Backend API Tests for Employee and Admin Role should submit resignation for an employee",
              "timedOut": null,
              "duration": 556,
              "state": "failed",
              "speed": null,
              "pass": false,
              "fail": true,
              "pending": false,
              "context": null,
              "code": "const token = Cypress.env(\"employeeAuthToken\"); // Retrieve token from Cypress environment variable\ncy.request({\n  method: \"POST\",\n  url: `${apiUrl}/user/resign`,\n  headers: {\n    Authorization: `${token}`\n  },\n  body: {\n    lwd: \"2024-12-26\"\n  }\n}).then(response => {\n  expect(response.status).to.eq(200);\n  employeeResignationId = response.body.data.resignation._id; // Store resignation ID for approval\n});",
              "err": {
                "message": "CypressError: `cy.request()` failed on:\n\nhttps://exit-kxgu.onrender.com/api/user/resign\n\nThe response we received from your web server was:\n\n  > 401: Unauthorized\n\nThis was considered a failure because the status code was not `2xx` or `3xx`.\n\nIf you do not want status codes to cause failures pass the option: `failOnStatusCode: false`\n\n-----------------------------------------------------------\n\nThe request we sent was:\n\nMethod: POST\nURL: https://exit-kxgu.onrender.com/api/user/resign\nHeaders: {\n  \"Connection\": \"keep-alive\",\n  \"Authorization\": \"undefined\",\n  \"user-agent\": \"Mozilla/5.0 (Windows NT 10.0; Win64; x64) AppleWebKit/537.36 (KHTML, like Gecko) Cypress/13.17.0 Chrome/118.0.5993.159 Electron/27.3.10 Safari/537.36\",\n  \"accept\": \"*/*\",\n  \"accept-encoding\": \"gzip, deflate\",\n  \"content-type\": \"application/json\",\n  \"content-length\": 20\n}\nBody: {\"lwd\":\"2024-12-26\"}\n\n-----------------------------------------------------------\n\nThe response we got was:\n\nStatus: 401 - Unauthorized\nHeaders: {\n  \"date\": \"Sat, 31 May 2025 17:59:41 GMT\",\n  \"content-type\": \"application/json; charset=utf-8\",\n  \"transfer-encoding\": \"chunked\",\n  \"connection\": \"keep-alive\",\n  \"access-control-allow-origin\": \"*\",\n  \"etag\": \"W/\\\"29-u10icmcEaUsm2on8Fz/8Htry8vU\\\"\",\n  \"rndr-id\": \"662dd9d6-20eb-4f95\",\n  \"vary\": \"Accept-Encoding\",\n  \"x-powered-by\": \"Express\",\n  \"x-render-origin-server\": \"Render\",\n  \"cf-cache-status\": \"DYNAMIC\",\n  \"server\": \"cloudflare\",\n  \"cf-ray\": \"94885dd259123b8b-BOM\",\n  \"alt-svc\": \"h3=\\\":443\\\"; ma=86400\"\n}\nBody: {\n  \"error\": \"Not authorized, token missing\"\n}\n\n\nhttps://on.cypress.io/request",
                "estack": "CypressError: `cy.request()` failed on:\n\nhttps://exit-kxgu.onrender.com/api/user/resign\n\nThe response we received from your web server was:\n\n  > 401: Unauthorized\n\nThis was considered a failure because the status code was not `2xx` or `3xx`.\n\nIf you do not want status codes to cause failures pass the option: `failOnStatusCode: false`\n\n-----------------------------------------------------------\n\nThe request we sent was:\n\nMethod: POST\nURL: https://exit-kxgu.onrender.com/api/user/resign\nHeaders: {\n  \"Connection\": \"keep-alive\",\n  \"Authorization\": \"undefined\",\n  \"user-agent\": \"Mozilla/5.0 (Windows NT 10.0; Win64; x64) AppleWebKit/537.36 (KHTML, like Gecko) Cypress/13.17.0 Chrome/118.0.5993.159 Electron/27.3.10 Safari/537.36\",\n  \"accept\": \"*/*\",\n  \"accept-encoding\": \"gzip, deflate\",\n  \"content-type\": \"application/json\",\n  \"content-length\": 20\n}\nBody: {\"lwd\":\"2024-12-26\"}\n\n-----------------------------------------------------------\n\nThe response we got was:\n\nStatus: 401 - Unauthorized\nHeaders: {\n  \"date\": \"Sat, 31 May 2025 17:59:41 GMT\",\n  \"content-type\": \"application/json; charset=utf-8\",\n  \"transfer-encoding\": \"chunked\",\n  \"connection\": \"keep-alive\",\n  \"access-control-allow-origin\": \"*\",\n  \"etag\": \"W/\\\"29-u10icmcEaUsm2on8Fz/8Htry8vU\\\"\",\n  \"rndr-id\": \"662dd9d6-20eb-4f95\",\n  \"vary\": \"Accept-Encoding\",\n  \"x-powered-by\": \"Express\",\n  \"x-render-origin-server\": \"Render\",\n  \"cf-cache-status\": \"DYNAMIC\",\n  \"server\": \"cloudflare\",\n  \"cf-ray\": \"94885dd259123b8b-BOM\",\n  \"alt-svc\": \"h3=\\\":443\\\"; ma=86400\"\n}\nBody: {\n  \"error\": \"Not authorized, token missing\"\n}\n\n\nhttps://on.cypress.io/request\n    at <unknown> (https://exit-kxgu.onrender.com/__cypress/runner/cypress_runner.js:132876:72)\n    at tryCatcher (https://exit-kxgu.onrender.com/__cypress/runner/cypress_runner.js:1830:23)\n    at Promise._settlePromiseFromHandler (https://exit-kxgu.onrender.com/__cypress/runner/cypress_runner.js:1542:31)\n    at Promise._settlePromise (https://exit-kxgu.onrender.com/__cypress/runner/cypress_runner.js:1599:18)\n    at Promise._settlePromise0 (https://exit-kxgu.onrender.com/__cypress/runner/cypress_runner.js:1644:10)\n    at Promise._settlePromises (https://exit-kxgu.onrender.com/__cypress/runner/cypress_runner.js:1724:18)\n    at _drainQueueStep (https://exit-kxgu.onrender.com/__cypress/runner/cypress_runner.js:2430:12)\n    at _drainQueue (https://exit-kxgu.onrender.com/__cypress/runner/cypress_runner.js:2423:9)\n    at Async._drainQueues (https://exit-kxgu.onrender.com/__cypress/runner/cypress_runner.js:2439:5)\n    at Async.drainQueues (https://exit-kxgu.onrender.com/__cypress/runner/cypress_runner.js:2309:14)\nFrom Your Spec Code:\n    at Context.eval (webpack://exitease/./cypress/integration/backend/backendTests.spec.js:34:7)",
                "diff": null
              },
              "uuid": "db66e612-7312-431e-9a1d-6ceed6e08b50",
              "parentUUID": "304a4d23-c182-414f-be71-6c219803c6d1",
              "isHook": false,
              "skipped": false
            },
            {
              "title": "should login as admin (HR)",
              "fullTitle": "Backend API Tests for Employee and Admin Role should login as admin (HR)",
              "timedOut": null,
              "duration": 514,
              "state": "failed",
              "speed": null,
              "pass": false,
              "fail": true,
              "pending": false,
              "context": null,
              "code": "cy.request(\"POST\", `${apiUrl}/auth/login`, {\n  username: \"admin\",\n  password: \"admin\"\n}).then(response => {\n  expect(response.status).to.eq(200);\n  expect(response.body).to.have.property(\"token\");\n  Cypress.env(\"adminAuthToken\", response.body.token); // Store admin token in Cypress environment variable\n});",
              "err": {
                "message": "CypressError: `cy.request()` failed on:\n\nhttps://exit-kxgu.onrender.com/api/auth/login\n\nThe response we received from your web server was:\n\n  > 400: Bad Request\n\nThis was considered a failure because the status code was not `2xx` or `3xx`.\n\nIf you do not want status codes to cause failures pass the option: `failOnStatusCode: false`\n\n-----------------------------------------------------------\n\nThe request we sent was:\n\nMethod: POST\nURL: https://exit-kxgu.onrender.com/api/auth/login\nHeaders: {\n  \"Connection\": \"keep-alive\",\n  \"user-agent\": \"Mozilla/5.0 (Windows NT 10.0; Win64; x64) AppleWebKit/537.36 (KHTML, like Gecko) Cypress/13.17.0 Chrome/118.0.5993.159 Electron/27.3.10 Safari/537.36\",\n  \"accept\": \"*/*\",\n  \"accept-encoding\": \"gzip, deflate\",\n  \"content-type\": \"application/json\",\n  \"content-length\": 39\n}\nBody: {\"username\":\"admin\",\"password\":\"admin\"}\n\n-----------------------------------------------------------\n\nThe response we got was:\n\nStatus: 400 - Bad Request\nHeaders: {\n  \"date\": \"Sat, 31 May 2025 17:59:42 GMT\",\n  \"content-type\": \"application/json; charset=utf-8\",\n  \"transfer-encoding\": \"chunked\",\n  \"connection\": \"keep-alive\",\n  \"access-control-allow-origin\": \"*\",\n  \"etag\": \"W/\\\"24-TTcAeJ+EULBFxgr+gTa+EAOJ1RY\\\"\",\n  \"rndr-id\": \"51a5ddf3-7a5f-4503\",\n  \"vary\": \"Accept-Encoding\",\n  \"x-powered-by\": \"Express\",\n  \"x-render-origin-server\": \"Render\",\n  \"cf-cache-status\": \"DYNAMIC\",\n  \"server\": \"cloudflare\",\n  \"cf-ray\": \"94885dd60c8a3b8b-BOM\",\n  \"alt-svc\": \"h3=\\\":443\\\"; ma=86400\"\n}\nBody: {\n  \"errors\": [\n    \"\\\"email\\\" is required\"\n  ]\n}\n\n\nhttps://on.cypress.io/request",
                "estack": "CypressError: `cy.request()` failed on:\n\nhttps://exit-kxgu.onrender.com/api/auth/login\n\nThe response we received from your web server was:\n\n  > 400: Bad Request\n\nThis was considered a failure because the status code was not `2xx` or `3xx`.\n\nIf you do not want status codes to cause failures pass the option: `failOnStatusCode: false`\n\n-----------------------------------------------------------\n\nThe request we sent was:\n\nMethod: POST\nURL: https://exit-kxgu.onrender.com/api/auth/login\nHeaders: {\n  \"Connection\": \"keep-alive\",\n  \"user-agent\": \"Mozilla/5.0 (Windows NT 10.0; Win64; x64) AppleWebKit/537.36 (KHTML, like Gecko) Cypress/13.17.0 Chrome/118.0.5993.159 Electron/27.3.10 Safari/537.36\",\n  \"accept\": \"*/*\",\n  \"accept-encoding\": \"gzip, deflate\",\n  \"content-type\": \"application/json\",\n  \"content-length\": 39\n}\nBody: {\"username\":\"admin\",\"password\":\"admin\"}\n\n-----------------------------------------------------------\n\nThe response we got was:\n\nStatus: 400 - Bad Request\nHeaders: {\n  \"date\": \"Sat, 31 May 2025 17:59:42 GMT\",\n  \"content-type\": \"application/json; charset=utf-8\",\n  \"transfer-encoding\": \"chunked\",\n  \"connection\": \"keep-alive\",\n  \"access-control-allow-origin\": \"*\",\n  \"etag\": \"W/\\\"24-TTcAeJ+EULBFxgr+gTa+EAOJ1RY\\\"\",\n  \"rndr-id\": \"51a5ddf3-7a5f-4503\",\n  \"vary\": \"Accept-Encoding\",\n  \"x-powered-by\": \"Express\",\n  \"x-render-origin-server\": \"Render\",\n  \"cf-cache-status\": \"DYNAMIC\",\n  \"server\": \"cloudflare\",\n  \"cf-ray\": \"94885dd60c8a3b8b-BOM\",\n  \"alt-svc\": \"h3=\\\":443\\\"; ma=86400\"\n}\nBody: {\n  \"errors\": [\n    \"\\\"email\\\" is required\"\n  ]\n}\n\n\nhttps://on.cypress.io/request\n    at <unknown> (https://exit-kxgu.onrender.com/__cypress/runner/cypress_runner.js:132876:72)\n    at tryCatcher (https://exit-kxgu.onrender.com/__cypress/runner/cypress_runner.js:1830:23)\n    at Promise._settlePromiseFromHandler (https://exit-kxgu.onrender.com/__cypress/runner/cypress_runner.js:1542:31)\n    at Promise._settlePromise (https://exit-kxgu.onrender.com/__cypress/runner/cypress_runner.js:1599:18)\n    at Promise._settlePromise0 (https://exit-kxgu.onrender.com/__cypress/runner/cypress_runner.js:1644:10)\n    at Promise._settlePromises (https://exit-kxgu.onrender.com/__cypress/runner/cypress_runner.js:1724:18)\n    at _drainQueueStep (https://exit-kxgu.onrender.com/__cypress/runner/cypress_runner.js:2430:12)\n    at _drainQueue (https://exit-kxgu.onrender.com/__cypress/runner/cypress_runner.js:2423:9)\n    at Async._drainQueues (https://exit-kxgu.onrender.com/__cypress/runner/cypress_runner.js:2439:5)\n    at Async.drainQueues (https://exit-kxgu.onrender.com/__cypress/runner/cypress_runner.js:2309:14)\nFrom Your Spec Code:\n    at Context.eval (webpack://exitease/./cypress/integration/backend/backendTests.spec.js:51:7)",
                "diff": null
              },
              "uuid": "2ccce18b-3403-40f9-bd39-e5510aa49e78",
              "parentUUID": "304a4d23-c182-414f-be71-6c219803c6d1",
              "isHook": false,
              "skipped": false
            },
            {
              "title": "should view all resignations submitted by employees as admin",
              "fullTitle": "Backend API Tests for Employee and Admin Role should view all resignations submitted by employees as admin",
              "timedOut": null,
              "duration": 508,
              "state": "failed",
              "speed": null,
              "pass": false,
              "fail": true,
              "pending": false,
              "context": null,
              "code": "const token = Cypress.env(\"adminAuthToken\"); // Retrieve admin token from Cypress environment variable\ncy.request({\n  method: \"GET\",\n  url: `${apiUrl}/admin/resignations`,\n  headers: {\n    Authorization: `${token}`\n  }\n}).then(response => {\n  expect(response.status).to.eq(200);\n  expect(response.body.data).to.be.an(\"array\");\n});",
              "err": {
                "message": "CypressError: `cy.request()` failed on:\n\nhttps://exit-kxgu.onrender.com/api/admin/resignations\n\nThe response we received from your web server was:\n\n  > 401: Unauthorized\n\nThis was considered a failure because the status code was not `2xx` or `3xx`.\n\nIf you do not want status codes to cause failures pass the option: `failOnStatusCode: false`\n\n-----------------------------------------------------------\n\nThe request we sent was:\n\nMethod: GET\nURL: https://exit-kxgu.onrender.com/api/admin/resignations\nHeaders: {\n  \"Connection\": \"keep-alive\",\n  \"Authorization\": \"undefined\",\n  \"user-agent\": \"Mozilla/5.0 (Windows NT 10.0; Win64; x64) AppleWebKit/537.36 (KHTML, like Gecko) Cypress/13.17.0 Chrome/118.0.5993.159 Electron/27.3.10 Safari/537.36\",\n  \"accept\": \"*/*\",\n  \"accept-encoding\": \"gzip, deflate\"\n}\n\n-----------------------------------------------------------\n\nThe response we got was:\n\nStatus: 401 - Unauthorized\nHeaders: {\n  \"date\": \"Sat, 31 May 2025 17:59:42 GMT\",\n  \"content-type\": \"application/json; charset=utf-8\",\n  \"transfer-encoding\": \"chunked\",\n  \"connection\": \"keep-alive\",\n  \"access-control-allow-origin\": \"*\",\n  \"etag\": \"W/\\\"29-u10icmcEaUsm2on8Fz/8Htry8vU\\\"\",\n  \"rndr-id\": \"c4da6cb7-e7d0-4cea\",\n  \"vary\": \"Accept-Encoding\",\n  \"x-powered-by\": \"Express\",\n  \"x-render-origin-server\": \"Render\",\n  \"cf-cache-status\": \"DYNAMIC\",\n  \"server\": \"cloudflare\",\n  \"cf-ray\": \"94885dd98f933b8b-BOM\",\n  \"alt-svc\": \"h3=\\\":443\\\"; ma=86400\"\n}\nBody: {\n  \"error\": \"Not authorized, token missing\"\n}\n\n\nhttps://on.cypress.io/request",
                "estack": "CypressError: `cy.request()` failed on:\n\nhttps://exit-kxgu.onrender.com/api/admin/resignations\n\nThe response we received from your web server was:\n\n  > 401: Unauthorized\n\nThis was considered a failure because the status code was not `2xx` or `3xx`.\n\nIf you do not want status codes to cause failures pass the option: `failOnStatusCode: false`\n\n-----------------------------------------------------------\n\nThe request we sent was:\n\nMethod: GET\nURL: https://exit-kxgu.onrender.com/api/admin/resignations\nHeaders: {\n  \"Connection\": \"keep-alive\",\n  \"Authorization\": \"undefined\",\n  \"user-agent\": \"Mozilla/5.0 (Windows NT 10.0; Win64; x64) AppleWebKit/537.36 (KHTML, like Gecko) Cypress/13.17.0 Chrome/118.0.5993.159 Electron/27.3.10 Safari/537.36\",\n  \"accept\": \"*/*\",\n  \"accept-encoding\": \"gzip, deflate\"\n}\n\n-----------------------------------------------------------\n\nThe response we got was:\n\nStatus: 401 - Unauthorized\nHeaders: {\n  \"date\": \"Sat, 31 May 2025 17:59:42 GMT\",\n  \"content-type\": \"application/json; charset=utf-8\",\n  \"transfer-encoding\": \"chunked\",\n  \"connection\": \"keep-alive\",\n  \"access-control-allow-origin\": \"*\",\n  \"etag\": \"W/\\\"29-u10icmcEaUsm2on8Fz/8Htry8vU\\\"\",\n  \"rndr-id\": \"c4da6cb7-e7d0-4cea\",\n  \"vary\": \"Accept-Encoding\",\n  \"x-powered-by\": \"Express\",\n  \"x-render-origin-server\": \"Render\",\n  \"cf-cache-status\": \"DYNAMIC\",\n  \"server\": \"cloudflare\",\n  \"cf-ray\": \"94885dd98f933b8b-BOM\",\n  \"alt-svc\": \"h3=\\\":443\\\"; ma=86400\"\n}\nBody: {\n  \"error\": \"Not authorized, token missing\"\n}\n\n\nhttps://on.cypress.io/request\n    at <unknown> (https://exit-kxgu.onrender.com/__cypress/runner/cypress_runner.js:132876:72)\n    at tryCatcher (https://exit-kxgu.onrender.com/__cypress/runner/cypress_runner.js:1830:23)\n    at Promise._settlePromiseFromHandler (https://exit-kxgu.onrender.com/__cypress/runner/cypress_runner.js:1542:31)\n    at Promise._settlePromise (https://exit-kxgu.onrender.com/__cypress/runner/cypress_runner.js:1599:18)\n    at Promise._settlePromise0 (https://exit-kxgu.onrender.com/__cypress/runner/cypress_runner.js:1644:10)\n    at Promise._settlePromises (https://exit-kxgu.onrender.com/__cypress/runner/cypress_runner.js:1724:18)\n    at _drainQueueStep (https://exit-kxgu.onrender.com/__cypress/runner/cypress_runner.js:2430:12)\n    at _drainQueue (https://exit-kxgu.onrender.com/__cypress/runner/cypress_runner.js:2423:9)\n    at Async._drainQueues (https://exit-kxgu.onrender.com/__cypress/runner/cypress_runner.js:2439:5)\n    at Async.drainQueues (https://exit-kxgu.onrender.com/__cypress/runner/cypress_runner.js:2309:14)\nFrom Your Spec Code:\n    at Context.eval (webpack://exitease/./cypress/integration/backend/backendTests.spec.js:63:7)",
                "diff": null
              },
              "uuid": "e117e0ff-7382-40d9-a56c-8d364de97386",
              "parentUUID": "304a4d23-c182-414f-be71-6c219803c6d1",
              "isHook": false,
              "skipped": false
            },
            {
              "title": "should approve the employee’s resignation as admin",
              "fullTitle": "Backend API Tests for Employee and Admin Role should approve the employee’s resignation as admin",
              "timedOut": null,
              "duration": 575,
              "state": "failed",
              "speed": null,
              "pass": false,
              "fail": true,
              "pending": false,
              "context": null,
              "code": "const token = Cypress.env(\"adminAuthToken\"); // Retrieve admin token from Cypress environment variable\ncy.request({\n  method: \"PUT\",\n  url: `${apiUrl}/admin/conclude_resignation`,\n  headers: {\n    Authorization: `${token}`\n  },\n  body: {\n    resignationId: employeeResignationId,\n    approved: true,\n    lwd: \"26 Dec 2024\"\n  }\n}).then(response => {\n  expect(response.status).to.eq(200);\n});",
              "err": {
                "message": "CypressError: `cy.request()` failed on:\n\nhttps://exit-kxgu.onrender.com/api/admin/conclude_resignation\n\nThe response we received from your web server was:\n\n  > 401: Unauthorized\n\nThis was considered a failure because the status code was not `2xx` or `3xx`.\n\nIf you do not want status codes to cause failures pass the option: `failOnStatusCode: false`\n\n-----------------------------------------------------------\n\nThe request we sent was:\n\nMethod: PUT\nURL: https://exit-kxgu.onrender.com/api/admin/conclude_resignation\nHeaders: {\n  \"Connection\": \"keep-alive\",\n  \"Authorization\": \"undefined\",\n  \"user-agent\": \"Mozilla/5.0 (Windows NT 10.0; Win64; x64) AppleWebKit/537.36 (KHTML, like Gecko) Cypress/13.17.0 Chrome/118.0.5993.159 Electron/27.3.10 Safari/537.36\",\n  \"accept\": \"*/*\",\n  \"accept-encoding\": \"gzip, deflate\",\n  \"content-type\": \"application/json\",\n  \"content-length\": 58\n}\nBody: {\"resignationId\":null,\"approved\":true,\"lwd\":\"26 Dec 2024\"}\n\n-----------------------------------------------------------\n\nThe response we got was:\n\nStatus: 401 - Unauthorized\nHeaders: {\n  \"date\": \"Sat, 31 May 2025 17:59:43 GMT\",\n  \"content-type\": \"application/json; charset=utf-8\",\n  \"transfer-encoding\": \"chunked\",\n  \"connection\": \"keep-alive\",\n  \"access-control-allow-origin\": \"*\",\n  \"etag\": \"W/\\\"29-u10icmcEaUsm2on8Fz/8Htry8vU\\\"\",\n  \"rndr-id\": \"2df79ed5-7dc9-4fdd\",\n  \"vary\": \"Accept-Encoding\",\n  \"x-powered-by\": \"Express\",\n  \"x-render-origin-server\": \"Render\",\n  \"cf-cache-status\": \"DYNAMIC\",\n  \"server\": \"cloudflare\",\n  \"cf-ray\": \"94885ddd0af73b8b-BOM\",\n  \"alt-svc\": \"h3=\\\":443\\\"; ma=86400\"\n}\nBody: {\n  \"error\": \"Not authorized, token missing\"\n}\n\n\nhttps://on.cypress.io/request",
                "estack": "CypressError: `cy.request()` failed on:\n\nhttps://exit-kxgu.onrender.com/api/admin/conclude_resignation\n\nThe response we received from your web server was:\n\n  > 401: Unauthorized\n\nThis was considered a failure because the status code was not `2xx` or `3xx`.\n\nIf you do not want status codes to cause failures pass the option: `failOnStatusCode: false`\n\n-----------------------------------------------------------\n\nThe request we sent was:\n\nMethod: PUT\nURL: https://exit-kxgu.onrender.com/api/admin/conclude_resignation\nHeaders: {\n  \"Connection\": \"keep-alive\",\n  \"Authorization\": \"undefined\",\n  \"user-agent\": \"Mozilla/5.0 (Windows NT 10.0; Win64; x64) AppleWebKit/537.36 (KHTML, like Gecko) Cypress/13.17.0 Chrome/118.0.5993.159 Electron/27.3.10 Safari/537.36\",\n  \"accept\": \"*/*\",\n  \"accept-encoding\": \"gzip, deflate\",\n  \"content-type\": \"application/json\",\n  \"content-length\": 58\n}\nBody: {\"resignationId\":null,\"approved\":true,\"lwd\":\"26 Dec 2024\"}\n\n-----------------------------------------------------------\n\nThe response we got was:\n\nStatus: 401 - Unauthorized\nHeaders: {\n  \"date\": \"Sat, 31 May 2025 17:59:43 GMT\",\n  \"content-type\": \"application/json; charset=utf-8\",\n  \"transfer-encoding\": \"chunked\",\n  \"connection\": \"keep-alive\",\n  \"access-control-allow-origin\": \"*\",\n  \"etag\": \"W/\\\"29-u10icmcEaUsm2on8Fz/8Htry8vU\\\"\",\n  \"rndr-id\": \"2df79ed5-7dc9-4fdd\",\n  \"vary\": \"Accept-Encoding\",\n  \"x-powered-by\": \"Express\",\n  \"x-render-origin-server\": \"Render\",\n  \"cf-cache-status\": \"DYNAMIC\",\n  \"server\": \"cloudflare\",\n  \"cf-ray\": \"94885ddd0af73b8b-BOM\",\n  \"alt-svc\": \"h3=\\\":443\\\"; ma=86400\"\n}\nBody: {\n  \"error\": \"Not authorized, token missing\"\n}\n\n\nhttps://on.cypress.io/request\n    at <unknown> (https://exit-kxgu.onrender.com/__cypress/runner/cypress_runner.js:132876:72)\n    at tryCatcher (https://exit-kxgu.onrender.com/__cypress/runner/cypress_runner.js:1830:23)\n    at Promise._settlePromiseFromHandler (https://exit-kxgu.onrender.com/__cypress/runner/cypress_runner.js:1542:31)\n    at Promise._settlePromise (https://exit-kxgu.onrender.com/__cypress/runner/cypress_runner.js:1599:18)\n    at Promise._settlePromise0 (https://exit-kxgu.onrender.com/__cypress/runner/cypress_runner.js:1644:10)\n    at Promise._settlePromises (https://exit-kxgu.onrender.com/__cypress/runner/cypress_runner.js:1724:18)\n    at _drainQueueStep (https://exit-kxgu.onrender.com/__cypress/runner/cypress_runner.js:2430:12)\n    at _drainQueue (https://exit-kxgu.onrender.com/__cypress/runner/cypress_runner.js:2423:9)\n    at Async._drainQueues (https://exit-kxgu.onrender.com/__cypress/runner/cypress_runner.js:2439:5)\n    at Async.drainQueues (https://exit-kxgu.onrender.com/__cypress/runner/cypress_runner.js:2309:14)\nFrom Your Spec Code:\n    at Context.eval (webpack://exitease/./cypress/integration/backend/backendTests.spec.js:77:7)",
                "diff": null
              },
              "uuid": "7c3f0f6a-cafd-4914-9de6-1a3bdfccc499",
              "parentUUID": "304a4d23-c182-414f-be71-6c219803c6d1",
              "isHook": false,
              "skipped": false
            },
            {
              "title": "should allow the employee to submit responses to exit questionnaire",
              "fullTitle": "Backend API Tests for Employee and Admin Role should allow the employee to submit responses to exit questionnaire",
              "timedOut": null,
              "duration": 535,
              "state": "failed",
              "speed": null,
              "pass": false,
              "fail": true,
              "pending": false,
              "context": null,
              "code": "const token = Cypress.env(\"employeeAuthToken\"); // Retrieve employee token from Cypress environment variable\ncy.request({\n  method: \"POST\",\n  url: `${apiUrl}/user/responses`,\n  headers: {\n    Authorization: `${token}`\n  },\n  body: {\n    responses: [{\n      questionText: \"What prompted you to start looking for another job?\",\n      response: \"Lack of career growth opportunities\"\n    }, {\n      questionText: \"Would you recommend this company to others?\",\n      response: \"Yes, with some reservations\"\n    }]\n  }\n}).then(response => {\n  expect(response.status).to.eq(200);\n});",
              "err": {
                "message": "CypressError: `cy.request()` failed on:\n\nhttps://exit-kxgu.onrender.com/api/user/responses\n\nThe response we received from your web server was:\n\n  > 404: Not Found\n\nThis was considered a failure because the status code was not `2xx` or `3xx`.\n\nIf you do not want status codes to cause failures pass the option: `failOnStatusCode: false`\n\n-----------------------------------------------------------\n\nThe request we sent was:\n\nMethod: POST\nURL: https://exit-kxgu.onrender.com/api/user/responses\nHeaders: {\n  \"Connection\": \"keep-alive\",\n  \"Authorization\": \"undefined\",\n  \"user-agent\": \"Mozilla/5.0 (Windows NT 10.0; Win64; x64) AppleWebKit/537.36 (KHTML, like Gecko) Cypress/13.17.0 Chrome/118.0.5993.159 Electron/27.3.10 Safari/537.36\",\n  \"accept\": \"*/*\",\n  \"accept-encoding\": \"gzip, deflate\",\n  \"content-type\": \"application/json\",\n  \"content-length\": 239\n}\nBody: {\"responses\":[{\"questionText\":\"What prompted you to start looking for another job?\",\"response\":\"Lack of career growth opportunities\"},{\"questionText\":\"Would you recommend this company to others?\",\"response\":\"Yes, with some reservations\"}]}\n\n-----------------------------------------------------------\n\nThe response we got was:\n\nStatus: 404 - Not Found\nHeaders: {\n  \"date\": \"Sat, 31 May 2025 17:59:43 GMT\",\n  \"content-type\": \"application/json; charset=utf-8\",\n  \"transfer-encoding\": \"chunked\",\n  \"connection\": \"keep-alive\",\n  \"access-control-allow-origin\": \"*\",\n  \"etag\": \"W/\\\"1b-772e0u4nrE48ogbR0KmKfSvrHUE\\\"\",\n  \"rndr-id\": \"393263f3-6bf4-496e\",\n  \"vary\": \"Accept-Encoding\",\n  \"x-powered-by\": \"Express\",\n  \"x-render-origin-server\": \"Render\",\n  \"cf-cache-status\": \"DYNAMIC\",\n  \"server\": \"cloudflare\",\n  \"cf-ray\": \"94885de0ee223b8b-BOM\",\n  \"content-encoding\": \"gzip\",\n  \"alt-svc\": \"h3=\\\":443\\\"; ma=86400\"\n}\nBody: {\n  \"error\": \"Route not found\"\n}\n\n\nhttps://on.cypress.io/request",
                "estack": "CypressError: `cy.request()` failed on:\n\nhttps://exit-kxgu.onrender.com/api/user/responses\n\nThe response we received from your web server was:\n\n  > 404: Not Found\n\nThis was considered a failure because the status code was not `2xx` or `3xx`.\n\nIf you do not want status codes to cause failures pass the option: `failOnStatusCode: false`\n\n-----------------------------------------------------------\n\nThe request we sent was:\n\nMethod: POST\nURL: https://exit-kxgu.onrender.com/api/user/responses\nHeaders: {\n  \"Connection\": \"keep-alive\",\n  \"Authorization\": \"undefined\",\n  \"user-agent\": \"Mozilla/5.0 (Windows NT 10.0; Win64; x64) AppleWebKit/537.36 (KHTML, like Gecko) Cypress/13.17.0 Chrome/118.0.5993.159 Electron/27.3.10 Safari/537.36\",\n  \"accept\": \"*/*\",\n  \"accept-encoding\": \"gzip, deflate\",\n  \"content-type\": \"application/json\",\n  \"content-length\": 239\n}\nBody: {\"responses\":[{\"questionText\":\"What prompted you to start looking for another job?\",\"response\":\"Lack of career growth opportunities\"},{\"questionText\":\"Would you recommend this company to others?\",\"response\":\"Yes, with some reservations\"}]}\n\n-----------------------------------------------------------\n\nThe response we got was:\n\nStatus: 404 - Not Found\nHeaders: {\n  \"date\": \"Sat, 31 May 2025 17:59:43 GMT\",\n  \"content-type\": \"application/json; charset=utf-8\",\n  \"transfer-encoding\": \"chunked\",\n  \"connection\": \"keep-alive\",\n  \"access-control-allow-origin\": \"*\",\n  \"etag\": \"W/\\\"1b-772e0u4nrE48ogbR0KmKfSvrHUE\\\"\",\n  \"rndr-id\": \"393263f3-6bf4-496e\",\n  \"vary\": \"Accept-Encoding\",\n  \"x-powered-by\": \"Express\",\n  \"x-render-origin-server\": \"Render\",\n  \"cf-cache-status\": \"DYNAMIC\",\n  \"server\": \"cloudflare\",\n  \"cf-ray\": \"94885de0ee223b8b-BOM\",\n  \"content-encoding\": \"gzip\",\n  \"alt-svc\": \"h3=\\\":443\\\"; ma=86400\"\n}\nBody: {\n  \"error\": \"Route not found\"\n}\n\n\nhttps://on.cypress.io/request\n    at <unknown> (https://exit-kxgu.onrender.com/__cypress/runner/cypress_runner.js:132876:72)\n    at tryCatcher (https://exit-kxgu.onrender.com/__cypress/runner/cypress_runner.js:1830:23)\n    at Promise._settlePromiseFromHandler (https://exit-kxgu.onrender.com/__cypress/runner/cypress_runner.js:1542:31)\n    at Promise._settlePromise (https://exit-kxgu.onrender.com/__cypress/runner/cypress_runner.js:1599:18)\n    at Promise._settlePromise0 (https://exit-kxgu.onrender.com/__cypress/runner/cypress_runner.js:1644:10)\n    at Promise._settlePromises (https://exit-kxgu.onrender.com/__cypress/runner/cypress_runner.js:1724:18)\n    at _drainQueueStep (https://exit-kxgu.onrender.com/__cypress/runner/cypress_runner.js:2430:12)\n    at _drainQueue (https://exit-kxgu.onrender.com/__cypress/runner/cypress_runner.js:2423:9)\n    at Async._drainQueues (https://exit-kxgu.onrender.com/__cypress/runner/cypress_runner.js:2439:5)\n    at Async.drainQueues (https://exit-kxgu.onrender.com/__cypress/runner/cypress_runner.js:2309:14)\nFrom Your Spec Code:\n    at Context.eval (webpack://exitease/./cypress/integration/backend/backendTests.spec.js:96:7)",
                "diff": null
              },
              "uuid": "9d85ecd0-7fa4-4ca2-8e27-1d665861542e",
              "parentUUID": "304a4d23-c182-414f-be71-6c219803c6d1",
              "isHook": false,
              "skipped": false
            },
            {
              "title": "should allow the admin to view all questionnaire responses",
              "fullTitle": "Backend API Tests for Employee and Admin Role should allow the admin to view all questionnaire responses",
              "timedOut": null,
              "duration": 555,
              "state": "failed",
              "speed": null,
              "pass": false,
              "fail": true,
              "pending": false,
              "context": null,
              "code": "const token = Cypress.env(\"adminAuthToken\"); // Retrieve admin token from Cypress environment variable\ncy.request({\n  method: \"GET\",\n  url: `${apiUrl}/admin/exit_responses`,\n  headers: {\n    Authorization: `${token}`\n  }\n}).then(response => {\n  expect(response.status).to.eq(200);\n  expect(response.body.data).to.be.an(\"array\");\n  // Find the specific response data that matches the expected responses\n  const expectedResponses = [{\n    questionText: \"What prompted you to start looking for another job?\",\n    response: \"Lack of career growth opportunities\"\n  }, {\n    questionText: \"Would you recommend this company to others?\",\n    response: \"Yes, with some reservations\"\n  }];\n  // Check if any of the data array includes the expected responses\n  const hasExpectedResponses = response.body.data.some(item => {\n    return item.responses.length === expectedResponses.length && item.responses.every((resp, index) => {\n      return resp.questionText === expectedResponses[index].questionText && resp.response === expectedResponses[index].response;\n    });\n  });\n  // Assert that the expected responses exist in the data\n  expect(hasExpectedResponses).to.be.true;\n});",
              "err": {
                "message": "CypressError: `cy.request()` failed on:\n\nhttps://exit-kxgu.onrender.com/api/admin/exit_responses\n\nThe response we received from your web server was:\n\n  > 404: Not Found\n\nThis was considered a failure because the status code was not `2xx` or `3xx`.\n\nIf you do not want status codes to cause failures pass the option: `failOnStatusCode: false`\n\n-----------------------------------------------------------\n\nThe request we sent was:\n\nMethod: GET\nURL: https://exit-kxgu.onrender.com/api/admin/exit_responses\nHeaders: {\n  \"Connection\": \"keep-alive\",\n  \"Authorization\": \"undefined\",\n  \"user-agent\": \"Mozilla/5.0 (Windows NT 10.0; Win64; x64) AppleWebKit/537.36 (KHTML, like Gecko) Cypress/13.17.0 Chrome/118.0.5993.159 Electron/27.3.10 Safari/537.36\",\n  \"accept\": \"*/*\",\n  \"accept-encoding\": \"gzip, deflate\"\n}\n\n-----------------------------------------------------------\n\nThe response we got was:\n\nStatus: 404 - Not Found\nHeaders: {\n  \"date\": \"Sat, 31 May 2025 17:59:44 GMT\",\n  \"content-type\": \"application/json; charset=utf-8\",\n  \"transfer-encoding\": \"chunked\",\n  \"connection\": \"keep-alive\",\n  \"access-control-allow-origin\": \"*\",\n  \"etag\": \"W/\\\"1b-772e0u4nrE48ogbR0KmKfSvrHUE\\\"\",\n  \"rndr-id\": \"6b909e90-69e8-41d3\",\n  \"vary\": \"Accept-Encoding\",\n  \"x-powered-by\": \"Express\",\n  \"x-render-origin-server\": \"Render\",\n  \"cf-cache-status\": \"DYNAMIC\",\n  \"server\": \"cloudflare\",\n  \"cf-ray\": \"94885de489a73b8b-BOM\",\n  \"content-encoding\": \"gzip\",\n  \"alt-svc\": \"h3=\\\":443\\\"; ma=86400\"\n}\nBody: {\n  \"error\": \"Route not found\"\n}\n\n\nhttps://on.cypress.io/request",
                "estack": "CypressError: `cy.request()` failed on:\n\nhttps://exit-kxgu.onrender.com/api/admin/exit_responses\n\nThe response we received from your web server was:\n\n  > 404: Not Found\n\nThis was considered a failure because the status code was not `2xx` or `3xx`.\n\nIf you do not want status codes to cause failures pass the option: `failOnStatusCode: false`\n\n-----------------------------------------------------------\n\nThe request we sent was:\n\nMethod: GET\nURL: https://exit-kxgu.onrender.com/api/admin/exit_responses\nHeaders: {\n  \"Connection\": \"keep-alive\",\n  \"Authorization\": \"undefined\",\n  \"user-agent\": \"Mozilla/5.0 (Windows NT 10.0; Win64; x64) AppleWebKit/537.36 (KHTML, like Gecko) Cypress/13.17.0 Chrome/118.0.5993.159 Electron/27.3.10 Safari/537.36\",\n  \"accept\": \"*/*\",\n  \"accept-encoding\": \"gzip, deflate\"\n}\n\n-----------------------------------------------------------\n\nThe response we got was:\n\nStatus: 404 - Not Found\nHeaders: {\n  \"date\": \"Sat, 31 May 2025 17:59:44 GMT\",\n  \"content-type\": \"application/json; charset=utf-8\",\n  \"transfer-encoding\": \"chunked\",\n  \"connection\": \"keep-alive\",\n  \"access-control-allow-origin\": \"*\",\n  \"etag\": \"W/\\\"1b-772e0u4nrE48ogbR0KmKfSvrHUE\\\"\",\n  \"rndr-id\": \"6b909e90-69e8-41d3\",\n  \"vary\": \"Accept-Encoding\",\n  \"x-powered-by\": \"Express\",\n  \"x-render-origin-server\": \"Render\",\n  \"cf-cache-status\": \"DYNAMIC\",\n  \"server\": \"cloudflare\",\n  \"cf-ray\": \"94885de489a73b8b-BOM\",\n  \"content-encoding\": \"gzip\",\n  \"alt-svc\": \"h3=\\\":443\\\"; ma=86400\"\n}\nBody: {\n  \"error\": \"Route not found\"\n}\n\n\nhttps://on.cypress.io/request\n    at <unknown> (https://exit-kxgu.onrender.com/__cypress/runner/cypress_runner.js:132876:72)\n    at tryCatcher (https://exit-kxgu.onrender.com/__cypress/runner/cypress_runner.js:1830:23)\n    at Promise._settlePromiseFromHandler (https://exit-kxgu.onrender.com/__cypress/runner/cypress_runner.js:1542:31)\n    at Promise._settlePromise (https://exit-kxgu.onrender.com/__cypress/runner/cypress_runner.js:1599:18)\n    at Promise._settlePromise0 (https://exit-kxgu.onrender.com/__cypress/runner/cypress_runner.js:1644:10)\n    at Promise._settlePromises (https://exit-kxgu.onrender.com/__cypress/runner/cypress_runner.js:1724:18)\n    at _drainQueueStep (https://exit-kxgu.onrender.com/__cypress/runner/cypress_runner.js:2430:12)\n    at _drainQueue (https://exit-kxgu.onrender.com/__cypress/runner/cypress_runner.js:2423:9)\n    at Async._drainQueues (https://exit-kxgu.onrender.com/__cypress/runner/cypress_runner.js:2439:5)\n    at Async.drainQueues (https://exit-kxgu.onrender.com/__cypress/runner/cypress_runner.js:2309:14)\nFrom Your Spec Code:\n    at Context.eval (webpack://exitease/./cypress/integration/backend/backendTests.spec.js:122:7)",
                "diff": null
              },
              "uuid": "09dedc3e-89d9-4e02-9a17-d89cf4c93645",
              "parentUUID": "304a4d23-c182-414f-be71-6c219803c6d1",
              "isHook": false,
              "skipped": false
            }
          ],
          "suites": [],
          "passes": [],
          "failures": [
            "d7f36eca-13b2-47b6-a2d5-4b0b7291f2e0",
            "3d56da54-aea8-44b8-8286-d80b19b5cc9d",
            "db66e612-7312-431e-9a1d-6ceed6e08b50",
            "2ccce18b-3403-40f9-bd39-e5510aa49e78",
            "e117e0ff-7382-40d9-a56c-8d364de97386",
            "7c3f0f6a-cafd-4914-9de6-1a3bdfccc499",
            "9d85ecd0-7fa4-4ca2-8e27-1d665861542e",
            "09dedc3e-89d9-4e02-9a17-d89cf4c93645"
          ],
          "pending": [],
          "skipped": [],
          "duration": 4931,
          "root": false,
          "rootEmpty": false,
          "_timeout": 2000
        }
      ],
      "passes": [],
      "failures": [],
      "pending": [],
      "skipped": [],
      "duration": 0,
      "root": true,
      "rootEmpty": true,
      "_timeout": 2000
    }
  ],
  "meta": {
    "mocha": {
      "version": "7.0.1"
    },
    "mochawesome": {
      "options": {
        "quiet": false,
        "reportFilename": "my-report",
        "saveHtml": true,
        "saveJson": true,
        "consoleReporter": "spec",
        "useInlineDiffs": false,
        "code": true
      },
      "version": "7.1.3"
    },
    "marge": {
      "options": {
        "charts": true,
        "json": true,
        "reportsDir": "reports/your-reports-folder",
        "reportFilename": "my-report",
        "overwrite": false
      },
      "version": "6.2.0"
    }
  }
}