{
  "stats": {
    "suites": 1,
    "tests": 8,
    "passes": 6,
    "pending": 0,
    "failures": 2,
    "start": "2025-06-01T18:24:16.256Z",
    "end": "2025-06-01T18:24:25.281Z",
    "duration": 9025,
    "testsRegistered": 8,
    "passPercent": 75,
    "pendingPercent": 0,
    "other": 0,
    "hasOther": false,
    "skipped": 0,
    "hasSkipped": false
  },
  "results": [
    {
      "uuid": "34015e45-0635-4efd-b952-ba24c82c94ee",
      "title": "",
      "fullFile": "cypress\\integration\\backend\\backendTests.spec.js",
      "file": "cypress\\integration\\backend\\backendTests.spec.js",
      "beforeHooks": [],
      "afterHooks": [],
      "tests": [],
      "suites": [
        {
          "uuid": "82f37a49-9573-4212-bb31-0735ba10bfec",
          "title": "Backend API Tests for Employee and Admin Role",
          "fullFile": "",
          "file": "",
          "beforeHooks": [],
          "afterHooks": [],
          "tests": [
            {
              "title": "should register a new employee",
              "fullTitle": "Backend API Tests for Employee and Admin Role should register a new employee",
              "timedOut": null,
              "duration": 2200,
              "state": "passed",
              "speed": "fast",
              "pass": true,
              "fail": false,
              "pending": false,
              "context": null,
              "code": "cy.request(\"POST\", `${apiUrl}/auth/register`, {\n  username: employeeUsername,\n  email: employeeEmail,\n  password: employeePassword\n}).then(response => {\n  logIfBadStatus(response, 201);\n  expect(response.status).to.eq(201);\n  expect(response.body).to.have.property(\"message\", \"User registered successfully\");\n});",
              "err": {},
              "uuid": "eda9ba0a-1854-48da-8e71-205a8f9379ad",
              "parentUUID": "82f37a49-9573-4212-bb31-0735ba10bfec",
              "isHook": false,
              "skipped": false
            },
            {
              "title": "should login the employee with valid credentials",
              "fullTitle": "Backend API Tests for Employee and Admin Role should login the employee with valid credentials",
              "timedOut": null,
              "duration": 1055,
              "state": "passed",
              "speed": "fast",
              "pass": true,
              "fail": false,
              "pending": false,
              "context": null,
              "code": "cy.request(\"POST\", `${apiUrl}/auth/login`, {\n  email: employeeEmail,\n  password: employeePassword\n}).then(response => {\n  logIfBadStatus(response, 200);\n  expect(response.status).to.eq(200);\n  expect(response.body).to.have.property(\"token\");\n  Cypress.env(\"employeeAuthToken\", response.body.token);\n});",
              "err": {},
              "uuid": "ea3b6708-9f98-49f5-a0cc-d3e9985f9349",
              "parentUUID": "82f37a49-9573-4212-bb31-0735ba10bfec",
              "isHook": false,
              "skipped": false
            },
            {
              "title": "should submit resignation for an employee",
              "fullTitle": "Backend API Tests for Employee and Admin Role should submit resignation for an employee",
              "timedOut": null,
              "duration": 860,
              "state": "passed",
              "speed": "fast",
              "pass": true,
              "fail": false,
              "pending": false,
              "context": null,
              "code": "const token = Cypress.env(\"employeeAuthToken\");\ncy.request({\n  method: \"POST\",\n  url: `${apiUrl}/user/resign`,\n  headers: {\n    Authorization: `Bearer ${token}`\n  },\n  body: {\n    intendedLastWorkingDay: \"2026-03-11T00:00:00.000Z\",\n    reason: \"nahi jana hai\"\n  },\n  failOnStatusCode: false\n}).then(response => {\n  // The API returns 201 on success\n  logIfBadStatus(response, 201);\n  expect(response.status).to.eq(201);\n  // Grab the newly created resignation _id\n  const newId = response.body.data._id;\n  expect(newId).to.be.a(\"string\").and.not.be.empty;\n  // 1) store locally so we can reference it in this file\n  employeeResignationId = newId;\n  // 2) **ALSO** push it into Cypress.env(...) so later tests can read it:\n  Cypress.env(\"employeeResignationId\", newId);\n  // (optional) print it to the console so you can confirm:\n  console.log(\"▶ employeeResignationId =\", newId);\n});",
              "err": {},
              "uuid": "b59886bb-a2a4-4843-8427-258f4ad3c6f3",
              "parentUUID": "82f37a49-9573-4212-bb31-0735ba10bfec",
              "isHook": false,
              "skipped": false
            },
            {
              "title": "should login as admin (HR)",
              "fullTitle": "Backend API Tests for Employee and Admin Role should login as admin (HR)",
              "timedOut": null,
              "duration": 1063,
              "state": "passed",
              "speed": "fast",
              "pass": true,
              "fail": false,
              "pending": false,
              "context": null,
              "code": "cy.request(\"POST\", `${apiUrl}/auth/login`, {\n  email: \"admin@example.com\",\n  // must match your deployed admin’s email\n  password: \"admin\"\n}).then(response => {\n  logIfBadStatus(response, 200);\n  expect(response.status).to.eq(200);\n  expect(response.body).to.have.property(\"token\");\n  Cypress.env(\"adminAuthToken\", response.body.token);\n});",
              "err": {},
              "uuid": "bf067ff9-e0cc-433d-a9fd-3805726b6fb7",
              "parentUUID": "82f37a49-9573-4212-bb31-0735ba10bfec",
              "isHook": false,
              "skipped": false
            },
            {
              "title": "should view all resignations submitted by employees as admin",
              "fullTitle": "Backend API Tests for Employee and Admin Role should view all resignations submitted by employees as admin",
              "timedOut": null,
              "duration": 872,
              "state": "passed",
              "speed": "fast",
              "pass": true,
              "fail": false,
              "pending": false,
              "context": null,
              "code": "const token = Cypress.env(\"adminAuthToken\");\ncy.request({\n  method: \"GET\",\n  url: `${apiUrl}/admin/resignations`,\n  headers: {\n    Authorization: `Bearer ${token}`\n  },\n  failOnStatusCode: false\n}).then(response => {\n  logIfBadStatus(response, 200);\n  expect(response.status).to.eq(200);\n  expect(response.body.data).to.be.an(\"array\");\n  // Confirm that our newly‐created resignationId appears in the list\n  const found = response.body.data.some(r => r._id === employeeResignationId);\n  expect(found).to.be.true;\n});",
              "err": {},
              "uuid": "cca2551d-1355-42d5-943b-0e825f0c9b9a",
              "parentUUID": "82f37a49-9573-4212-bb31-0735ba10bfec",
              "isHook": false,
              "skipped": false
            },
            {
              "title": "should approve the employee’s resignation as admin",
              "fullTitle": "Backend API Tests for Employee and Admin Role should approve the employee’s resignation as admin",
              "timedOut": null,
              "duration": 776,
              "state": "passed",
              "speed": "fast",
              "pass": true,
              "fail": false,
              "pending": false,
              "context": null,
              "code": "const token = Cypress.env(\"adminAuthToken\");\ncy.request({\n  method: \"PUT\",\n  url: `${apiUrl}/admin/conclude_resignation`,\n  headers: {\n    Authorization: `Bearer ${token}`,\n    \"Content-Type\": \"application/json\"\n  },\n  body: {\n    resignationId: employeeResignationId,\n    approved: true,\n    intendedLastWorkingDay: \"2026-03-11T00:00:00.000Z\",\n    exitDate: \"2028-10-11T00:00:00.000Z\"\n  },\n  failOnStatusCode: false\n}).then(response => {\n  logIfBadStatus(response, 200);\n  expect(response.status).to.eq(200);\n  expect(response.body.data).to.have.property(\"status\", \"Approved\");\n  // Re‐store it in case anything overwrote it (not strictly required,\n  // but harmless):\n  Cypress.env(\"employeeResignationId\", response.body.data._id);\n});",
              "err": {},
              "uuid": "22329563-3328-4497-87ee-36d4cf3d2eb3",
              "parentUUID": "82f37a49-9573-4212-bb31-0735ba10bfec",
              "isHook": false,
              "skipped": false
            },
            {
              "title": "should allow the employee to submit responses to exit questionnaire",
              "fullTitle": "Backend API Tests for Employee and Admin Role should allow the employee to submit responses to exit questionnaire",
              "timedOut": null,
              "duration": 1010,
              "state": "failed",
              "speed": null,
              "pass": false,
              "fail": true,
              "pending": false,
              "context": null,
              "code": "const token = Cypress.env(\"employeeAuthToken\");\nconst resignationId = Cypress.env(\"employeeResignationId\");\n// └── if this is still undefined, Cypress will immediately error out.\n// Debug: print it to the Cypress console so you can confirm it's set\nconsole.log(\"▶ About to POST exit responses for resignationId =\", resignationId);\ncy.request({\n  method: \"POST\",\n  url: `${apiUrl}/user/responses`,\n  headers: {\n    Authorization: `Bearer ${token}`,\n    \"Content-Type\": \"application/json\"\n  },\n  body: {\n    resignationId,\n    responses: [{\n      questionText: \"What prompted you to start looking for another job?\",\n      response: \"Lack of career growth opportunities\"\n    }, {\n      questionText: \"Would you recommend this company to others?\",\n      response: \"Yes, with some reservations\"\n    }]\n  },\n  failOnStatusCode: false\n}).then(response => {\n  // The controller returns 201 on success\n  logIfBadStatus(response, 201);\n  expect(response.status).to.eq(201);\n  expect(response.body).to.have.property(\"message\", \"Exit interview submitted\");\n  const {\n    data\n  } = response.body;\n  // Make sure the returned document has at least these fields:\n  expect(data).to.have.property(\"resignation\", resignationId);\n  expect(data).to.have.property(\"employee\");\n  expect(data).to.have.property(\"responses\");\n  expect(data.responses).to.be.an(\"array\").and.have.length(2);\n});",
              "err": {
                "message": "AssertionError: expected 200 to equal 201",
                "estack": "AssertionError: expected 200 to equal 201\n    at Context.eval (webpack://exitease/./cypress/integration/backend/backendTests.spec.js:185:33)",
                "diff": "- 200\n+ 201\n"
              },
              "uuid": "1665c25b-9a3a-4884-9ef0-706685baca44",
              "parentUUID": "82f37a49-9573-4212-bb31-0735ba10bfec",
              "isHook": false,
              "skipped": false
            },
            {
              "title": "should allow the admin to view all questionnaire responses",
              "fullTitle": "Backend API Tests for Employee and Admin Role should allow the admin to view all questionnaire responses",
              "timedOut": null,
              "duration": 973,
              "state": "failed",
              "speed": null,
              "pass": false,
              "fail": true,
              "pending": false,
              "context": null,
              "code": "const token = Cypress.env(\"adminAuthToken\");\nconst resignationId = Cypress.env(\"employeeResignationId\");\nconsole.log(\"▶ About to GET exit_responses; looking for resignationId =\", resignationId);\ncy.request({\n  method: \"GET\",\n  url: `${apiUrl}/admin/exit_responses`,\n  headers: {\n    Authorization: `Bearer ${token}`\n  },\n  failOnStatusCode: false\n}).then(response => {\n  logIfBadStatus(response, 200);\n  expect(response.status).to.eq(200);\n  expect(response.body.data).to.be.an(\"array\");\n  // Find the entry whose `.resignation` matches our ID:\n  const found = response.body.data.find(item => {\n    return item.resignation && typeof item.resignation === 'object' && item.resignation._id === resignationId;\n  });\n  expect(found, `Responses for resignationId ${resignationId} not found`).to.exist;\n});",
              "err": {
                "message": "AssertionError: Responses for resignationId 683c9ad68804d347c16c48c4 not found: expected undefined to exist",
                "estack": "AssertionError: Responses for resignationId 683c9ad68804d347c16c48c4 not found: expected undefined to exist\n    at Context.eval (webpack://exitease/./cypress/integration/backend/backendTests.spec.js:227:6)",
                "diff": null
              },
              "uuid": "87cc8855-d0ec-4b0d-aae7-95908ef74cc5",
              "parentUUID": "82f37a49-9573-4212-bb31-0735ba10bfec",
              "isHook": false,
              "skipped": false
            }
          ],
          "suites": [],
          "passes": [
            "eda9ba0a-1854-48da-8e71-205a8f9379ad",
            "ea3b6708-9f98-49f5-a0cc-d3e9985f9349",
            "b59886bb-a2a4-4843-8427-258f4ad3c6f3",
            "bf067ff9-e0cc-433d-a9fd-3805726b6fb7",
            "cca2551d-1355-42d5-943b-0e825f0c9b9a",
            "22329563-3328-4497-87ee-36d4cf3d2eb3"
          ],
          "failures": [
            "1665c25b-9a3a-4884-9ef0-706685baca44",
            "87cc8855-d0ec-4b0d-aae7-95908ef74cc5"
          ],
          "pending": [],
          "skipped": [],
          "duration": 8809,
          "root": false,
          "rootEmpty": false,
          "_timeout": 2000
        }
      ],
      "passes": [],
      "failures": [],
      "pending": [],
      "skipped": [],
      "duration": 0,
      "root": true,
      "rootEmpty": true,
      "_timeout": 2000
    }
  ],
  "meta": {
    "mocha": {
      "version": "7.0.1"
    },
    "mochawesome": {
      "options": {
        "quiet": false,
        "reportFilename": "my-report",
        "saveHtml": true,
        "saveJson": true,
        "consoleReporter": "spec",
        "useInlineDiffs": false,
        "code": true
      },
      "version": "7.1.3"
    },
    "marge": {
      "options": {
        "charts": true,
        "json": true,
        "reportsDir": "reports/your-reports-folder",
        "reportFilename": "my-report",
        "overwrite": false
      },
      "version": "6.2.0"
    }
  }
}